[00:16:00.785][info] [#0:/home/picadro/.local/share/CatNvim/mason/packages/lua-language-server/libexec/main.lua:68]: Lua Lsp startup, root: 	/home/picadro/.local/share/CatNvim/mason/packages/lua-language-server/libexec
[00:16:00.785][info] [#0:/home/picadro/.local/share/CatNvim/mason/packages/lua-language-server/libexec/main.lua:69]: ROOT:	/home/picadro/.local/share/CatNvim/mason/packages/lua-language-server/libexec
[00:16:00.785][info] [#0:/home/picadro/.local/share/CatNvim/mason/packages/lua-language-server/libexec/main.lua:70]: LOGPATH:	/home/picadro/.local/share/CatNvim/mason/packages/lua-language-server/libexec/log
[00:16:00.785][info] [#0:/home/picadro/.local/share/CatNvim/mason/packages/lua-language-server/libexec/main.lua:71]: METAPATH:	/home/picadro/.local/share/CatNvim/mason/packages/lua-language-server/libexec/meta
[00:16:00.786][info] [#0:/home/picadro/.local/share/CatNvim/mason/packages/lua-language-server/libexec/main.lua:72]: VERSION:	3.9.3
[00:16:00.823][info] [#0:script/proto/proto.lua:234]: Listen Mode: stdio
[00:16:00.823][info] [#0:script/service/service.lua:145]: 
========= Medical Examination Report =========
    --------------- Memory ---------------
        Total: 1.393 MB
        # 00 : 1.393 MB
        # 01 : 0.000 MB
        # 02 : 0.000 MB
        # 03 : 0.000 MB
        # 04 : 0.000 MB
    --------------- Coroutine ---------------
        Total:     0
        Running:   0
        Suspended: 0
        Normal:    0
        Dead:      0
    --------------- Cache ---------------
        Total: 1
        Dead:  0
    ---------------  RPC  ---------------
        Holdon:   0
        Waiting:  0
==============================================
[00:16:00.828][info] [#0:script/client.lua:657]: Client init	{
  capabilities = {
    general = {
      positionEncodings = { "utf-16" }
    },
    textDocument = {
      callHierarchy = {
        dynamicRegistration = false
      },
      codeAction = {
        codeActionLiteralSupport = {
          codeActionKind = {
            valueSet = { "", "quickfix", "refactor", "refactor.extract", "refactor.inline", "refactor.rewrite", "source", "source.organizeImports" }
          }
        },
        dataSupport = true,
        dynamicRegistration = true,
        isPreferredSupport = true,
        resolveSupport = {
          properties = { "edit" }
        }
      },
      completion = {
        completionItem = {
          commitCharactersSupport = true,
          deprecatedSupport = true,
          documentationFormat = { "markdown", "plaintext" },
          insertReplaceSupport = true,
          insertTextModeSupport = {
            valueSet = { 1, 2 }
          },
          labelDetailsSupport = true,
          preselectSupport = true,
          resolveSupport = {
            properties = { "documentation", "detail", "additionalTextEdits", "sortText", "filterText", "insertText", "textEdit", "insertTextFormat", "insertTextMode" }
          },
          snippetSupport = true,
          tagSupport = {
            valueSet = { 1 }
          }
        },
        completionItemKind = {
          valueSet = { 1, 2, 3, 4, 5, 6, 7, 8, 9, 10, 11, 12, 13, 14, 15, 16, 17, 18, 19, 20, 21, 22, 23, 24, 25 }
        },
        completionList = {
          itemDefaults = { "commitCharacters", "editRange", "insertTextFormat", "insertTextMode", "data" }
        },
        contextSupport = true,
        dynamicRegistration = false,
        insertTextMode = 1
      },
      declaration = {
        linkSupport = true
      },
      definition = {
        dynamicRegistration = true,
        linkSupport = true
      },
      diagnostic = {
        dynamicRegistration = false
      },
      documentHighlight = {
        dynamicRegistration = false
      },
      documentSymbol = {
        dynamicRegistration = false,
        hierarchicalDocumentSymbolSupport = true,
        symbolKind = {
          valueSet = { 1, 2, 3, 4, 5, 6, 7, 8, 9, 10, 11, 12, 13, 14, 15, 16, 17, 18, 19, 20, 21, 22, 23, 24, 25, 26 }
        }
      },
      formatting = {
        dynamicRegistration = true
      },
      hover = {
        contentFormat = { "markdown", "plaintext" },
        dynamicRegistration = true
      },
      implementation = {
        linkSupport = true
      },
      inlayHint = {
        dynamicRegistration = true,
        resolveSupport = {
          properties = { "textEdits", "tooltip", "location", "command" }
        }
      },
      publishDiagnostics = {
        dataSupport = true,
        relatedInformation = true,
        tagSupport = {
          valueSet = { 1, 2 }
        }
      },
      rangeFormatting = {
        dynamicRegistration = true
      },
      references = {
        dynamicRegistration = false
      },
      rename = {
        dynamicRegistration = true,
        prepareSupport = true
      },
      semanticTokens = {
        augmentsSyntaxTokens = true,
        dynamicRegistration = false,
        formats = { "relative" },
        multilineTokenSupport = false,
        overlappingTokenSupport = true,
        requests = {
          full = {
            delta = true
          },
          range = false
        },
        serverCancelSupport = false,
        tokenModifiers = { "declaration", "definition", "readonly", "static", "deprecated", "abstract", "async", "modification", "documentation", "defaultLibrary" },
        tokenTypes = { "namespace", "type", "class", "enum", "interface", "struct", "typeParameter", "parameter", "variable", "property", "enumMember", "event", "function", "method", "macro", "keyword", "modifier", "comment", "string", "number", "regexp", "operator", "decorator" }
      },
      signatureHelp = {
        dynamicRegistration = false,
        signatureInformation = {
          activeParameterSupport = true,
          documentationFormat = { "markdown", "plaintext" },
          parameterInformation = {
            labelOffsetSupport = true
          }
        }
      },
      synchronization = {
        didSave = true,
        dynamicRegistration = false,
        willSave = true,
        willSaveWaitUntil = true
      },
      typeDefinition = {
        linkSupport = true
      }
    },
    window = {
      showDocument = {
        support = true
      },
      showMessage = {
        messageActionItem = {
          additionalPropertiesSupport = false
        }
      },
      workDoneProgress = true
    },
    workspace = {
      applyEdit = true,
      configuration = true,
      didChangeConfiguration = {
        dynamicRegistration = false
      },
      didChangeWatchedFiles = {
        dynamicRegistration = false,
        relativePatternSupport = true
      },
      fileOperations = {
        didRename = true,
        willRename = true
      },
      inlayHint = {
        refreshSupport = true
      },
      semanticTokens = {
        refreshSupport = true
      },
      symbol = {
        dynamicRegistration = false,
        symbolKind = {
          valueSet = { 1, 2, 3, 4, 5, 6, 7, 8, 9, 10, 11, 12, 13, 14, 15, 16, 17, 18, 19, 20, 21, 22, 23, 24, 25, 26 }
        }
      },
      workspaceEdit = {
        resourceOperations = { "rename", "create", "delete" }
      },
      workspaceFolders = true
    }
  },
  clientInfo = {
    name = "Neovim",
    version = "0.10.0-dev+dirty"
  },
  initializationOptions = {},
  processId = 2007,
  rootPath = "/home/picadro/.local/share/CatNvim/lazy/lazy.nvim",
  rootUri = "file:///home/picadro/.local/share/CatNvim/lazy/lazy.nvim",
  trace = "off",
  workDoneToken = "1",
  workspaceFolders = { {
      name = "/home/picadro/.local/share/CatNvim/lazy/lazy.nvim",
      uri = "file:///home/picadro/.local/share/CatNvim/lazy/lazy.nvim"
    } }
}
[00:16:00.828][info] [#0:script/language.lua:137]: VSC language: nil
[00:16:00.828][info] [#0:script/language.lua:138]: LS  language: en-us
[00:16:00.828][info] [#0:script/workspace/workspace.lua:38]: Workspace init root: 	file:///home/picadro/.local/share/CatNvim/lazy/lazy.nvim
[00:16:00.828][info] [#0:script/workspace/workspace.lua:42]: Log path: 	/home/picadro/.local/share/CatNvim/mason/packages/lua-language-server/libexec/log/file_home_picadro_.local_share_CatNvim_lazy_lazy.nvim.log
[00:16:00.829][info] [#0:script/workspace/workspace.lua:48]: Workspace create: 	file:///home/picadro/.local/share/CatNvim/lazy/lazy.nvim
[00:16:01.031][info] [#0:script/provider/provider.lua:46]: Load config from client	file:///home/picadro/.local/share/CatNvim/lazy/lazy.nvim
[00:16:01.032][info] [#0:script/provider/provider.lua:47]: {
  Lua = {
    codeLens = {
      enable = true
    },
    completion = {
      callSnippet = "Replace"
    },
    doc = {
      privateName = { "^_" }
    },
    hint = {
      arrayIndex = "Disable",
      enable = true,
      paramName = "Disable",
      paramType = true,
      semicolon = "Disable",
      setType = false
    },
    workspace = {
      checkThirdParty = false
    }
  }
}
[00:16:01.032][info] [#0:script/provider/provider.lua:46]: Load config from client	file:///home/picadro/.local/share/CatNvim/lazy/lazy.nvim
[00:16:01.032][info] [#0:script/provider/provider.lua:47]: {
  Lua = {
    codeLens = {
      enable = true
    },
    completion = {
      callSnippet = "Replace"
    },
    doc = {
      privateName = { "^_" }
    },
    hint = {
      arrayIndex = "Disable",
      enable = true,
      paramName = "Disable",
      paramType = true,
      semicolon = "Disable",
      setType = false
    },
    workspace = {
      checkThirdParty = false
    }
  }
}
[00:16:01.033][warn] [#0:script/config/loader.lua:116]: No config?	{}
[00:16:01.033][info] [#0:script/provider/provider.lua:61]: Load config from client	fallback
[00:16:01.033][info] [#0:script/provider/provider.lua:62]: nil
[00:16:01.034][warn] [#0:script/config/loader.lua:116]: No config?	{}
[00:16:01.034][info] [#0:script/provider/provider.lua:61]: Load config from client	fallback
[00:16:01.034][info] [#0:script/provider/provider.lua:62]: nil
[00:16:01.170][info] [#0:script/library.lua:212]: Init builtin library at:	file:///home/picadro/.local/share/CatNvim/lazy/lazy.nvim
[00:16:01.189][info] [#0:script/library.lua:212]: Init builtin library at:	nil
[00:16:01.197][info] [#0:script/provider/provider.lua:46]: Load config from client	file:///home/picadro/.local/share/CatNvim/lazy/lazy.nvim
[00:16:01.197][info] [#0:script/provider/provider.lua:47]: {
  Lua = {
    codeLens = {
      enable = true
    },
    completion = {
      callSnippet = "Replace"
    },
    doc = {
      privateName = { "^_" }
    },
    hint = {
      arrayIndex = "Disable",
      enable = true,
      paramName = "Disable",
      paramType = true,
      semicolon = "Disable",
      setType = false
    },
    runtime = {
      path = { "?.lua", "?/init.lua" },
      pathStrict = true,
      version = "LuaJIT"
    },
    workspace = {
      checkThirdParty = false,
      ignoreDir = { "/lua" },
      library = { "/usr/share/nvim/runtime/lua", "/home/picadro/.local/share/CatNvim/lazy/lazy.nvim/lua", "/home/picadro/.local/share/CatNvim/lazy/luvit-meta/library" }
    }
  }
}
[00:16:01.199][warn] [#0:script/config/loader.lua:116]: No config?	{}
[00:16:01.199][info] [#0:script/provider/provider.lua:61]: Load config from client	fallback
[00:16:01.199][info] [#0:script/provider/provider.lua:62]: nil
[00:16:01.300][info] [#0:script/workspace/workspace.lua:324]: Preload start:	file:///home/picadro/.local/share/CatNvim/lazy/lazy.nvim
[00:16:01.318][info] [#0:script/workspace/workspace.lua:330]: Scan files at:	file:///home/picadro/.local/share/CatNvim/lazy/lazy.nvim
[00:16:01.323][info] [#0:script/workspace/workspace.lua:324]: Preload start:	<fallback>
[00:16:01.331][info] [#0:script/workspace/workspace.lua:353]: Scan library at:	file:///home/picadro/.local/share/CatNvim/mason/packages/lua-language-server/libexec/meta/Lua%205.4%20en-us%20utf8/basic.lua
[00:16:01.332][info] [#0:script/workspace/workspace.lua:353]: Scan library at:	file:///home/picadro/.local/share/CatNvim/mason/packages/lua-language-server/libexec/meta/Lua%205.4%20en-us%20utf8/utf8.lua
[00:16:01.333][info] [#0:script/workspace/workspace.lua:353]: Scan library at:	file:///home/picadro/.local/share/CatNvim/mason/packages/lua-language-server/libexec/meta/Lua%205.4%20en-us%20utf8/io.lua
[00:16:01.334][info] [#0:script/workspace/workspace.lua:353]: Scan library at:	file:///home/picadro/.local/share/CatNvim/mason/packages/lua-language-server/libexec/meta/Lua%205.4%20en-us%20utf8/debug.lua
[00:16:01.334][info] [#0:script/workspace/workspace.lua:353]: Scan library at:	file:///home/picadro/.local/share/CatNvim/mason/packages/lua-language-server/libexec/meta/Lua%205.4%20en-us%20utf8/os.lua
[00:16:01.335][info] [#0:script/workspace/workspace.lua:353]: Scan library at:	file:///home/picadro/.local/share/CatNvim/mason/packages/lua-language-server/libexec/meta/Lua%205.4%20en-us%20utf8/table.lua
[00:16:01.335][info] [#0:script/workspace/workspace.lua:353]: Scan library at:	file:///home/picadro/.local/share/CatNvim/mason/packages/lua-language-server/libexec/meta/Lua%205.4%20en-us%20utf8/package.lua
[00:16:01.336][info] [#0:script/workspace/workspace.lua:353]: Scan library at:	file:///home/picadro/.local/share/CatNvim/mason/packages/lua-language-server/libexec/meta/Lua%205.4%20en-us%20utf8/math.lua
[00:16:01.337][info] [#0:script/workspace/workspace.lua:353]: Scan library at:	file:///home/picadro/.local/share/CatNvim/mason/packages/lua-language-server/libexec/meta/Lua%205.4%20en-us%20utf8/builtin.lua
[00:16:01.337][info] [#0:script/workspace/workspace.lua:353]: Scan library at:	file:///home/picadro/.local/share/CatNvim/mason/packages/lua-language-server/libexec/meta/Lua%205.4%20en-us%20utf8/string.lua
[00:16:01.338][info] [#0:script/workspace/workspace.lua:353]: Scan library at:	file:///home/picadro/.local/share/CatNvim/mason/packages/lua-language-server/libexec/meta/Lua%205.4%20en-us%20utf8/coroutine.lua
[00:16:01.341][info] [#0:script/workspace/workspace.lua:353]: Scan library at:	file:///home/picadro/.local/share/CatNvim/mason/packages/lua-language-server/libexec/meta/Lua%205.4%20en-us%20utf8/basic.lua
[00:16:01.341][info] [#0:script/workspace/workspace.lua:353]: Scan library at:	file:///home/picadro/.local/share/CatNvim/lazy/lazy.nvim/lua
[00:16:01.348][info] [#0:script/workspace/workspace.lua:353]: Scan library at:	file:///home/picadro/.local/share/CatNvim/lazy/luvit-meta/library
[00:16:01.354][info] [#0:script/workspace/workspace.lua:353]: Scan library at:	file:///home/picadro/.local/share/CatNvim/mason/packages/lua-language-server/libexec/meta/Lua%205.4%20en-us%20utf8/utf8.lua
[00:16:01.354][info] [#0:script/workspace/workspace.lua:353]: Scan library at:	file:///home/picadro/.local/share/CatNvim/mason/packages/lua-language-server/libexec/meta/Lua%205.4%20en-us%20utf8/coroutine.lua
[00:16:01.354][info] [#0:script/workspace/workspace.lua:353]: Scan library at:	file:///home/picadro/.local/share/CatNvim/mason/packages/lua-language-server/libexec/meta/Lua%205.4%20en-us%20utf8/builtin.lua
[00:16:01.355][info] [#0:script/workspace/workspace.lua:353]: Scan library at:	file:///home/picadro/.local/share/CatNvim/mason/packages/lua-language-server/libexec/meta/Lua%205.4%20en-us%20utf8/os.lua
[00:16:01.355][info] [#0:script/workspace/workspace.lua:353]: Scan library at:	file:///home/picadro/.local/share/CatNvim/mason/packages/lua-language-server/libexec/meta/Lua%205.4%20en-us%20utf8/string.lua
[00:16:01.355][info] [#0:script/workspace/workspace.lua:353]: Scan library at:	file:///home/picadro/.local/share/CatNvim/mason/packages/lua-language-server/libexec/meta/Lua%205.4%20en-us%20utf8/math.lua
[00:16:01.355][info] [#0:script/workspace/workspace.lua:353]: Scan library at:	file:///home/picadro/.local/share/CatNvim/mason/packages/lua-language-server/libexec/meta/Lua%205.4%20en-us%20utf8/package.lua
[00:16:01.355][info] [#0:script/workspace/workspace.lua:353]: Scan library at:	file:///home/picadro/.local/share/CatNvim/mason/packages/lua-language-server/libexec/meta/Lua%205.4%20en-us%20utf8/io.lua
[00:16:01.355][info] [#0:script/workspace/workspace.lua:353]: Scan library at:	file:///home/picadro/.local/share/CatNvim/mason/packages/lua-language-server/libexec/meta/Lua%205.4%20en-us%20utf8/debug.lua
[00:16:01.355][info] [#0:script/workspace/workspace.lua:353]: Scan library at:	file:///usr/share/nvim/runtime/lua
[00:16:01.367][info] [#0:script/workspace/workspace.lua:353]: Scan library at:	file:///home/picadro/.local/share/CatNvim/mason/packages/lua-language-server/libexec/meta/Lua%205.4%20en-us%20utf8/table.lua
[00:16:01.467][info] [#0:script/workspace/workspace.lua:379]: Found 11 files at:	<fallback>
[00:16:01.467][info] [#0:script/workspace/loading.lua:161]: Load files from disk:	<fallback>
[00:16:01.467][info] [#0:script/workspace/workspace.lua:379]: Found 213 files at:	file:///home/picadro/.local/share/CatNvim/lazy/lazy.nvim
[00:16:01.467][info] [#0:script/workspace/loading.lua:161]: Load files from disk:	file:///home/picadro/.local/share/CatNvim/lazy/lazy.nvim
[00:16:01.470][info] [#0:script/workspace/loading.lua:101]: Preload file at: file:///home/picadro/.local/share/CatNvim/mason/packages/lua-language-server/libexec/meta/Lua%205.4%20en-us%20utf8/coroutine.lua , size = 2.590 KB
[00:16:01.480][info] [#0:script/workspace/loading.lua:113]: ++++As library of:	file:///home/picadro/.local/share/CatNvim/mason/packages/lua-language-server/libexec/meta/Lua%205.4%20en-us%20utf8/coroutine.lua
[00:16:01.480][info] [#0:script/workspace/loading.lua:101]: Preload file at: file:///home/picadro/.local/share/CatNvim/mason/packages/lua-language-server/libexec/meta/Lua%205.4%20en-us%20utf8/string.lua , size = 6.341 KB
[00:16:01.499][info] [#0:script/workspace/loading.lua:113]: ++++As library of:	file:///home/picadro/.local/share/CatNvim/mason/packages/lua-language-server/libexec/meta/Lua%205.4%20en-us%20utf8/string.lua
[00:16:01.499][info] [#0:script/workspace/loading.lua:101]: Preload file at: file:///home/picadro/.local/share/CatNvim/mason/packages/lua-language-server/libexec/meta/Lua%205.4%20en-us%20utf8/table.lua , size = 4.235 KB
[00:16:01.505][info] [#0:script/workspace/loading.lua:113]: ++++As library of:	file:///home/picadro/.local/share/CatNvim/mason/packages/lua-language-server/libexec/meta/Lua%205.4%20en-us%20utf8/table.lua
[00:16:01.505][info] [#0:script/workspace/loading.lua:101]: Preload file at: file:///home/picadro/.local/share/CatNvim/mason/packages/lua-language-server/libexec/meta/Lua%205.4%20en-us%20utf8/builtin.lua , size = 0.302 KB
[00:16:01.507][info] [#0:script/workspace/loading.lua:113]: ++++As library of:	file:///home/picadro/.local/share/CatNvim/mason/packages/lua-language-server/libexec/meta/Lua%205.4%20en-us%20utf8/builtin.lua
[00:16:01.507][info] [#0:script/workspace/loading.lua:101]: Preload file at: file:///usr/share/nvim/runtime/lua/coxpcall.lua , size = 3.451 KB
[00:16:01.511][info] [#0:script/workspace/loading.lua:113]: ++++As library of:	file:///usr/share/nvim/runtime/lua
[00:16:01.511][info] [#0:script/workspace/loading.lua:101]: Preload file at: file:///home/picadro/.local/share/CatNvim/mason/packages/lua-language-server/libexec/meta/Lua%205.4%20en-us%20utf8/math.lua , size = 8.509 KB
[00:16:01.521][info] [#0:script/workspace/loading.lua:113]: ++++As library of:	file:///home/picadro/.local/share/CatNvim/mason/packages/lua-language-server/libexec/meta/Lua%205.4%20en-us%20utf8/math.lua
[00:16:01.521][info] [#0:script/workspace/loading.lua:101]: Preload file at: file:///usr/share/nvim/runtime/lua/_vim9script.lua , size = 15.418 KB
[00:16:01.530][info] [#0:script/workspace/loading.lua:113]: ++++As library of:	file:///usr/share/nvim/runtime/lua
[00:16:01.530][info] [#0:script/workspace/loading.lua:101]: Preload file at: file:///home/picadro/.local/share/CatNvim/mason/packages/lua-language-server/libexec/meta/Lua%205.4%20en-us%20utf8/package.lua , size = 2.944 KB
[00:16:01.531][info] [#0:script/workspace/loading.lua:113]: ++++As library of:	file:///home/picadro/.local/share/CatNvim/mason/packages/lua-language-server/libexec/meta/Lua%205.4%20en-us%20utf8/package.lua
[00:16:01.531][info] [#0:script/workspace/loading.lua:101]: Preload file at: file:///usr/share/nvim/runtime/lua/editorconfig.lua , size = 10.443 KB
[00:16:01.537][info] [#0:script/workspace/loading.lua:113]: ++++As library of:	file:///usr/share/nvim/runtime/lua
[00:16:01.537][info] [#0:script/workspace/loading.lua:98]: Skip loaded file: file:///home/picadro/.local/share/CatNvim/mason/packages/lua-language-server/libexec/meta/Lua%205.4%20en-us%20utf8/table.lua
[00:16:01.537][info] [#0:script/workspace/loading.lua:101]: Preload file at: file:///usr/share/nvim/runtime/lua/nvim/health.lua , size = 12.500 KB
[00:16:01.545][info] [#0:script/workspace/loading.lua:113]: ++++As library of:	file:///usr/share/nvim/runtime/lua
[00:16:01.545][info] [#0:script/workspace/loading.lua:101]: Preload file at: file:///usr/share/nvim/runtime/lua/man.lua , size = 23.552 KB
[00:16:01.557][info] [#0:script/workspace/loading.lua:113]: ++++As library of:	file:///usr/share/nvim/runtime/lua
[00:16:01.557][info] [#0:script/workspace/loading.lua:101]: Preload file at: file:///home/picadro/.local/share/CatNvim/mason/packages/lua-language-server/libexec/meta/Lua%205.4%20en-us%20utf8/os.lua , size = 5.600 KB
[00:16:01.561][info] [#0:script/workspace/loading.lua:113]: ++++As library of:	file:///home/picadro/.local/share/CatNvim/mason/packages/lua-language-server/libexec/meta/Lua%205.4%20en-us%20utf8/os.lua
[00:16:01.561][info] [#0:script/workspace/loading.lua:101]: Preload file at: file:///home/picadro/.local/share/CatNvim/mason/packages/lua-language-server/libexec/meta/Lua%205.4%20en-us%20utf8/debug.lua , size = 7.637 KB
[00:16:01.565][info] [#0:script/workspace/loading.lua:113]: ++++As library of:	file:///home/picadro/.local/share/CatNvim/mason/packages/lua-language-server/libexec/meta/Lua%205.4%20en-us%20utf8/debug.lua
[00:16:01.565][info] [#0:script/workspace/loading.lua:101]: Preload file at: file:///usr/share/nvim/runtime/lua/provider/clipboard/health.lua , size = 1.151 KB
[00:16:01.565][info] [#0:script/workspace/loading.lua:113]: ++++As library of:	file:///usr/share/nvim/runtime/lua
[00:16:01.566][info] [#0:script/workspace/loading.lua:101]: Preload file at: file:///home/picadro/.local/share/CatNvim/mason/packages/lua-language-server/libexec/meta/Lua%205.4%20en-us%20utf8/io.lua , size = 6.364 KB
[00:16:01.573][info] [#0:script/workspace/loading.lua:113]: ++++As library of:	file:///home/picadro/.local/share/CatNvim/mason/packages/lua-language-server/libexec/meta/Lua%205.4%20en-us%20utf8/io.lua
[00:16:01.573][info] [#0:script/workspace/loading.lua:101]: Preload file at: file:///usr/share/nvim/runtime/lua/provider/node/health.lua , size = 3.375 KB
[00:16:01.574][info] [#0:script/workspace/loading.lua:113]: ++++As library of:	file:///usr/share/nvim/runtime/lua
[00:16:01.574][info] [#0:script/workspace/loading.lua:101]: Preload file at: file:///usr/share/nvim/runtime/lua/provider/perl/health.lua , size = 2.752 KB
[00:16:01.576][info] [#0:script/workspace/loading.lua:113]: ++++As library of:	file:///usr/share/nvim/runtime/lua
[00:16:01.576][info] [#0:script/workspace/loading.lua:101]: Preload file at: file:///home/picadro/.local/share/CatNvim/mason/packages/lua-language-server/libexec/meta/Lua%205.4%20en-us%20utf8/utf8.lua , size = 2.386 KB
[00:16:01.577][info] [#0:script/workspace/loading.lua:113]: ++++As library of:	file:///home/picadro/.local/share/CatNvim/mason/packages/lua-language-server/libexec/meta/Lua%205.4%20en-us%20utf8/utf8.lua
[00:16:01.577][info] [#0:script/workspace/loading.lua:101]: Preload file at: file:///home/picadro/.local/share/CatNvim/mason/packages/lua-language-server/libexec/meta/Lua%205.4%20en-us%20utf8/basic.lua , size = 15.619 KB
[00:16:01.584][info] [#0:script/workspace/loading.lua:113]: ++++As library of:	file:///home/picadro/.local/share/CatNvim/mason/packages/lua-language-server/libexec/meta/Lua%205.4%20en-us%20utf8/basic.lua
[00:16:01.584][info] [#0:script/workspace/loading.lua:101]: Preload file at: file:///usr/share/nvim/runtime/lua/provider/ruby/health.lua , size = 2.256 KB
[00:16:01.585][info] [#0:script/workspace/loading.lua:113]: ++++As library of:	file:///usr/share/nvim/runtime/lua
[00:16:01.585][info] [#0:script/workspace/loading.lua:101]: Preload file at: file:///usr/share/nvim/runtime/lua/provider/python/health.lua , size = 16.124 KB
[00:16:01.592][info] [#0:script/workspace/loading.lua:113]: ++++As library of:	file:///usr/share/nvim/runtime/lua
[00:16:01.592][info] [#0:script/workspace/loading.lua:173]: Loaded files takes [0.132] sec: <fallback>
[00:16:01.592][info] [#0:script/workspace/loading.lua:182]: Compile files takes [0.000] sec: <fallback>
[00:16:01.592][info] [#0:script/workspace/loading.lua:183]: Loaded finish:	<fallback>
[00:16:01.592][info] [#0:script/workspace/workspace.lua:381]: Preload finish at:	<fallback>
[00:16:01.595][info] [#0:script/workspace/loading.lua:101]: Preload file at: file:///usr/share/nvim/runtime/lua/vim/F.lua , size = 1.076 KB
[00:16:01.596][info] [#0:script/workspace/loading.lua:113]: ++++As library of:	file:///usr/share/nvim/runtime/lua
[00:16:01.596][info] [#0:script/workspace/loading.lua:101]: Preload file at: file:///usr/share/nvim/runtime/lua/vim/_comment.lua , size = 8.915 KB
[00:16:01.601][info] [#0:script/workspace/loading.lua:113]: ++++As library of:	file:///usr/share/nvim/runtime/lua
[00:16:01.601][info] [#0:script/workspace/loading.lua:101]: Preload file at: file:///usr/share/nvim/runtime/lua/tohtml.lua , size = 41.169 KB
[00:16:01.629][info] [#0:script/workspace/loading.lua:113]: ++++As library of:	file:///usr/share/nvim/runtime/lua
[00:16:01.630][info] [#0:script/workspace/loading.lua:101]: Preload file at: file:///usr/share/nvim/runtime/lua/vim/_defaults.lua , size = 18.338 KB
[00:16:01.638][info] [#0:script/workspace/loading.lua:113]: ++++As library of:	file:///usr/share/nvim/runtime/lua
[00:16:01.638][info] [#0:script/workspace/loading.lua:101]: Preload file at: file:///usr/share/nvim/runtime/lua/vim/_init_packages.lua , size = 3.023 KB
[00:16:01.640][info] [#0:script/workspace/loading.lua:113]: ++++As library of:	file:///usr/share/nvim/runtime/lua
[00:16:01.640][info] [#0:script/workspace/loading.lua:101]: Preload file at: file:///usr/share/nvim/runtime/lua/vim/_editor.lua , size = 34.328 KB
[00:16:01.657][info] [#0:script/workspace/loading.lua:113]: ++++As library of:	file:///usr/share/nvim/runtime/lua
[00:16:01.657][info] [#0:script/workspace/loading.lua:101]: Preload file at: file:///usr/share/nvim/runtime/lua/vim/_inspector.lua , size = 7.494 KB
[00:16:01.661][info] [#0:script/workspace/loading.lua:113]: ++++As library of:	file:///usr/share/nvim/runtime/lua
[00:16:01.661][info] [#0:script/workspace/loading.lua:101]: Preload file at: file:///usr/share/nvim/runtime/lua/vim/_meta/api_keysets.lua , size = 8.292 KB
[00:16:01.676][info] [#0:script/workspace/loading.lua:113]: ++++As library of:	file:///usr/share/nvim/runtime/lua
[00:16:01.676][info] [#0:script/workspace/loading.lua:101]: Preload file at: file:///usr/share/nvim/runtime/lua/vim/_meta/api_keysets_extra.lua , size = 4.535 KB
[00:16:01.679][info] [#0:script/workspace/loading.lua:113]: ++++As library of:	file:///usr/share/nvim/runtime/lua
[00:16:01.679][info] [#0:script/workspace/loading.lua:101]: Preload file at: file:///usr/share/nvim/runtime/lua/vim/_meta/base64.lua , size = 0.307 KB
[00:16:01.679][info] [#0:script/workspace/loading.lua:113]: ++++As library of:	file:///usr/share/nvim/runtime/lua
[00:16:01.679][info] [#0:script/workspace/loading.lua:101]: Preload file at: file:///usr/share/nvim/runtime/lua/vim/_meta/api.lua , size = 97.322 KB
[00:16:01.709][info] [#0:script/workspace/loading.lua:113]: ++++As library of:	file:///usr/share/nvim/runtime/lua
[00:16:01.709][info] [#0:script/workspace/loading.lua:101]: Preload file at: file:///usr/share/nvim/runtime/lua/vim/_meta/builtin_types.lua , size = 3.362 KB
[00:16:01.712][info] [#0:script/workspace/loading.lua:113]: ++++As library of:	file:///usr/share/nvim/runtime/lua
[00:16:01.712][info] [#0:script/workspace/loading.lua:101]: Preload file at: file:///usr/share/nvim/runtime/lua/vim/_meta/diff.lua , size = 2.479 KB
[00:16:01.713][info] [#0:script/workspace/loading.lua:113]: ++++As library of:	file:///usr/share/nvim/runtime/lua
[00:16:01.713][info] [#0:script/workspace/loading.lua:101]: Preload file at: file:///usr/share/nvim/runtime/lua/vim/_meta/builtin.lua , size = 11.183 KB
[00:16:01.717][info] [#0:script/workspace/loading.lua:113]: ++++As library of:	file:///usr/share/nvim/runtime/lua
[00:16:01.717][info] [#0:script/workspace/loading.lua:101]: Preload file at: file:///usr/share/nvim/runtime/lua/vim/_meta/json.lua , size = 1.359 KB
[00:16:01.718][info] [#0:script/workspace/loading.lua:113]: ++++As library of:	file:///usr/share/nvim/runtime/lua
[00:16:01.718][info] [#0:script/workspace/loading.lua:101]: Preload file at: file:///usr/share/nvim/runtime/lua/vim/_meta/lpeg.lua , size = 14.889 KB
[00:16:01.722][info] [#0:script/workspace/loading.lua:113]: ++++As library of:	file:///usr/share/nvim/runtime/lua
[00:16:01.722][info] [#0:script/workspace/loading.lua:101]: Preload file at: file:///usr/share/nvim/runtime/lua/vim/_meta/misc.lua , size = 0.291 KB
[00:16:01.723][info] [#0:script/workspace/loading.lua:113]: ++++As library of:	file:///usr/share/nvim/runtime/lua
[00:16:01.723][info] [#0:script/workspace/loading.lua:101]: Preload file at: file:///usr/share/nvim/runtime/lua/vim/_meta/mpack.lua , size = 0.478 KB
[00:16:01.723][info] [#0:script/workspace/loading.lua:113]: ++++As library of:	file:///usr/share/nvim/runtime/lua
[00:16:01.724][info] [#0:script/workspace/loading.lua:101]: Preload file at: file:///usr/share/nvim/runtime/lua/vim/_meta/re.lua , size = 2.217 KB
[00:16:01.725][info] [#0:script/workspace/loading.lua:113]: ++++As library of:	file:///usr/share/nvim/runtime/lua
[00:16:01.725][info] [#0:script/workspace/loading.lua:101]: Preload file at: file:///usr/share/nvim/runtime/lua/vim/_meta/regex.lua , size = 1.347 KB
[00:16:01.726][info] [#0:script/workspace/loading.lua:113]: ++++As library of:	file:///usr/share/nvim/runtime/lua
[00:16:01.726][info] [#0:script/workspace/loading.lua:101]: Preload file at: file:///usr/share/nvim/runtime/lua/vim/_meta/spell.lua , size = 0.943 KB
[00:16:01.726][info] [#0:script/workspace/loading.lua:113]: ++++As library of:	file:///usr/share/nvim/runtime/lua
[00:16:01.727][info] [#0:script/workspace/loading.lua:101]: Preload file at: file:///usr/share/nvim/runtime/lua/vim/_meta/options.lua , size = 323.717 KB
[00:16:01.840][info] [#0:script/workspace/loading.lua:113]: ++++As library of:	file:///usr/share/nvim/runtime/lua
[00:16:01.840][info] [#0:script/workspace/loading.lua:101]: Preload file at: file:///usr/share/nvim/runtime/lua/vim/_meta/vimfn.lua , size = 398.822 KB
[00:16:01.973][info] [#0:script/workspace/loading.lua:113]: ++++As library of:	file:///usr/share/nvim/runtime/lua
[00:16:01.974][info] [#0:script/workspace/loading.lua:101]: Preload file at: file:///usr/share/nvim/runtime/lua/vim/_meta.lua , size = 0.977 KB
[00:16:01.975][info] [#0:script/workspace/loading.lua:113]: ++++As library of:	file:///usr/share/nvim/runtime/lua
[00:16:01.975][info] [#0:script/workspace/loading.lua:101]: Preload file at: file:///usr/share/nvim/runtime/lua/vim/_meta/vvars.lua , size = 25.272 KB
[00:16:01.983][info] [#0:script/workspace/loading.lua:113]: ++++As library of:	file:///usr/share/nvim/runtime/lua
[00:16:01.983][info] [#0:script/workspace/loading.lua:101]: Preload file at: file:///usr/share/nvim/runtime/lua/vim/_options.lua , size = 25.519 KB
[00:16:01.994][info] [#0:script/workspace/loading.lua:113]: ++++As library of:	file:///usr/share/nvim/runtime/lua
[00:16:01.994][info] [#0:script/workspace/loading.lua:101]: Preload file at: file:///usr/share/nvim/runtime/lua/vim/_system.lua , size = 9.135 KB
[00:16:02.000][info] [#0:script/workspace/loading.lua:113]: ++++As library of:	file:///usr/share/nvim/runtime/lua
[00:16:02.000][info] [#0:script/workspace/loading.lua:101]: Preload file at: file:///usr/share/nvim/runtime/lua/vim/_watch.lua , size = 8.901 KB
[00:16:02.005][info] [#0:script/workspace/loading.lua:113]: ++++As library of:	file:///usr/share/nvim/runtime/lua
[00:16:02.005][info] [#0:script/workspace/loading.lua:101]: Preload file at: file:///usr/share/nvim/runtime/lua/vim/filetype/detect.lua , size = 57.150 KB
[00:16:02.034][info] [#0:script/workspace/loading.lua:113]: ++++As library of:	file:///usr/share/nvim/runtime/lua
[00:16:02.034][info] [#0:script/workspace/loading.lua:101]: Preload file at: file:///usr/share/nvim/runtime/lua/vim/filetype/options.lua , size = 2.559 KB
[00:16:02.036][info] [#0:script/workspace/loading.lua:113]: ++++As library of:	file:///usr/share/nvim/runtime/lua
[00:16:02.036][info] [#0:script/workspace/loading.lua:101]: Preload file at: file:///usr/share/nvim/runtime/lua/vim/diagnostic.lua , size = 69.062 KB
[00:16:02.103][info] [#0:script/workspace/loading.lua:113]: ++++As library of:	file:///usr/share/nvim/runtime/lua
[00:16:02.104][info] [#0:script/workspace/loading.lua:101]: Preload file at: file:///usr/share/nvim/runtime/lua/vim/fs.lua , size = 18.243 KB
[00:16:02.112][info] [#0:script/workspace/loading.lua:113]: ++++As library of:	file:///usr/share/nvim/runtime/lua
[00:16:02.112][info] [#0:script/workspace/loading.lua:101]: Preload file at: file:///usr/share/nvim/runtime/lua/vim/filetype.lua , size = 68.546 KB
[00:16:02.138][info] [#0:script/workspace/loading.lua:113]: ++++As library of:	file:///usr/share/nvim/runtime/lua
[00:16:02.139][info] [#0:script/workspace/loading.lua:101]: Preload file at: file:///usr/share/nvim/runtime/lua/vim/func/_memoize.lua , size = 1.354 KB
[00:16:02.140][info] [#0:script/workspace/loading.lua:113]: ++++As library of:	file:///usr/share/nvim/runtime/lua
[00:16:02.140][info] [#0:script/workspace/loading.lua:101]: Preload file at: file:///usr/share/nvim/runtime/lua/vim/func.lua , size = 1.753 KB
[00:16:02.141][info] [#0:script/workspace/loading.lua:113]: ++++As library of:	file:///usr/share/nvim/runtime/lua
[00:16:02.141][info] [#0:script/workspace/loading.lua:101]: Preload file at: file:///usr/share/nvim/runtime/lua/vim/glob.lua , size = 3.001 KB
[00:16:02.142][info] [#0:script/workspace/loading.lua:113]: ++++As library of:	file:///usr/share/nvim/runtime/lua
[00:16:02.143][info] [#0:script/workspace/loading.lua:101]: Preload file at: file:///usr/share/nvim/runtime/lua/vim/health.lua , size = 12.644 KB
[00:16:02.150][info] [#0:script/workspace/loading.lua:113]: ++++As library of:	file:///usr/share/nvim/runtime/lua
[00:16:02.150][info] [#0:script/workspace/loading.lua:101]: Preload file at: file:///usr/share/nvim/runtime/lua/vim/highlight.lua , size = 4.526 KB
[00:16:02.152][info] [#0:script/workspace/loading.lua:113]: ++++As library of:	file:///usr/share/nvim/runtime/lua
[00:16:02.152][info] [#0:script/workspace/loading.lua:101]: Preload file at: file:///usr/share/nvim/runtime/lua/vim/inspect.lua , size = 8.864 KB
[00:16:02.157][info] [#0:script/workspace/loading.lua:113]: ++++As library of:	file:///usr/share/nvim/runtime/lua
[00:16:02.157][info] [#0:script/workspace/loading.lua:101]: Preload file at: file:///usr/share/nvim/runtime/lua/vim/keymap.lua , size = 3.682 KB
[00:16:02.159][info] [#0:script/workspace/loading.lua:113]: ++++As library of:	file:///usr/share/nvim/runtime/lua
[00:16:02.159][info] [#0:script/workspace/loading.lua:101]: Preload file at: file:///usr/share/nvim/runtime/lua/vim/iter.lua , size = 25.504 KB
[00:16:02.174][info] [#0:script/workspace/loading.lua:113]: ++++As library of:	file:///usr/share/nvim/runtime/lua
[00:16:02.174][info] [#0:script/workspace/loading.lua:101]: Preload file at: file:///usr/share/nvim/runtime/lua/vim/loader.lua , size = 15.837 KB
[00:16:02.186][info] [#0:script/workspace/loading.lua:113]: ++++As library of:	file:///usr/share/nvim/runtime/lua
[00:16:02.187][info] [#0:script/workspace/loading.lua:101]: Preload file at: file:///usr/share/nvim/runtime/lua/vim/lsp/_completion.lua , size = 8.965 KB
[00:16:02.192][info] [#0:script/workspace/loading.lua:113]: ++++As library of:	file:///usr/share/nvim/runtime/lua
[00:16:02.192][info] [#0:script/workspace/loading.lua:101]: Preload file at: file:///usr/share/nvim/runtime/lua/vim/lsp/_changetracking.lua , size = 11.492 KB
[00:16:02.198][info] [#0:script/workspace/loading.lua:113]: ++++As library of:	file:///usr/share/nvim/runtime/lua
[00:16:02.198][info] [#0:script/workspace/loading.lua:101]: Preload file at: file:///usr/share/nvim/runtime/lua/vim/lsp/_dynamic.lua , size = 2.973 KB
[00:16:02.200][info] [#0:script/workspace/loading.lua:113]: ++++As library of:	file:///usr/share/nvim/runtime/lua
[00:16:02.200][info] [#0:script/workspace/loading.lua:101]: Preload file at: file:///usr/share/nvim/runtime/lua/vim/lsp/_meta.lua , size = 0.440 KB
[00:16:02.201][info] [#0:script/workspace/loading.lua:113]: ++++As library of:	file:///usr/share/nvim/runtime/lua
[00:16:02.201][info] [#0:script/workspace/loading.lua:101]: Preload file at: file:///usr/share/nvim/runtime/lua/vim/lsp/_snippet_grammar.lua , size = 6.179 KB
[00:16:02.205][info] [#0:script/workspace/loading.lua:113]: ++++As library of:	file:///usr/share/nvim/runtime/lua
[00:16:02.205][info] [#0:script/workspace/loading.lua:101]: Preload file at: file:///usr/share/nvim/runtime/lua/vim/lsp/_tagfunc.lua , size = 2.787 KB
[00:16:02.207][info] [#0:script/workspace/loading.lua:113]: ++++As library of:	file:///usr/share/nvim/runtime/lua
[00:16:02.207][info] [#0:script/workspace/loading.lua:101]: Preload file at: file:///usr/share/nvim/runtime/lua/vim/lsp/_meta/protocol.lua , size = 175.343 KB
[00:16:02.260][info] [#0:script/workspace/loading.lua:113]: ++++As library of:	file:///usr/share/nvim/runtime/lua
[00:16:02.261][info] [#0:script/workspace/loading.lua:101]: Preload file at: file:///usr/share/nvim/runtime/lua/vim/lsp/_watchfiles.lua , size = 6.889 KB
[00:16:02.264][info] [#0:script/workspace/loading.lua:113]: ++++As library of:	file:///usr/share/nvim/runtime/lua
[00:16:02.264][info] [#0:script/workspace/loading.lua:101]: Preload file at: file:///usr/share/nvim/runtime/lua/vim/lsp/buf.lua , size = 30.505 KB
[00:16:02.287][info] [#0:script/workspace/loading.lua:113]: ++++As library of:	file:///usr/share/nvim/runtime/lua
[00:16:02.287][info] [#0:script/workspace/loading.lua:101]: Preload file at: file:///usr/share/nvim/runtime/lua/vim/lsp/codelens.lua , size = 9.255 KB
[00:16:02.292][info] [#0:script/workspace/loading.lua:113]: ++++As library of:	file:///usr/share/nvim/runtime/lua
[00:16:02.292][info] [#0:script/workspace/loading.lua:101]: Preload file at: file:///usr/share/nvim/runtime/lua/vim/lsp/client.lua , size = 37.926 KB
[00:16:02.310][info] [#0:script/workspace/loading.lua:113]: ++++As library of:	file:///usr/share/nvim/runtime/lua
[00:16:02.310][info] [#0:script/workspace/loading.lua:101]: Preload file at: file:///usr/share/nvim/runtime/lua/vim/lsp/diagnostic.lua , size = 14.102 KB
[00:16:02.317][info] [#0:script/workspace/loading.lua:113]: ++++As library of:	file:///usr/share/nvim/runtime/lua
[00:16:02.317][info] [#0:script/workspace/loading.lua:101]: Preload file at: file:///usr/share/nvim/runtime/lua/vim/lsp/handlers.lua , size = 26.781 KB
[00:16:02.330][info] [#0:script/workspace/loading.lua:113]: ++++As library of:	file:///usr/share/nvim/runtime/lua
[00:16:02.330][info] [#0:script/workspace/loading.lua:101]: Preload file at: file:///usr/share/nvim/runtime/lua/vim/lsp/health.lua , size = 2.992 KB
[00:16:02.332][info] [#0:script/workspace/loading.lua:113]: ++++As library of:	file:///usr/share/nvim/runtime/lua
[00:16:02.332][info] [#0:script/workspace/loading.lua:101]: Preload file at: file:///usr/share/nvim/runtime/lua/vim/lsp/inlay_hint.lua , size = 12.126 KB
[00:16:02.387][info] [#0:script/workspace/loading.lua:113]: ++++As library of:	file:///usr/share/nvim/runtime/lua
[00:16:02.388][info] [#0:script/workspace/loading.lua:101]: Preload file at: file:///usr/share/nvim/runtime/lua/vim/lsp/log.lua , size = 4.673 KB
[00:16:02.391][info] [#0:script/workspace/loading.lua:113]: ++++As library of:	file:///usr/share/nvim/runtime/lua
[00:16:02.391][info] [#0:script/workspace/loading.lua:101]: Preload file at: file:///usr/share/nvim/runtime/lua/vim/lsp/protocol.lua , size = 48.943 KB
[00:16:02.401][info] [#0:script/workspace/loading.lua:113]: ++++As library of:	file:///usr/share/nvim/runtime/lua
[00:16:02.401][info] [#0:script/workspace/loading.lua:101]: Preload file at: file:///usr/share/nvim/runtime/lua/vim/lsp/rpc.lua , size = 26.004 KB
[00:16:02.414][info] [#0:script/workspace/loading.lua:113]: ++++As library of:	file:///usr/share/nvim/runtime/lua
[00:16:02.414][info] [#0:script/workspace/loading.lua:101]: Preload file at: file:///usr/share/nvim/runtime/lua/vim/lsp/semantic_tokens.lua , size = 26.553 KB
[00:16:02.425][info] [#0:script/workspace/loading.lua:113]: ++++As library of:	file:///usr/share/nvim/runtime/lua
[00:16:02.425][info] [#0:script/workspace/loading.lua:101]: Preload file at: file:///usr/share/nvim/runtime/lua/vim/lsp/sync.lua , size = 16.226 KB
[00:16:02.431][info] [#0:script/workspace/loading.lua:113]: ++++As library of:	file:///usr/share/nvim/runtime/lua
[00:16:02.431][info] [#0:script/workspace/loading.lua:101]: Preload file at: file:///usr/share/nvim/runtime/lua/vim/lsp/util.lua , size = 76.854 KB
[00:16:02.465][info] [#0:script/workspace/loading.lua:113]: ++++As library of:	file:///usr/share/nvim/runtime/lua
[00:16:02.466][info] [#0:script/workspace/loading.lua:101]: Preload file at: file:///usr/share/nvim/runtime/lua/vim/provider/perl.lua , size = 1.998 KB
[00:16:02.467][info] [#0:script/workspace/loading.lua:113]: ++++As library of:	file:///usr/share/nvim/runtime/lua
[00:16:02.467][info] [#0:script/workspace/loading.lua:101]: Preload file at: file:///usr/share/nvim/runtime/lua/vim/provider/python.lua , size = 4.224 KB
[00:16:02.469][info] [#0:script/workspace/loading.lua:113]: ++++As library of:	file:///usr/share/nvim/runtime/lua
[00:16:02.469][info] [#0:script/workspace/loading.lua:101]: Preload file at: file:///usr/share/nvim/runtime/lua/vim/lsp.lua , size = 39.931 KB
[00:16:02.498][info] [#0:script/workspace/loading.lua:113]: ++++As library of:	file:///usr/share/nvim/runtime/lua
[00:16:02.502][info] [#0:script/workspace/loading.lua:101]: Preload file at: file:///usr/share/nvim/runtime/lua/vim/provider/ruby.lua , size = 1.563 KB
[00:16:02.503][info] [#0:script/workspace/loading.lua:113]: ++++As library of:	file:///usr/share/nvim/runtime/lua
[00:16:02.503][info] [#0:script/workspace/loading.lua:101]: Preload file at: file:///usr/share/nvim/runtime/lua/vim/provider.lua , size = 0.197 KB
[00:16:02.504][info] [#0:script/workspace/loading.lua:113]: ++++As library of:	file:///usr/share/nvim/runtime/lua
[00:16:02.504][info] [#0:script/workspace/loading.lua:101]: Preload file at: file:///usr/share/nvim/runtime/lua/vim/re.lua , size = 6.495 KB
[00:16:02.508][info] [#0:script/workspace/loading.lua:113]: ++++As library of:	file:///usr/share/nvim/runtime/lua
[00:16:02.509][info] [#0:script/workspace/loading.lua:101]: Preload file at: file:///usr/share/nvim/runtime/lua/vim/secure.lua , size = 5.018 KB
[00:16:02.512][info] [#0:script/workspace/loading.lua:113]: ++++As library of:	file:///usr/share/nvim/runtime/lua
[00:16:02.513][info] [#0:script/workspace/loading.lua:101]: Preload file at: file:///usr/share/nvim/runtime/lua/vim/shared.lua , size = 29.331 KB
[00:16:02.528][info] [#0:script/workspace/loading.lua:113]: ++++As library of:	file:///usr/share/nvim/runtime/lua
[00:16:02.528][info] [#0:script/workspace/loading.lua:101]: Preload file at: file:///usr/share/nvim/runtime/lua/vim/termcap.lua , size = 3.103 KB
[00:16:02.530][info] [#0:script/workspace/loading.lua:113]: ++++As library of:	file:///usr/share/nvim/runtime/lua
[00:16:02.530][info] [#0:script/workspace/loading.lua:101]: Preload file at: file:///usr/share/nvim/runtime/lua/vim/snippet.lua , size = 19.870 KB
[00:16:02.541][info] [#0:script/workspace/loading.lua:113]: ++++As library of:	file:///usr/share/nvim/runtime/lua
[00:16:02.541][info] [#0:script/workspace/loading.lua:101]: Preload file at: file:///usr/share/nvim/runtime/lua/vim/text.lua , size = 0.742 KB
[00:16:02.542][info] [#0:script/workspace/loading.lua:113]: ++++As library of:	file:///usr/share/nvim/runtime/lua
[00:16:02.542][info] [#0:script/workspace/loading.lua:101]: Preload file at: file:///usr/share/nvim/runtime/lua/vim/treesitter/_fold.lua , size = 14.081 KB
[00:16:02.549][info] [#0:script/workspace/loading.lua:113]: ++++As library of:	file:///usr/share/nvim/runtime/lua
[00:16:02.549][info] [#0:script/workspace/loading.lua:101]: Preload file at: file:///usr/share/nvim/runtime/lua/vim/treesitter/_meta.lua , size = 4.483 KB
[00:16:02.553][info] [#0:script/workspace/loading.lua:113]: ++++As library of:	file:///usr/share/nvim/runtime/lua
[00:16:02.553][info] [#0:script/workspace/loading.lua:101]: Preload file at: file:///usr/share/nvim/runtime/lua/vim/treesitter/_query_linter.lua , size = 7.528 KB
[00:16:02.558][info] [#0:script/workspace/loading.lua:113]: ++++As library of:	file:///usr/share/nvim/runtime/lua
[00:16:02.558][info] [#0:script/workspace/loading.lua:101]: Preload file at: file:///usr/share/nvim/runtime/lua/vim/treesitter/_range.lua , size = 3.869 KB
[00:16:02.561][info] [#0:script/workspace/loading.lua:113]: ++++As library of:	file:///usr/share/nvim/runtime/lua
[00:16:02.561][info] [#0:script/workspace/loading.lua:101]: Preload file at: file:///usr/share/nvim/runtime/lua/vim/treesitter/dev.lua , size = 19.490 KB
[00:16:02.572][info] [#0:script/workspace/loading.lua:113]: ++++As library of:	file:///usr/share/nvim/runtime/lua
[00:16:02.572][info] [#0:script/workspace/loading.lua:101]: Preload file at: file:///usr/share/nvim/runtime/lua/vim/treesitter/health.lua , size = 0.856 KB
[00:16:02.573][info] [#0:script/workspace/loading.lua:113]: ++++As library of:	file:///usr/share/nvim/runtime/lua
[00:16:02.573][info] [#0:script/workspace/loading.lua:101]: Preload file at: file:///usr/share/nvim/runtime/lua/vim/treesitter/highlighter.lua , size = 11.361 KB
[00:16:02.579][info] [#0:script/workspace/loading.lua:113]: ++++As library of:	file:///usr/share/nvim/runtime/lua
[00:16:02.580][info] [#0:script/workspace/loading.lua:101]: Preload file at: file:///usr/share/nvim/runtime/lua/vim/treesitter/language.lua , size = 3.684 KB
[00:16:02.582][info] [#0:script/workspace/loading.lua:113]: ++++As library of:	file:///usr/share/nvim/runtime/lua
[00:16:02.582][info] [#0:script/workspace/loading.lua:101]: Preload file at: file:///usr/share/nvim/runtime/lua/vim/treesitter/languagetree.lua , size = 33.292 KB
[00:16:02.600][info] [#0:script/workspace/loading.lua:113]: ++++As library of:	file:///usr/share/nvim/runtime/lua
[00:16:02.601][info] [#0:script/workspace/loading.lua:101]: Preload file at: file:///usr/share/nvim/runtime/lua/vim/treesitter/query.lua , size = 32.301 KB
[00:16:02.617][info] [#0:script/workspace/loading.lua:113]: ++++As library of:	file:///usr/share/nvim/runtime/lua
[00:16:02.617][info] [#0:script/workspace/loading.lua:101]: Preload file at: file:///usr/share/nvim/runtime/lua/vim/ui/clipboard/osc52.lua , size = 2.137 KB
[00:16:02.618][info] [#0:script/workspace/loading.lua:113]: ++++As library of:	file:///usr/share/nvim/runtime/lua
[00:16:02.618][info] [#0:script/workspace/loading.lua:101]: Preload file at: file:///usr/share/nvim/runtime/lua/vim/ui.lua , size = 5.294 KB
[00:16:02.621][info] [#0:script/workspace/loading.lua:113]: ++++As library of:	file:///usr/share/nvim/runtime/lua
[00:16:02.621][info] [#0:script/workspace/loading.lua:101]: Preload file at: file:///usr/share/nvim/runtime/lua/vim/treesitter.lua , size = 14.036 KB
[00:16:02.628][info] [#0:script/workspace/loading.lua:113]: ++++As library of:	file:///usr/share/nvim/runtime/lua
[00:16:02.629][info] [#0:script/workspace/loading.lua:101]: Preload file at: file:///usr/share/nvim/runtime/lua/vim/uri.lua , size = 3.569 KB
[00:16:02.631][info] [#0:script/workspace/loading.lua:113]: ++++As library of:	file:///usr/share/nvim/runtime/lua
[00:16:02.631][info] [#0:script/workspace/loading.lua:101]: Preload file at: file:///usr/share/nvim/runtime/lua/vim/version.lua , size = 13.560 KB
[00:16:02.639][info] [#0:script/workspace/loading.lua:113]: ++++As library of:	file:///usr/share/nvim/runtime/lua
[00:16:02.640][info] [#0:script/workspace/loading.lua:101]: Preload file at: file:///usr/share/nvim/runtime/lua/vim/vimhelp.lua , size = 0.967 KB
[00:16:02.641][info] [#0:script/workspace/loading.lua:113]: ++++As library of:	file:///usr/share/nvim/runtime/lua
[00:16:02.641][info] [#0:script/workspace/loading.lua:89]: Skip loaded file: file:///home/picadro/.local/share/CatNvim/mason/packages/lua-language-server/libexec/meta/Lua%205.4%20en-us%20utf8/debug.lua
[00:16:02.641][info] [#0:script/workspace/loading.lua:113]: ++++As library of:	file:///home/picadro/.local/share/CatNvim/mason/packages/lua-language-server/libexec/meta/Lua%205.4%20en-us%20utf8/debug.lua
[00:16:02.641][info] [#0:script/workspace/loading.lua:89]: Skip loaded file: file:///home/picadro/.local/share/CatNvim/mason/packages/lua-language-server/libexec/meta/Lua%205.4%20en-us%20utf8/io.lua
[00:16:02.641][info] [#0:script/workspace/loading.lua:113]: ++++As library of:	file:///home/picadro/.local/share/CatNvim/mason/packages/lua-language-server/libexec/meta/Lua%205.4%20en-us%20utf8/io.lua
[00:16:02.641][info] [#0:script/workspace/loading.lua:89]: Skip loaded file: file:///home/picadro/.local/share/CatNvim/mason/packages/lua-language-server/libexec/meta/Lua%205.4%20en-us%20utf8/package.lua
[00:16:02.641][info] [#0:script/workspace/loading.lua:113]: ++++As library of:	file:///home/picadro/.local/share/CatNvim/mason/packages/lua-language-server/libexec/meta/Lua%205.4%20en-us%20utf8/package.lua
[00:16:02.641][info] [#0:script/workspace/loading.lua:89]: Skip loaded file: file:///home/picadro/.local/share/CatNvim/mason/packages/lua-language-server/libexec/meta/Lua%205.4%20en-us%20utf8/math.lua
[00:16:02.641][info] [#0:script/workspace/loading.lua:113]: ++++As library of:	file:///home/picadro/.local/share/CatNvim/mason/packages/lua-language-server/libexec/meta/Lua%205.4%20en-us%20utf8/math.lua
[00:16:02.641][info] [#0:script/workspace/loading.lua:89]: Skip loaded file: file:///home/picadro/.local/share/CatNvim/mason/packages/lua-language-server/libexec/meta/Lua%205.4%20en-us%20utf8/string.lua
[00:16:02.641][info] [#0:script/workspace/loading.lua:113]: ++++As library of:	file:///home/picadro/.local/share/CatNvim/mason/packages/lua-language-server/libexec/meta/Lua%205.4%20en-us%20utf8/string.lua
[00:16:02.641][info] [#0:script/workspace/loading.lua:89]: Skip loaded file: file:///home/picadro/.local/share/CatNvim/mason/packages/lua-language-server/libexec/meta/Lua%205.4%20en-us%20utf8/os.lua
[00:16:02.641][info] [#0:script/workspace/loading.lua:113]: ++++As library of:	file:///home/picadro/.local/share/CatNvim/mason/packages/lua-language-server/libexec/meta/Lua%205.4%20en-us%20utf8/os.lua
[00:16:02.641][info] [#0:script/workspace/loading.lua:89]: Skip loaded file: file:///home/picadro/.local/share/CatNvim/mason/packages/lua-language-server/libexec/meta/Lua%205.4%20en-us%20utf8/builtin.lua
[00:16:02.641][info] [#0:script/workspace/loading.lua:113]: ++++As library of:	file:///home/picadro/.local/share/CatNvim/mason/packages/lua-language-server/libexec/meta/Lua%205.4%20en-us%20utf8/builtin.lua
[00:16:02.641][info] [#0:script/workspace/loading.lua:89]: Skip loaded file: file:///home/picadro/.local/share/CatNvim/mason/packages/lua-language-server/libexec/meta/Lua%205.4%20en-us%20utf8/coroutine.lua
[00:16:02.641][info] [#0:script/workspace/loading.lua:113]: ++++As library of:	file:///home/picadro/.local/share/CatNvim/mason/packages/lua-language-server/libexec/meta/Lua%205.4%20en-us%20utf8/coroutine.lua
[00:16:02.642][info] [#0:script/workspace/loading.lua:89]: Skip loaded file: file:///home/picadro/.local/share/CatNvim/mason/packages/lua-language-server/libexec/meta/Lua%205.4%20en-us%20utf8/utf8.lua
[00:16:02.642][info] [#0:script/workspace/loading.lua:113]: ++++As library of:	file:///home/picadro/.local/share/CatNvim/mason/packages/lua-language-server/libexec/meta/Lua%205.4%20en-us%20utf8/utf8.lua
[00:16:02.642][info] [#0:script/workspace/loading.lua:101]: Preload file at: file:///home/picadro/.local/share/CatNvim/lazy/luvit-meta/library/basic.lua , size = 0.635 KB
[00:16:02.643][info] [#0:script/workspace/loading.lua:113]: ++++As library of:	file:///home/picadro/.local/share/CatNvim/lazy/luvit-meta/library
[00:16:02.643][info] [#0:script/workspace/loading.lua:101]: Preload file at: file:///home/picadro/.local/share/CatNvim/lazy/luvit-meta/library/buffer.lua , size = 8.840 KB
[00:16:02.647][info] [#0:script/workspace/loading.lua:113]: ++++As library of:	file:///home/picadro/.local/share/CatNvim/lazy/luvit-meta/library
[00:16:02.647][info] [#0:script/workspace/loading.lua:101]: Preload file at: file:///home/picadro/.local/share/CatNvim/lazy/luvit-meta/library/codec.lua , size = 1.216 KB
[00:16:02.648][info] [#0:script/workspace/loading.lua:113]: ++++As library of:	file:///home/picadro/.local/share/CatNvim/lazy/luvit-meta/library
[00:16:02.649][info] [#0:script/workspace/loading.lua:101]: Preload file at: file:///home/picadro/.local/share/CatNvim/lazy/luvit-meta/library/childprocess.lua , size = 5.091 KB
[00:16:02.652][info] [#0:script/workspace/loading.lua:113]: ++++As library of:	file:///home/picadro/.local/share/CatNvim/lazy/luvit-meta/library
[00:16:02.652][info] [#0:script/workspace/loading.lua:101]: Preload file at: file:///home/picadro/.local/share/CatNvim/lazy/luvit-meta/library/core.lua , size = 7.259 KB
[00:16:02.656][info] [#0:script/workspace/loading.lua:113]: ++++As library of:	file:///home/picadro/.local/share/CatNvim/lazy/luvit-meta/library
[00:16:02.656][info] [#0:script/workspace/loading.lua:101]: Preload file at: file:///home/picadro/.local/share/CatNvim/lazy/luvit-meta/library/dgram.lua , size = 3.396 KB
[00:16:02.659][info] [#0:script/workspace/loading.lua:113]: ++++As library of:	file:///home/picadro/.local/share/CatNvim/lazy/luvit-meta/library
[00:16:02.659][info] [#0:script/workspace/loading.lua:101]: Preload file at: file:///home/picadro/.local/share/CatNvim/lazy/luvit-meta/library/coro-http.lua , size = 8.010 KB
[00:16:02.661][info] [#0:script/workspace/loading.lua:113]: ++++As library of:	file:///home/picadro/.local/share/CatNvim/lazy/luvit-meta/library
[00:16:02.661][info] [#0:script/workspace/loading.lua:101]: Preload file at: file:///home/picadro/.local/share/CatNvim/lazy/luvit-meta/library/dns.lua , size = 5.509 KB
[00:16:02.665][info] [#0:script/workspace/loading.lua:113]: ++++As library of:	file:///home/picadro/.local/share/CatNvim/lazy/luvit-meta/library
[00:16:02.665][info] [#0:script/workspace/loading.lua:101]: Preload file at: file:///home/picadro/.local/share/CatNvim/lazy/luvit-meta/library/env.lua , size = 0.823 KB
[00:16:02.666][info] [#0:script/workspace/loading.lua:113]: ++++As library of:	file:///home/picadro/.local/share/CatNvim/lazy/luvit-meta/library
[00:16:02.666][info] [#0:script/workspace/loading.lua:101]: Preload file at: file:///home/picadro/.local/share/CatNvim/lazy/luvit-meta/library/fs.lua , size = 27.778 KB
[00:16:02.685][info] [#0:script/workspace/loading.lua:113]: ++++As library of:	file:///home/picadro/.local/share/CatNvim/lazy/luvit-meta/library
[00:16:02.685][info] [#0:script/workspace/loading.lua:101]: Preload file at: file:///home/picadro/.local/share/CatNvim/lazy/luvit-meta/library/hooks.lua , size = 0.316 KB
[00:16:02.686][info] [#0:script/workspace/loading.lua:113]: ++++As library of:	file:///home/picadro/.local/share/CatNvim/lazy/luvit-meta/library
[00:16:02.686][info] [#0:script/workspace/loading.lua:101]: Preload file at: file:///home/picadro/.local/share/CatNvim/lazy/luvit-meta/library/http-codec.lua , size = 4.148 KB
[00:16:02.688][info] [#0:script/workspace/loading.lua:113]: ++++As library of:	file:///home/picadro/.local/share/CatNvim/lazy/luvit-meta/library
[00:16:02.688][info] [#0:script/workspace/loading.lua:101]: Preload file at: file:///home/picadro/.local/share/CatNvim/lazy/luvit-meta/library/http-header.lua , size = 1.430 KB
[00:16:02.689][info] [#0:script/workspace/loading.lua:113]: ++++As library of:	file:///home/picadro/.local/share/CatNvim/lazy/luvit-meta/library
[00:16:02.689][info] [#0:script/workspace/loading.lua:101]: Preload file at: file:///home/picadro/.local/share/CatNvim/lazy/luvit-meta/library/http.lua , size = 11.088 KB
[00:16:02.696][info] [#0:script/workspace/loading.lua:113]: ++++As library of:	file:///home/picadro/.local/share/CatNvim/lazy/luvit-meta/library
[00:16:02.696][info] [#0:script/workspace/loading.lua:101]: Preload file at: file:///home/picadro/.local/share/CatNvim/lazy/luvit-meta/library/https.lua , size = 1.153 KB
[00:16:02.697][info] [#0:script/workspace/loading.lua:113]: ++++As library of:	file:///home/picadro/.local/share/CatNvim/lazy/luvit-meta/library
[00:16:02.698][info] [#0:script/workspace/loading.lua:101]: Preload file at: file:///home/picadro/.local/share/CatNvim/lazy/luvit-meta/library/json.lua , size = 5.628 KB
[00:16:02.700][info] [#0:script/workspace/loading.lua:113]: ++++As library of:	file:///home/picadro/.local/share/CatNvim/lazy/luvit-meta/library
[00:16:02.700][info] [#0:script/workspace/loading.lua:101]: Preload file at: file:///home/picadro/.local/share/CatNvim/lazy/luvit-meta/library/los.lua , size = 0.339 KB
[00:16:02.700][info] [#0:script/workspace/loading.lua:113]: ++++As library of:	file:///home/picadro/.local/share/CatNvim/lazy/luvit-meta/library
[00:16:02.700][info] [#0:script/workspace/loading.lua:101]: Preload file at: file:///home/picadro/.local/share/CatNvim/lazy/luvit-meta/library/lpeg.lua , size = 18.035 KB
[00:16:02.705][info] [#0:script/workspace/loading.lua:113]: ++++As library of:	file:///home/picadro/.local/share/CatNvim/lazy/luvit-meta/library
[00:16:02.705][info] [#0:script/workspace/loading.lua:101]: Preload file at: file:///home/picadro/.local/share/CatNvim/lazy/luvit-meta/library/luv.lua , size = 0.029 KB
[00:16:02.706][info] [#0:script/workspace/loading.lua:113]: ++++As library of:	file:///home/picadro/.local/share/CatNvim/lazy/luvit-meta/library
[00:16:02.706][info] [#0:script/workspace/loading.lua:101]: Preload file at: file:///home/picadro/.local/share/CatNvim/lazy/luvit-meta/library/net.lua , size = 7.841 KB
[00:16:02.712][info] [#0:script/workspace/loading.lua:113]: ++++As library of:	file:///home/picadro/.local/share/CatNvim/lazy/luvit-meta/library
[00:16:02.712][info] [#0:script/workspace/loading.lua:101]: Preload file at: file:///home/picadro/.local/share/CatNvim/lazy/luvit-meta/library/package.lua , size = 1.674 KB
[00:16:02.713][info] [#0:script/workspace/loading.lua:113]: ++++As library of:	file:///home/picadro/.local/share/CatNvim/lazy/luvit-meta/library
[00:16:02.713][info] [#0:script/workspace/loading.lua:101]: Preload file at: file:///home/picadro/.local/share/CatNvim/lazy/luvit-meta/library/pathjoin.lua , size = 0.698 KB
[00:16:02.714][info] [#0:script/workspace/loading.lua:113]: ++++As library of:	file:///home/picadro/.local/share/CatNvim/lazy/luvit-meta/library
[00:16:02.714][info] [#0:script/workspace/loading.lua:101]: Preload file at: file:///home/picadro/.local/share/CatNvim/lazy/luvit-meta/library/pretty-print.lua , size = 1.712 KB
[00:16:02.716][info] [#0:script/workspace/loading.lua:113]: ++++As library of:	file:///home/picadro/.local/share/CatNvim/lazy/luvit-meta/library
[00:16:02.716][info] [#0:script/workspace/loading.lua:101]: Preload file at: file:///home/picadro/.local/share/CatNvim/lazy/luvit-meta/library/path.lua , size = 9.792 KB
[00:16:02.720][info] [#0:script/workspace/loading.lua:113]: ++++As library of:	file:///home/picadro/.local/share/CatNvim/lazy/luvit-meta/library
[00:16:02.721][info] [#0:script/workspace/loading.lua:101]: Preload file at: file:///home/picadro/.local/share/CatNvim/lazy/luvit-meta/library/process.lua , size = 3.471 KB
[00:16:02.723][info] [#0:script/workspace/loading.lua:113]: ++++As library of:	file:///home/picadro/.local/share/CatNvim/lazy/luvit-meta/library
[00:16:02.723][info] [#0:script/workspace/loading.lua:101]: Preload file at: file:///home/picadro/.local/share/CatNvim/lazy/luvit-meta/library/querystring.lua , size = 1.726 KB
[00:16:02.724][info] [#0:script/workspace/loading.lua:113]: ++++As library of:	file:///home/picadro/.local/share/CatNvim/lazy/luvit-meta/library
[00:16:02.724][info] [#0:script/workspace/loading.lua:101]: Preload file at: file:///home/picadro/.local/share/CatNvim/lazy/luvit-meta/library/re.lua , size = 1.711 KB
[00:16:02.725][info] [#0:script/workspace/loading.lua:113]: ++++As library of:	file:///home/picadro/.local/share/CatNvim/lazy/luvit-meta/library
[00:16:02.726][info] [#0:script/workspace/loading.lua:101]: Preload file at: file:///home/picadro/.local/share/CatNvim/lazy/luvit-meta/library/readline.lua , size = 2.985 KB
[00:16:02.729][info] [#0:script/workspace/loading.lua:113]: ++++As library of:	file:///home/picadro/.local/share/CatNvim/lazy/luvit-meta/library
[00:16:02.729][info] [#0:script/workspace/loading.lua:101]: Preload file at: file:///home/picadro/.local/share/CatNvim/lazy/luvit-meta/library/repl.lua , size = 1.037 KB
[00:16:02.729][info] [#0:script/workspace/loading.lua:113]: ++++As library of:	file:///home/picadro/.local/share/CatNvim/lazy/luvit-meta/library
[00:16:02.729][info] [#0:script/workspace/loading.lua:101]: Preload file at: file:///home/picadro/.local/share/CatNvim/lazy/luvit-meta/library/resource.lua , size = 0.632 KB
[00:16:02.730][info] [#0:script/workspace/loading.lua:113]: ++++As library of:	file:///home/picadro/.local/share/CatNvim/lazy/luvit-meta/library
[00:16:02.730][info] [#0:script/workspace/loading.lua:101]: Preload file at: file:///home/picadro/.local/share/CatNvim/lazy/luvit-meta/library/string.lua , size = 1.694 KB
[00:16:02.731][info] [#0:script/workspace/loading.lua:113]: ++++As library of:	file:///home/picadro/.local/share/CatNvim/lazy/luvit-meta/library
[00:16:02.732][info] [#0:script/workspace/loading.lua:101]: Preload file at: file:///home/picadro/.local/share/CatNvim/lazy/luvit-meta/library/table.lua , size = 2.464 KB
[00:16:02.733][info] [#0:script/workspace/loading.lua:113]: ++++As library of:	file:///home/picadro/.local/share/CatNvim/lazy/luvit-meta/library
[00:16:02.733][info] [#0:script/workspace/loading.lua:101]: Preload file at: file:///home/picadro/.local/share/CatNvim/lazy/luvit-meta/library/stream.lua , size = 23.477 KB
[00:16:02.746][info] [#0:script/workspace/loading.lua:113]: ++++As library of:	file:///home/picadro/.local/share/CatNvim/lazy/luvit-meta/library
[00:16:02.746][info] [#0:script/workspace/loading.lua:101]: Preload file at: file:///home/picadro/.local/share/CatNvim/lazy/luvit-meta/library/thread.lua , size = 2.730 KB
[00:16:02.748][info] [#0:script/workspace/loading.lua:113]: ++++As library of:	file:///home/picadro/.local/share/CatNvim/lazy/luvit-meta/library
[00:16:02.748][info] [#0:script/workspace/loading.lua:101]: Preload file at: file:///home/picadro/.local/share/CatNvim/lazy/luvit-meta/library/timer.lua , size = 1.932 KB
[00:16:02.750][info] [#0:script/workspace/loading.lua:113]: ++++As library of:	file:///home/picadro/.local/share/CatNvim/lazy/luvit-meta/library
[00:16:02.750][info] [#0:script/workspace/loading.lua:101]: Preload file at: file:///home/picadro/.local/share/CatNvim/lazy/luvit-meta/library/url.lua , size = 2.579 KB
[00:16:02.824][info] [#0:script/workspace/loading.lua:113]: ++++As library of:	file:///home/picadro/.local/share/CatNvim/lazy/luvit-meta/library
[00:16:02.824][info] [#0:script/workspace/loading.lua:101]: Preload file at: file:///home/picadro/.local/share/CatNvim/lazy/luvit-meta/library/tls.lua , size = 4.322 KB
[00:16:02.827][info] [#0:script/workspace/loading.lua:113]: ++++As library of:	file:///home/picadro/.local/share/CatNvim/lazy/luvit-meta/library
[00:16:02.828][info] [#0:script/workspace/loading.lua:101]: Preload file at: file:///home/picadro/.local/share/CatNvim/lazy/luvit-meta/library/ustring.lua , size = 3.166 KB
[00:16:02.830][info] [#0:script/workspace/loading.lua:113]: ++++As library of:	file:///home/picadro/.local/share/CatNvim/lazy/luvit-meta/library
[00:16:02.831][info] [#0:script/workspace/loading.lua:101]: Preload file at: file:///home/picadro/.local/share/CatNvim/lazy/luvit-meta/library/utils.lua , size = 1.013 KB
[00:16:02.832][info] [#0:script/workspace/loading.lua:113]: ++++As library of:	file:///home/picadro/.local/share/CatNvim/lazy/luvit-meta/library
[00:16:02.832][info] [#0:script/workspace/loading.lua:101]: Preload file at: file:///home/picadro/.local/share/CatNvim/lazy/luvit-meta/library/uv.lua , size = 138.279 KB
[00:16:02.899][info] [#0:script/workspace/loading.lua:113]: ++++As library of:	file:///home/picadro/.local/share/CatNvim/lazy/luvit-meta/library
[00:16:02.900][info] [#0:script/workspace/loading.lua:101]: Preload file at: file:///home/picadro/.local/share/CatNvim/lazy/lazy.nvim/lua/lazy/async.lua , size = 2.536 KB
[00:16:02.902][info] [#0:script/workspace/loading.lua:113]: ++++As library of:	file:///home/picadro/.local/share/CatNvim/lazy/lazy.nvim/lua
[00:16:02.902][info] [#0:script/workspace/loading.lua:101]: Preload file at: file:///home/picadro/.local/share/CatNvim/lazy/lazy.nvim/lua/lazy/build.lua , size = 3.018 KB
[00:16:02.904][info] [#0:script/workspace/loading.lua:113]: ++++As library of:	file:///home/picadro/.local/share/CatNvim/lazy/lazy.nvim/lua
[00:16:02.905][info] [#0:script/workspace/loading.lua:101]: Preload file at: file:///home/picadro/.local/share/CatNvim/lazy/lazy.nvim/lua/lazy/community/_generated.lua , size = 17.725 KB
[00:16:02.909][info] [#0:script/workspace/loading.lua:113]: ++++As library of:	file:///home/picadro/.local/share/CatNvim/lazy/lazy.nvim/lua
[00:16:02.909][info] [#0:script/workspace/loading.lua:101]: Preload file at: file:///home/picadro/.local/share/CatNvim/lazy/lazy.nvim/lua/lazy/community/init.lua , size = 0.511 KB
[00:16:02.910][info] [#0:script/workspace/loading.lua:113]: ++++As library of:	file:///home/picadro/.local/share/CatNvim/lazy/lazy.nvim/lua
[00:16:02.910][info] [#0:script/workspace/loading.lua:101]: Preload file at: file:///home/picadro/.local/share/CatNvim/lazy/lazy.nvim/lua/lazy/community/specs.lua , size = 0.115 KB
[00:16:02.910][info] [#0:script/workspace/loading.lua:113]: ++++As library of:	file:///home/picadro/.local/share/CatNvim/lazy/lazy.nvim/lua
[00:16:02.911][info] [#0:script/workspace/loading.lua:101]: Preload file at: file:///home/picadro/.local/share/CatNvim/lazy/lazy.nvim/lua/lazy/core/cache.lua , size = 16.584 KB
[00:16:02.920][info] [#0:script/workspace/loading.lua:113]: ++++As library of:	file:///home/picadro/.local/share/CatNvim/lazy/lazy.nvim/lua
[00:16:02.920][info] [#0:script/workspace/loading.lua:101]: Preload file at: file:///home/picadro/.local/share/CatNvim/lazy/lazy.nvim/lua/lazy/core/config.lua , size = 10.860 KB
[00:16:02.924][info] [#0:script/workspace/loading.lua:113]: ++++As library of:	file:///home/picadro/.local/share/CatNvim/lazy/lazy.nvim/lua
[00:16:02.924][info] [#0:script/workspace/loading.lua:101]: Preload file at: file:///home/picadro/.local/share/CatNvim/lazy/lazy.nvim/lua/lazy/core/fragments.lua , size = 4.215 KB
[00:16:02.927][info] [#0:script/workspace/loading.lua:113]: ++++As library of:	file:///home/picadro/.local/share/CatNvim/lazy/lazy.nvim/lua
[00:16:02.927][info] [#0:script/workspace/loading.lua:101]: Preload file at: file:///home/picadro/.local/share/CatNvim/lazy/lazy.nvim/lua/lazy/core/handler/cmd.lua , size = 1.638 KB
[00:16:02.928][info] [#0:script/workspace/loading.lua:113]: ++++As library of:	file:///home/picadro/.local/share/CatNvim/lazy/lazy.nvim/lua
[00:16:02.929][info] [#0:script/workspace/loading.lua:101]: Preload file at: file:///home/picadro/.local/share/CatNvim/lazy/lazy.nvim/lua/lazy/core/handler/event.lua , size = 4.860 KB
[00:16:02.932][info] [#0:script/workspace/loading.lua:113]: ++++As library of:	file:///home/picadro/.local/share/CatNvim/lazy/lazy.nvim/lua
[00:16:02.932][info] [#0:script/workspace/loading.lua:101]: Preload file at: file:///home/picadro/.local/share/CatNvim/lazy/lazy.nvim/lua/lazy/core/handler/ft.lua , size = 0.442 KB
[00:16:02.932][info] [#0:script/workspace/loading.lua:113]: ++++As library of:	file:///home/picadro/.local/share/CatNvim/lazy/lazy.nvim/lua
[00:16:02.932][info] [#0:script/workspace/loading.lua:101]: Preload file at: file:///home/picadro/.local/share/CatNvim/lazy/lazy.nvim/lua/lazy/core/handler/init.lua , size = 3.126 KB
[00:16:02.935][info] [#0:script/workspace/loading.lua:113]: ++++As library of:	file:///home/picadro/.local/share/CatNvim/lazy/lazy.nvim/lua
[00:16:02.935][info] [#0:script/workspace/loading.lua:101]: Preload file at: file:///home/picadro/.local/share/CatNvim/lazy/lazy.nvim/lua/lazy/core/handler/keys.lua , size = 5.294 KB
[00:16:02.939][info] [#0:script/workspace/loading.lua:113]: ++++As library of:	file:///home/picadro/.local/share/CatNvim/lazy/lazy.nvim/lua
[00:16:02.939][info] [#0:script/workspace/loading.lua:101]: Preload file at: file:///home/picadro/.local/share/CatNvim/lazy/lazy.nvim/lua/lazy/core/loader.lua , size = 14.632 KB
[00:16:02.947][info] [#0:script/workspace/loading.lua:113]: ++++As library of:	file:///home/picadro/.local/share/CatNvim/lazy/lazy.nvim/lua
[00:16:02.947][info] [#0:script/workspace/loading.lua:101]: Preload file at: file:///home/picadro/.local/share/CatNvim/lazy/lazy.nvim/lua/lazy/core/meta.lua , size = 9.192 KB
[00:16:02.952][info] [#0:script/workspace/loading.lua:113]: ++++As library of:	file:///home/picadro/.local/share/CatNvim/lazy/lazy.nvim/lua
[00:16:02.953][info] [#0:script/workspace/loading.lua:101]: Preload file at: file:///home/picadro/.local/share/CatNvim/lazy/lazy.nvim/lua/lazy/core/plugin.lua , size = 12.045 KB
[00:16:02.960][info] [#0:script/workspace/loading.lua:113]: ++++As library of:	file:///home/picadro/.local/share/CatNvim/lazy/lazy.nvim/lua
[00:16:02.960][info] [#0:script/workspace/loading.lua:101]: Preload file at: file:///home/picadro/.local/share/CatNvim/lazy/lazy.nvim/lua/lazy/core/util.lua , size = 12.185 KB
[00:16:02.968][info] [#0:script/workspace/loading.lua:113]: ++++As library of:	file:///home/picadro/.local/share/CatNvim/lazy/lazy.nvim/lua
[00:16:02.969][info] [#0:script/workspace/loading.lua:101]: Preload file at: file:///home/picadro/.local/share/CatNvim/lazy/lazy.nvim/lua/lazy/docs.lua , size = 4.638 KB
[00:16:02.972][info] [#0:script/workspace/loading.lua:113]: ++++As library of:	file:///home/picadro/.local/share/CatNvim/lazy/lazy.nvim/lua
[00:16:02.972][info] [#0:script/workspace/loading.lua:101]: Preload file at: file:///home/picadro/.local/share/CatNvim/lazy/lazy.nvim/lua/lazy/example.lua , size = 2.644 KB
[00:16:02.973][info] [#0:script/workspace/loading.lua:113]: ++++As library of:	file:///home/picadro/.local/share/CatNvim/lazy/lazy.nvim/lua
[00:16:02.973][info] [#0:script/workspace/loading.lua:101]: Preload file at: file:///home/picadro/.local/share/CatNvim/lazy/lazy.nvim/lua/lazy/health.lua , size = 5.628 KB
[00:16:02.976][info] [#0:script/workspace/loading.lua:113]: ++++As library of:	file:///home/picadro/.local/share/CatNvim/lazy/lazy.nvim/lua
[00:16:02.976][info] [#0:script/workspace/loading.lua:101]: Preload file at: file:///home/picadro/.local/share/CatNvim/lazy/lazy.nvim/lua/lazy/help.lua , size = 2.216 KB
[00:16:02.978][info] [#0:script/workspace/loading.lua:113]: ++++As library of:	file:///home/picadro/.local/share/CatNvim/lazy/lazy.nvim/lua
[00:16:02.978][info] [#0:script/workspace/loading.lua:89]: Skip loaded file: file:///home/picadro/.local/share/CatNvim/lazy/lazy.nvim/lua/lazy/init.lua
[00:16:02.978][info] [#0:script/workspace/loading.lua:113]: ++++As library of:	file:///home/picadro/.local/share/CatNvim/lazy/lazy.nvim/lua
[00:16:02.978][info] [#0:script/workspace/loading.lua:101]: Preload file at: file:///home/picadro/.local/share/CatNvim/lazy/lazy.nvim/lua/lazy/manage/checker.lua , size = 2.324 KB
[00:16:02.980][info] [#0:script/workspace/loading.lua:113]: ++++As library of:	file:///home/picadro/.local/share/CatNvim/lazy/lazy.nvim/lua
[00:16:02.980][info] [#0:script/workspace/loading.lua:101]: Preload file at: file:///home/picadro/.local/share/CatNvim/lazy/lazy.nvim/lua/lazy/manage/git.lua , size = 6.043 KB
[00:16:02.984][info] [#0:script/workspace/loading.lua:113]: ++++As library of:	file:///home/picadro/.local/share/CatNvim/lazy/lazy.nvim/lua
[00:16:02.984][info] [#0:script/workspace/loading.lua:101]: Preload file at: file:///home/picadro/.local/share/CatNvim/lazy/lazy.nvim/lua/lazy/manage/init.lua , size = 5.876 KB
[00:16:02.988][info] [#0:script/workspace/loading.lua:113]: ++++As library of:	file:///home/picadro/.local/share/CatNvim/lazy/lazy.nvim/lua
[00:16:02.988][info] [#0:script/workspace/loading.lua:101]: Preload file at: file:///home/picadro/.local/share/CatNvim/lazy/lazy.nvim/lua/lazy/manage/lock.lua , size = 1.811 KB
[00:16:02.989][info] [#0:script/workspace/loading.lua:113]: ++++As library of:	file:///home/picadro/.local/share/CatNvim/lazy/lazy.nvim/lua
[00:16:02.990][info] [#0:script/workspace/loading.lua:101]: Preload file at: file:///home/picadro/.local/share/CatNvim/lazy/lazy.nvim/lua/lazy/manage/process.lua , size = 4.126 KB
[00:16:02.992][info] [#0:script/workspace/loading.lua:113]: ++++As library of:	file:///home/picadro/.local/share/CatNvim/lazy/lazy.nvim/lua
[00:16:02.992][info] [#0:script/workspace/loading.lua:101]: Preload file at: file:///home/picadro/.local/share/CatNvim/lazy/lazy.nvim/lua/lazy/manage/reloader.lua , size = 2.817 KB
[00:16:02.994][info] [#0:script/workspace/loading.lua:113]: ++++As library of:	file:///home/picadro/.local/share/CatNvim/lazy/lazy.nvim/lua
[00:16:02.995][info] [#0:script/workspace/loading.lua:101]: Preload file at: file:///home/picadro/.local/share/CatNvim/lazy/lazy.nvim/lua/lazy/manage/runner.lua , size = 4.791 KB
[00:16:02.998][info] [#0:script/workspace/loading.lua:113]: ++++As library of:	file:///home/picadro/.local/share/CatNvim/lazy/lazy.nvim/lua
[00:16:02.998][info] [#0:script/workspace/loading.lua:101]: Preload file at: file:///home/picadro/.local/share/CatNvim/lazy/lazy.nvim/lua/lazy/manage/semver.lua , size = 4.455 KB
[00:16:03.001][info] [#0:script/workspace/loading.lua:113]: ++++As library of:	file:///home/picadro/.local/share/CatNvim/lazy/lazy.nvim/lua
[00:16:03.002][info] [#0:script/workspace/loading.lua:101]: Preload file at: file:///home/picadro/.local/share/CatNvim/lazy/lazy.nvim/lua/lazy/manage/task/fs.lua , size = 0.886 KB
[00:16:03.003][info] [#0:script/workspace/loading.lua:113]: ++++As library of:	file:///home/picadro/.local/share/CatNvim/lazy/lazy.nvim/lua
[00:16:03.003][info] [#0:script/workspace/loading.lua:101]: Preload file at: file:///home/picadro/.local/share/CatNvim/lazy/lazy.nvim/lua/lazy/manage/task/git.lua , size = 8.313 KB
[00:16:03.007][info] [#0:script/workspace/loading.lua:113]: ++++As library of:	file:///home/picadro/.local/share/CatNvim/lazy/lazy.nvim/lua
[00:16:03.008][info] [#0:script/workspace/loading.lua:101]: Preload file at: file:///home/picadro/.local/share/CatNvim/lazy/lazy.nvim/lua/lazy/manage/task/init.lua , size = 6.452 KB
[00:16:03.013][info] [#0:script/workspace/loading.lua:113]: ++++As library of:	file:///home/picadro/.local/share/CatNvim/lazy/lazy.nvim/lua
[00:16:03.013][info] [#0:script/workspace/loading.lua:101]: Preload file at: file:///home/picadro/.local/share/CatNvim/lazy/lazy.nvim/lua/lazy/manage/task/plugin.lua , size = 2.486 KB
[00:16:03.014][info] [#0:script/workspace/loading.lua:113]: ++++As library of:	file:///home/picadro/.local/share/CatNvim/lazy/lazy.nvim/lua
[00:16:03.015][info] [#0:script/workspace/loading.lua:101]: Preload file at: file:///home/picadro/.local/share/CatNvim/lazy/lazy.nvim/lua/lazy/pkg/init.lua , size = 3.028 KB
[00:16:03.017][info] [#0:script/workspace/loading.lua:113]: ++++As library of:	file:///home/picadro/.local/share/CatNvim/lazy/lazy.nvim/lua
[00:16:03.017][info] [#0:script/workspace/loading.lua:101]: Preload file at: file:///home/picadro/.local/share/CatNvim/lazy/lazy.nvim/lua/lazy/pkg/lazy.lua , size = 0.720 KB
[00:16:03.017][info] [#0:script/workspace/loading.lua:113]: ++++As library of:	file:///home/picadro/.local/share/CatNvim/lazy/lazy.nvim/lua
[00:16:03.018][info] [#0:script/workspace/loading.lua:101]: Preload file at: file:///home/picadro/.local/share/CatNvim/lazy/lazy.nvim/lua/lazy/pkg/packspec.lua , size = 1.137 KB
[00:16:03.019][info] [#0:script/workspace/loading.lua:113]: ++++As library of:	file:///home/picadro/.local/share/CatNvim/lazy/lazy.nvim/lua
[00:16:03.019][info] [#0:script/workspace/loading.lua:101]: Preload file at: file:///home/picadro/.local/share/CatNvim/lazy/lazy.nvim/lua/lazy/pkg/rockspec.lua , size = 7.757 KB
[00:16:03.023][info] [#0:script/workspace/loading.lua:113]: ++++As library of:	file:///home/picadro/.local/share/CatNvim/lazy/lazy.nvim/lua
[00:16:03.023][info] [#0:script/workspace/loading.lua:101]: Preload file at: file:///home/picadro/.local/share/CatNvim/lazy/lazy.nvim/lua/lazy/state.lua , size = 0.859 KB
[00:16:03.024][info] [#0:script/workspace/loading.lua:113]: ++++As library of:	file:///home/picadro/.local/share/CatNvim/lazy/lazy.nvim/lua
[00:16:03.024][info] [#0:script/workspace/loading.lua:101]: Preload file at: file:///home/picadro/.local/share/CatNvim/lazy/lazy.nvim/lua/lazy/stats.lua , size = 2.066 KB
[00:16:03.025][info] [#0:script/workspace/loading.lua:113]: ++++As library of:	file:///home/picadro/.local/share/CatNvim/lazy/lazy.nvim/lua
[00:16:03.025][info] [#0:script/workspace/loading.lua:101]: Preload file at: file:///home/picadro/.local/share/CatNvim/lazy/lazy.nvim/lua/lazy/status.lua , size = 0.353 KB
[00:16:03.025][info] [#0:script/workspace/loading.lua:113]: ++++As library of:	file:///home/picadro/.local/share/CatNvim/lazy/lazy.nvim/lua
[00:16:03.025][info] [#0:script/workspace/loading.lua:101]: Preload file at: file:///home/picadro/.local/share/CatNvim/lazy/lazy.nvim/lua/lazy/terminal.lua , size = 2.394 KB
[00:16:03.027][info] [#0:script/workspace/loading.lua:113]: ++++As library of:	file:///home/picadro/.local/share/CatNvim/lazy/lazy.nvim/lua
[00:16:03.027][info] [#0:script/workspace/loading.lua:101]: Preload file at: file:///home/picadro/.local/share/CatNvim/lazy/lazy.nvim/lua/lazy/types.lua , size = 3.529 KB
[00:16:03.029][info] [#0:script/workspace/loading.lua:113]: ++++As library of:	file:///home/picadro/.local/share/CatNvim/lazy/lazy.nvim/lua
[00:16:03.029][info] [#0:script/workspace/loading.lua:101]: Preload file at: file:///home/picadro/.local/share/CatNvim/lazy/lazy.nvim/lua/lazy/util.lua , size = 6.859 KB
[00:16:03.034][info] [#0:script/workspace/loading.lua:113]: ++++As library of:	file:///home/picadro/.local/share/CatNvim/lazy/lazy.nvim/lua
[00:16:03.035][info] [#0:script/workspace/loading.lua:101]: Preload file at: file:///home/picadro/.local/share/CatNvim/lazy/lazy.nvim/lua/lazy/view/colors.lua , size = 1.820 KB
[00:16:03.036][info] [#0:script/workspace/loading.lua:113]: ++++As library of:	file:///home/picadro/.local/share/CatNvim/lazy/lazy.nvim/lua
[00:16:03.036][info] [#0:script/workspace/loading.lua:101]: Preload file at: file:///home/picadro/.local/share/CatNvim/lazy/lazy.nvim/lua/lazy/view/commands.lua , size = 3.889 KB
[00:16:03.039][info] [#0:script/workspace/loading.lua:113]: ++++As library of:	file:///home/picadro/.local/share/CatNvim/lazy/lazy.nvim/lua
[00:16:03.039][info] [#0:script/workspace/loading.lua:101]: Preload file at: file:///home/picadro/.local/share/CatNvim/lazy/lazy.nvim/lua/lazy/view/config.lua , size = 3.478 KB
[00:16:03.041][info] [#0:script/workspace/loading.lua:113]: ++++As library of:	file:///home/picadro/.local/share/CatNvim/lazy/lazy.nvim/lua
[00:16:03.041][info] [#0:script/workspace/loading.lua:101]: Preload file at: file:///home/picadro/.local/share/CatNvim/lazy/lazy.nvim/lua/lazy/view/diff.lua , size = 1.585 KB
[00:16:03.042][info] [#0:script/workspace/loading.lua:113]: ++++As library of:	file:///home/picadro/.local/share/CatNvim/lazy/lazy.nvim/lua
[00:16:03.042][info] [#0:script/workspace/loading.lua:101]: Preload file at: file:///home/picadro/.local/share/CatNvim/lazy/lazy.nvim/lua/lazy/view/float.lua , size = 9.506 KB
[00:16:03.050][info] [#0:script/workspace/loading.lua:113]: ++++As library of:	file:///home/picadro/.local/share/CatNvim/lazy/lazy.nvim/lua
[00:16:03.050][info] [#0:script/workspace/loading.lua:101]: Preload file at: file:///home/picadro/.local/share/CatNvim/lazy/lazy.nvim/lua/lazy/view/init.lua , size = 8.518 KB
[00:16:03.056][info] [#0:script/workspace/loading.lua:113]: ++++As library of:	file:///home/picadro/.local/share/CatNvim/lazy/lazy.nvim/lua
[00:16:03.056][info] [#0:script/workspace/loading.lua:101]: Preload file at: file:///home/picadro/.local/share/CatNvim/lazy/lazy.nvim/lua/lazy/view/render.lua , size = 22.419 KB
[00:16:03.073][info] [#0:script/workspace/loading.lua:113]: ++++As library of:	file:///home/picadro/.local/share/CatNvim/lazy/lazy.nvim/lua
[00:16:03.073][info] [#0:script/workspace/loading.lua:101]: Preload file at: file:///home/picadro/.local/share/CatNvim/lazy/lazy.nvim/lua/lazy/view/sections.lua , size = 2.433 KB
[00:16:03.075][info] [#0:script/workspace/loading.lua:113]: ++++As library of:	file:///home/picadro/.local/share/CatNvim/lazy/lazy.nvim/lua
[00:16:03.075][info] [#0:script/workspace/loading.lua:101]: Preload file at: file:///home/picadro/.local/share/CatNvim/lazy/lazy.nvim/lua/lazy/view/text.lua , size = 3.813 KB
[00:16:03.078][info] [#0:script/workspace/loading.lua:113]: ++++As library of:	file:///home/picadro/.local/share/CatNvim/lazy/lazy.nvim/lua
[00:16:03.078][info] [#0:script/workspace/loading.lua:89]: Skip loaded file: file:///home/picadro/.local/share/CatNvim/mason/packages/lua-language-server/libexec/meta/Lua%205.4%20en-us%20utf8/basic.lua
[00:16:03.078][info] [#0:script/workspace/loading.lua:113]: ++++As library of:	file:///home/picadro/.local/share/CatNvim/mason/packages/lua-language-server/libexec/meta/Lua%205.4%20en-us%20utf8/basic.lua
[00:16:03.078][info] [#0:script/workspace/loading.lua:101]: Preload file at: file:///home/picadro/.local/share/CatNvim/lazy/lazy.nvim/tests/busted.lua , size = 0.668 KB
[00:16:03.079][info] [#0:script/workspace/loading.lua:101]: Preload file at: file:///home/picadro/.local/share/CatNvim/lazy/lazy.nvim/tests/core/init_spec.lua , size = 0.369 KB
[00:16:03.080][info] [#0:script/workspace/loading.lua:101]: Preload file at: file:///home/picadro/.local/share/CatNvim/lazy/lazy.nvim/tests/core/plugin_spec.lua , size = 16.634 KB
[00:16:03.089][info] [#0:script/workspace/loading.lua:101]: Preload file at: file:///home/picadro/.local/share/CatNvim/lazy/lazy.nvim/tests/core/util_spec.lua , size = 4.053 KB
[00:16:03.092][info] [#0:script/workspace/loading.lua:101]: Preload file at: file:///home/picadro/.local/share/CatNvim/lazy/lazy.nvim/tests/handlers/keys_spec.lua , size = 0.499 KB
[00:16:03.093][info] [#0:script/workspace/loading.lua:101]: Preload file at: file:///home/picadro/.local/share/CatNvim/lazy/lazy.nvim/tests/helpers.lua , size = 0.739 KB
[00:16:03.094][info] [#0:script/workspace/loading.lua:101]: Preload file at: file:///home/picadro/.local/share/CatNvim/lazy/lazy.nvim/tests/manage/runner_spec.lua , size = 2.369 KB
[00:16:03.096][info] [#0:script/workspace/loading.lua:101]: Preload file at: file:///home/picadro/.local/share/CatNvim/lazy/lazy.nvim/tests/manage/semver_spec.lua , size = 3.623 KB
[00:16:03.098][info] [#0:script/workspace/loading.lua:101]: Preload file at: file:///home/picadro/.local/share/CatNvim/lazy/lazy.nvim/tests/manage/task_spec.lua , size = 2.693 KB
[00:16:03.100][info] [#0:script/workspace/loading.lua:173]: Loaded files takes [1.639] sec: file:///home/picadro/.local/share/CatNvim/lazy/lazy.nvim
[00:16:03.101][info] [#0:script/workspace/loading.lua:182]: Compile files takes [0.000] sec: file:///home/picadro/.local/share/CatNvim/lazy/lazy.nvim
[00:16:03.101][info] [#0:script/workspace/loading.lua:183]: Loaded finish:	file:///home/picadro/.local/share/CatNvim/lazy/lazy.nvim
[00:16:03.101][info] [#0:script/workspace/workspace.lua:381]: Preload finish at:	file:///home/picadro/.local/share/CatNvim/lazy/lazy.nvim
[00:16:03.142][info] [#0:script/provider/diagnostic.lua:560]: Diagnostics scope [file:///home/picadro/.local/share/CatNvim/lazy/lazy.nvim], files count:[213]
[00:16:03.142][warn] [#0:script/proto/proto.lua:187]: Method [textDocument/didOpen] takes [1.800]sec. {
  jsonrpc = "2.0",
  method = "textDocument/didOpen",
  params = {
    textDocument = {
      languageId = "lua",
      text = '"***"',
      uri = "file:///home/picadro/.local/share/CatNvim/lazy/lazy.nvim/lua/lazy/init.lua",
      version = 0
    }
  }
}
[00:16:03.144][warn] [#0:script/proto/proto.lua:187]: Method [textDocument/documentHighlight] takes [1.736]sec. {
  id = 14,
  jsonrpc = "2.0",
  method = "textDocument/documentHighlight",
  params = {
    position = {
      character = 0,
      line = 79
    },
    textDocument = {
      uri = "file:///home/picadro/.local/share/CatNvim/lazy/lazy.nvim/lua/lazy/init.lua"
    }
  }
}
[00:16:03.195][warn] [#0:script/proto/proto.lua:187]: Method [textDocument/semanticTokens/full] takes [1.750]sec. {
  id = 17,
  jsonrpc = "2.0",
  method = "textDocument/semanticTokens/full",
  params = {
    textDocument = {
      uri = "file:///home/picadro/.local/share/CatNvim/lazy/lazy.nvim/lua/lazy/init.lua"
    }
  }
}
[00:16:03.235][warn] [#0:script/proto/proto.lua:187]: Method [textDocument/inlayHint] takes [1.800]sec. {
  id = 7,
  jsonrpc = "2.0",
  method = "textDocument/inlayHint",
  params = {
    range = {
      end = {
        character = 0,
        line = 151
      },
      start = {
        character = 0,
        line = 0
      }
    },
    textDocument = {
      uri = "file:///home/picadro/.local/share/CatNvim/lazy/lazy.nvim/lua/lazy/init.lua"
    }
  }
}
[00:16:03.236][warn] [#0:script/proto/proto.lua:187]: Method [textDocument/inlayHint] takes [1.800]sec. {
  id = 9,
  jsonrpc = "2.0",
  method = "textDocument/inlayHint",
  params = {
    range = {
      end = {
        character = 0,
        line = 151
      },
      start = {
        character = 0,
        line = 0
      }
    },
    textDocument = {
      uri = "file:///home/picadro/.local/share/CatNvim/lazy/lazy.nvim/lua/lazy/init.lua"
    }
  }
}
[00:16:03.236][warn] [#0:script/proto/proto.lua:187]: Method [textDocument/inlayHint] takes [1.800]sec. {
  id = 11,
  jsonrpc = "2.0",
  method = "textDocument/inlayHint",
  params = {
    range = {
      end = {
        character = 0,
        line = 151
      },
      start = {
        character = 0,
        line = 0
      }
    },
    textDocument = {
      uri = "file:///home/picadro/.local/share/CatNvim/lazy/lazy.nvim/lua/lazy/init.lua"
    }
  }
}
[00:16:03.236][warn] [#0:script/proto/proto.lua:187]: Method [textDocument/inlayHint] takes [1.800]sec. {
  id = 13,
  jsonrpc = "2.0",
  method = "textDocument/inlayHint",
  params = {
    range = {
      end = {
        character = 0,
        line = 151
      },
      start = {
        character = 0,
        line = 0
      }
    },
    textDocument = {
      uri = "file:///home/picadro/.local/share/CatNvim/lazy/lazy.nvim/lua/lazy/init.lua"
    }
  }
}
[00:16:03.236][warn] [#0:script/proto/proto.lua:187]: Method [textDocument/inlayHint] takes [1.767]sec. {
  id = 16,
  jsonrpc = "2.0",
  method = "textDocument/inlayHint",
  params = {
    range = {
      end = {
        character = 0,
        line = 151
      },
      start = {
        character = 0,
        line = 0
      }
    },
    textDocument = {
      uri = "file:///home/picadro/.local/share/CatNvim/lazy/lazy.nvim/lua/lazy/init.lua"
    }
  }
}
[00:16:03.236][warn] [#0:script/proto/proto.lua:187]: Method [textDocument/inlayHint] takes [1.767]sec. {
  id = 18,
  jsonrpc = "2.0",
  method = "textDocument/inlayHint",
  params = {
    range = {
      end = {
        character = 0,
        line = 151
      },
      start = {
        character = 0,
        line = 0
      }
    },
    textDocument = {
      uri = "file:///home/picadro/.local/share/CatNvim/lazy/lazy.nvim/lua/lazy/init.lua"
    }
  }
}
[00:16:03.242][warn] [#0:script/proto/proto.lua:187]: Method [textDocument/documentSymbol] takes [1.868]sec. {
  id = 5,
  jsonrpc = "2.0",
  method = "textDocument/documentSymbol",
  params = {
    textDocument = {
      uri = "file:///home/picadro/.local/share/CatNvim/lazy/lazy.nvim/lua/lazy/init.lua"
    }
  }
}
[00:16:03.792][info] [#0:script/provider/diagnostic.lua:577]: Diagnostics scope [file:///home/picadro/.local/share/CatNvim/lazy/lazy.nvim] finished, takes [0.307] sec.
[00:16:45.248][info] [#0:script/provider/provider.lua:169]: Server shutdown.
[00:16:45.349][info] [#0:script/provider/provider.lua:162]: Server exited.
