[23:31:57.576][info] [#0:/home/hackaroon/.local/share/CatNvim/mason/packages/lua-language-server/libexec/main.lua:68]: Lua Lsp startup, root: 	/home/hackaroon/.local/share/CatNvim/mason/packages/lua-language-server/libexec
[23:31:57.576][info] [#0:/home/hackaroon/.local/share/CatNvim/mason/packages/lua-language-server/libexec/main.lua:69]: ROOT:	/home/hackaroon/.local/share/CatNvim/mason/packages/lua-language-server/libexec
[23:31:57.576][info] [#0:/home/hackaroon/.local/share/CatNvim/mason/packages/lua-language-server/libexec/main.lua:70]: LOGPATH:	/home/hackaroon/.local/share/CatNvim/mason/packages/lua-language-server/libexec/log
[23:31:57.576][info] [#0:/home/hackaroon/.local/share/CatNvim/mason/packages/lua-language-server/libexec/main.lua:71]: METAPATH:	/home/hackaroon/.local/share/CatNvim/mason/packages/lua-language-server/libexec/meta
[23:31:57.576][info] [#0:/home/hackaroon/.local/share/CatNvim/mason/packages/lua-language-server/libexec/main.lua:72]: VERSION:	3.9.3
[23:31:57.602][info] [#0:script/proto/proto.lua:234]: Listen Mode: stdio
[23:31:57.602][info] [#0:script/service/service.lua:145]: 
========= Medical Examination Report =========
    --------------- Memory ---------------
        Total: 1.393 MB
        # 00 : 1.393 MB
        # 01 : 0.000 MB
        # 02 : 0.000 MB
        # 03 : 0.000 MB
        # 04 : 0.000 MB
    --------------- Coroutine ---------------
        Total:     0
        Running:   0
        Suspended: 0
        Normal:    0
        Dead:      0
    --------------- Cache ---------------
        Total: 1
        Dead:  0
    ---------------  RPC  ---------------
        Holdon:   0
        Waiting:  0
==============================================
[23:31:57.607][info] [#0:script/client.lua:657]: Client init	{
  capabilities = {
    general = {
      positionEncodings = { "utf-16" }
    },
    textDocument = {
      callHierarchy = {
        dynamicRegistration = false
      },
      codeAction = {
        codeActionLiteralSupport = {
          codeActionKind = {
            valueSet = { "", "quickfix", "refactor", "refactor.extract", "refactor.inline", "refactor.rewrite", "source", "source.organizeImports" }
          }
        },
        dataSupport = true,
        dynamicRegistration = true,
        isPreferredSupport = true,
        resolveSupport = {
          properties = { "edit" }
        }
      },
      completion = {
        completionItem = {
          commitCharactersSupport = true,
          deprecatedSupport = true,
          documentationFormat = { "markdown", "plaintext" },
          insertReplaceSupport = true,
          insertTextModeSupport = {
            valueSet = { 1, 2 }
          },
          labelDetailsSupport = true,
          preselectSupport = true,
          resolveSupport = {
            properties = { "documentation", "detail", "additionalTextEdits", "sortText", "filterText", "insertText", "textEdit", "insertTextFormat", "insertTextMode" }
          },
          snippetSupport = true,
          tagSupport = {
            valueSet = { 1 }
          }
        },
        completionItemKind = {
          valueSet = { 1, 2, 3, 4, 5, 6, 7, 8, 9, 10, 11, 12, 13, 14, 15, 16, 17, 18, 19, 20, 21, 22, 23, 24, 25 }
        },
        completionList = {
          itemDefaults = { "commitCharacters", "editRange", "insertTextFormat", "insertTextMode", "data" }
        },
        contextSupport = true,
        dynamicRegistration = false,
        insertTextMode = 1
      },
      declaration = {
        linkSupport = true
      },
      definition = {
        dynamicRegistration = true,
        linkSupport = true
      },
      diagnostic = {
        dynamicRegistration = false
      },
      documentHighlight = {
        dynamicRegistration = false
      },
      documentSymbol = {
        dynamicRegistration = false,
        hierarchicalDocumentSymbolSupport = true,
        symbolKind = {
          valueSet = { 1, 2, 3, 4, 5, 6, 7, 8, 9, 10, 11, 12, 13, 14, 15, 16, 17, 18, 19, 20, 21, 22, 23, 24, 25, 26 }
        }
      },
      formatting = {
        dynamicRegistration = true
      },
      hover = {
        contentFormat = { "markdown", "plaintext" },
        dynamicRegistration = true
      },
      implementation = {
        linkSupport = true
      },
      inlayHint = {
        dynamicRegistration = true,
        resolveSupport = {
          properties = { "textEdits", "tooltip", "location", "command" }
        }
      },
      publishDiagnostics = {
        dataSupport = true,
        relatedInformation = true,
        tagSupport = {
          valueSet = { 1, 2 }
        }
      },
      rangeFormatting = {
        dynamicRegistration = true
      },
      references = {
        dynamicRegistration = false
      },
      rename = {
        dynamicRegistration = true,
        prepareSupport = true
      },
      semanticTokens = {
        augmentsSyntaxTokens = true,
        dynamicRegistration = false,
        formats = { "relative" },
        multilineTokenSupport = false,
        overlappingTokenSupport = true,
        requests = {
          full = {
            delta = true
          },
          range = false
        },
        serverCancelSupport = false,
        tokenModifiers = { "declaration", "definition", "readonly", "static", "deprecated", "abstract", "async", "modification", "documentation", "defaultLibrary" },
        tokenTypes = { "namespace", "type", "class", "enum", "interface", "struct", "typeParameter", "parameter", "variable", "property", "enumMember", "event", "function", "method", "macro", "keyword", "modifier", "comment", "string", "number", "regexp", "operator", "decorator" }
      },
      signatureHelp = {
        dynamicRegistration = false,
        signatureInformation = {
          activeParameterSupport = true,
          documentationFormat = { "markdown", "plaintext" },
          parameterInformation = {
            labelOffsetSupport = true
          }
        }
      },
      synchronization = {
        didSave = true,
        dynamicRegistration = false,
        willSave = true,
        willSaveWaitUntil = true
      },
      typeDefinition = {
        linkSupport = true
      }
    },
    window = {
      showDocument = {
        support = true
      },
      showMessage = {
        messageActionItem = {
          additionalPropertiesSupport = false
        }
      },
      workDoneProgress = true
    },
    workspace = {
      applyEdit = true,
      configuration = true,
      didChangeConfiguration = {
        dynamicRegistration = false
      },
      didChangeWatchedFiles = {
        dynamicRegistration = false,
        relativePatternSupport = true
      },
      fileOperations = {
        didRename = true,
        willRename = true
      },
      inlayHint = {
        refreshSupport = true
      },
      semanticTokens = {
        refreshSupport = true
      },
      symbol = {
        dynamicRegistration = false,
        symbolKind = {
          valueSet = { 1, 2, 3, 4, 5, 6, 7, 8, 9, 10, 11, 12, 13, 14, 15, 16, 17, 18, 19, 20, 21, 22, 23, 24, 25, 26 }
        }
      },
      workspaceEdit = {
        resourceOperations = { "rename", "create", "delete" }
      },
      workspaceFolders = true
    }
  },
  clientInfo = {
    name = "Neovim",
    version = "0.10.0-dev+dirty"
  },
  initializationOptions = {},
  processId = 9564,
  trace = "off",
  workDoneToken = "1"
}
[23:31:57.607][info] [#0:script/language.lua:137]: VSC language: nil
[23:31:57.607][info] [#0:script/language.lua:138]: LS  language: en-us
[23:31:57.810][info] [#0:script/provider/provider.lua:61]: Load config from client	fallback
[23:31:57.810][info] [#0:script/provider/provider.lua:62]: {
  Lua = {
    codeLens = {
      enable = true
    },
    completion = {
      callSnippet = "Replace"
    },
    doc = {
      privateName = { "^_" }
    },
    hint = {
      arrayIndex = "Disable",
      enable = true,
      paramName = "Disable",
      paramType = true,
      semicolon = "Disable",
      setType = false
    },
    workspace = {
      checkThirdParty = false
    }
  }
}
[23:31:57.811][info] [#0:script/provider/provider.lua:61]: Load config from client	fallback
[23:31:57.811][info] [#0:script/provider/provider.lua:62]: {
  Lua = {
    codeLens = {
      enable = true
    },
    completion = {
      callSnippet = "Replace"
    },
    doc = {
      privateName = { "^_" }
    },
    hint = {
      arrayIndex = "Disable",
      enable = true,
      paramName = "Disable",
      paramType = true,
      semicolon = "Disable",
      setType = false
    },
    workspace = {
      checkThirdParty = false
    }
  }
}
[23:31:57.948][info] [#0:script/library.lua:212]: Init builtin library at:	nil
[23:31:57.964][info] [#0:script/provider/provider.lua:61]: Load config from client	fallback
[23:31:57.964][info] [#0:script/provider/provider.lua:62]: {
  Lua = {
    codeLens = {
      enable = true
    },
    completion = {
      callSnippet = "Replace"
    },
    doc = {
      privateName = { "^_" }
    },
    hint = {
      arrayIndex = "Disable",
      enable = true,
      paramName = "Disable",
      paramType = true,
      semicolon = "Disable",
      setType = false
    },
    runtime = {
      path = { "?.lua", "?/init.lua" },
      pathStrict = true,
      version = "LuaJIT"
    },
    workspace = {
      checkThirdParty = false,
      ignoreDir = { "/lua" },
      library = { "/usr/share/nvim/runtime/lua" }
    }
  }
}
[23:31:58.066][info] [#0:script/workspace/workspace.lua:324]: Preload start:	<fallback>
[23:31:58.073][info] [#0:script/workspace/workspace.lua:353]: Scan library at:	file:///home/hackaroon/.local/share/CatNvim/mason/packages/lua-language-server/libexec/meta/Lua%205.4%20en-us%20utf8/debug.lua
[23:31:58.074][info] [#0:script/workspace/workspace.lua:353]: Scan library at:	file:///home/hackaroon/.local/share/CatNvim/mason/packages/lua-language-server/libexec/meta/Lua%205.4%20en-us%20utf8/utf8.lua
[23:31:58.075][info] [#0:script/workspace/workspace.lua:353]: Scan library at:	file:///home/hackaroon/.local/share/CatNvim/mason/packages/lua-language-server/libexec/meta/Lua%205.4%20en-us%20utf8/coroutine.lua
[23:31:58.075][info] [#0:script/workspace/workspace.lua:353]: Scan library at:	file:///home/hackaroon/.local/share/CatNvim/mason/packages/lua-language-server/libexec/meta/Lua%205.4%20en-us%20utf8/string.lua
[23:31:58.076][info] [#0:script/workspace/workspace.lua:353]: Scan library at:	file:///home/hackaroon/.local/share/CatNvim/mason/packages/lua-language-server/libexec/meta/Lua%205.4%20en-us%20utf8/basic.lua
[23:31:58.076][info] [#0:script/workspace/workspace.lua:353]: Scan library at:	file:///home/hackaroon/.local/share/CatNvim/mason/packages/lua-language-server/libexec/meta/Lua%205.4%20en-us%20utf8/math.lua
[23:31:58.077][info] [#0:script/workspace/workspace.lua:353]: Scan library at:	file:///home/hackaroon/.local/share/CatNvim/mason/packages/lua-language-server/libexec/meta/Lua%205.4%20en-us%20utf8/io.lua
[23:31:58.077][info] [#0:script/workspace/workspace.lua:353]: Scan library at:	file:///home/hackaroon/.local/share/CatNvim/mason/packages/lua-language-server/libexec/meta/Lua%205.4%20en-us%20utf8/os.lua
[23:31:58.078][info] [#0:script/workspace/workspace.lua:353]: Scan library at:	file:///home/hackaroon/.local/share/CatNvim/mason/packages/lua-language-server/libexec/meta/Lua%205.4%20en-us%20utf8/builtin.lua
[23:31:58.078][info] [#0:script/workspace/workspace.lua:353]: Scan library at:	file:///home/hackaroon/.local/share/CatNvim/mason/packages/lua-language-server/libexec/meta/Lua%205.4%20en-us%20utf8/package.lua
[23:31:58.078][info] [#0:script/workspace/workspace.lua:353]: Scan library at:	file:///usr/share/nvim/runtime/lua
[23:31:58.105][info] [#0:script/workspace/workspace.lua:353]: Scan library at:	file:///home/hackaroon/.local/share/CatNvim/mason/packages/lua-language-server/libexec/meta/Lua%205.4%20en-us%20utf8/table.lua
[23:31:58.206][info] [#0:script/workspace/workspace.lua:379]: Found 111 files at:	<fallback>
[23:31:58.206][info] [#0:script/workspace/loading.lua:161]: Load files from disk:	<fallback>
[23:31:58.209][info] [#0:script/workspace/loading.lua:101]: Preload file at: file:///home/hackaroon/.local/share/CatNvim/mason/packages/lua-language-server/libexec/meta/Lua%205.4%20en-us%20utf8/table.lua , size = 4.235 KB
[23:31:58.230][info] [#0:script/workspace/loading.lua:113]: ++++As library of:	file:///home/hackaroon/.local/share/CatNvim/mason/packages/lua-language-server/libexec/meta/Lua%205.4%20en-us%20utf8/table.lua
[23:31:58.230][info] [#0:script/workspace/loading.lua:101]: Preload file at: file:///usr/share/nvim/runtime/lua/provider/clipboard/health.lua , size = 1.151 KB
[23:31:58.233][info] [#0:script/workspace/loading.lua:113]: ++++As library of:	file:///usr/share/nvim/runtime/lua
[23:31:58.233][info] [#0:script/workspace/loading.lua:101]: Preload file at: file:///usr/share/nvim/runtime/lua/provider/node/health.lua , size = 3.375 KB
[23:31:58.240][info] [#0:script/workspace/loading.lua:113]: ++++As library of:	file:///usr/share/nvim/runtime/lua
[23:31:58.240][info] [#0:script/workspace/loading.lua:101]: Preload file at: file:///usr/share/nvim/runtime/lua/provider/perl/health.lua , size = 2.752 KB
[23:31:58.244][info] [#0:script/workspace/loading.lua:113]: ++++As library of:	file:///usr/share/nvim/runtime/lua
[23:31:58.244][info] [#0:script/workspace/loading.lua:101]: Preload file at: file:///usr/share/nvim/runtime/lua/provider/python/health.lua , size = 16.124 KB
[23:31:58.257][info] [#0:script/workspace/loading.lua:113]: ++++As library of:	file:///usr/share/nvim/runtime/lua
[23:31:58.257][info] [#0:script/workspace/loading.lua:101]: Preload file at: file:///usr/share/nvim/runtime/lua/provider/ruby/health.lua , size = 2.256 KB
[23:31:58.259][info] [#0:script/workspace/loading.lua:113]: ++++As library of:	file:///usr/share/nvim/runtime/lua
[23:31:58.261][info] [#0:script/workspace/loading.lua:101]: Preload file at: file:///usr/share/nvim/runtime/lua/nvim/health.lua , size = 12.500 KB
[23:31:58.268][info] [#0:script/workspace/loading.lua:113]: ++++As library of:	file:///usr/share/nvim/runtime/lua
[23:31:58.268][info] [#0:script/workspace/loading.lua:101]: Preload file at: file:///usr/share/nvim/runtime/lua/vim/_meta/api_keysets.lua , size = 8.292 KB
[23:31:58.274][info] [#0:script/workspace/loading.lua:113]: ++++As library of:	file:///usr/share/nvim/runtime/lua
[23:31:58.274][info] [#0:script/workspace/loading.lua:101]: Preload file at: file:///usr/share/nvim/runtime/lua/vim/_meta/api_keysets_extra.lua , size = 4.535 KB
[23:31:58.277][info] [#0:script/workspace/loading.lua:113]: ++++As library of:	file:///usr/share/nvim/runtime/lua
[23:31:58.277][info] [#0:script/workspace/loading.lua:101]: Preload file at: file:///usr/share/nvim/runtime/lua/vim/_meta/base64.lua , size = 0.307 KB
[23:31:58.281][info] [#0:script/workspace/loading.lua:113]: ++++As library of:	file:///usr/share/nvim/runtime/lua
[23:31:58.281][info] [#0:script/workspace/loading.lua:101]: Preload file at: file:///usr/share/nvim/runtime/lua/vim/_meta/builtin.lua , size = 11.183 KB
[23:31:58.284][info] [#0:script/workspace/loading.lua:113]: ++++As library of:	file:///usr/share/nvim/runtime/lua
[23:31:58.284][info] [#0:script/workspace/loading.lua:101]: Preload file at: file:///usr/share/nvim/runtime/lua/vim/_meta/builtin_types.lua , size = 3.362 KB
[23:31:58.286][info] [#0:script/workspace/loading.lua:113]: ++++As library of:	file:///usr/share/nvim/runtime/lua
[23:31:58.286][info] [#0:script/workspace/loading.lua:101]: Preload file at: file:///usr/share/nvim/runtime/lua/vim/_meta/api.lua , size = 97.322 KB
[23:31:58.321][info] [#0:script/workspace/loading.lua:113]: ++++As library of:	file:///usr/share/nvim/runtime/lua
[23:31:58.321][info] [#0:script/workspace/loading.lua:101]: Preload file at: file:///usr/share/nvim/runtime/lua/vim/_meta/diff.lua , size = 2.479 KB
[23:31:58.322][info] [#0:script/workspace/loading.lua:113]: ++++As library of:	file:///usr/share/nvim/runtime/lua
[23:31:58.322][info] [#0:script/workspace/loading.lua:101]: Preload file at: file:///usr/share/nvim/runtime/lua/vim/_meta/json.lua , size = 1.359 KB
[23:31:58.323][info] [#0:script/workspace/loading.lua:113]: ++++As library of:	file:///usr/share/nvim/runtime/lua
[23:31:58.323][info] [#0:script/workspace/loading.lua:101]: Preload file at: file:///usr/share/nvim/runtime/lua/vim/_meta/misc.lua , size = 0.291 KB
[23:31:58.323][info] [#0:script/workspace/loading.lua:113]: ++++As library of:	file:///usr/share/nvim/runtime/lua
[23:31:58.324][info] [#0:script/workspace/loading.lua:101]: Preload file at: file:///usr/share/nvim/runtime/lua/vim/_meta/mpack.lua , size = 0.478 KB
[23:31:58.324][info] [#0:script/workspace/loading.lua:113]: ++++As library of:	file:///usr/share/nvim/runtime/lua
[23:31:58.324][info] [#0:script/workspace/loading.lua:101]: Preload file at: file:///usr/share/nvim/runtime/lua/vim/_meta/lpeg.lua , size = 14.889 KB
[23:31:58.329][info] [#0:script/workspace/loading.lua:113]: ++++As library of:	file:///usr/share/nvim/runtime/lua
[23:31:58.329][info] [#0:script/workspace/loading.lua:101]: Preload file at: file:///usr/share/nvim/runtime/lua/vim/_meta/re.lua , size = 2.217 KB
[23:31:58.330][info] [#0:script/workspace/loading.lua:113]: ++++As library of:	file:///usr/share/nvim/runtime/lua
[23:31:58.330][info] [#0:script/workspace/loading.lua:101]: Preload file at: file:///usr/share/nvim/runtime/lua/vim/_meta/regex.lua , size = 1.347 KB
[23:31:58.331][info] [#0:script/workspace/loading.lua:113]: ++++As library of:	file:///usr/share/nvim/runtime/lua
[23:31:58.336][info] [#0:script/workspace/loading.lua:101]: Preload file at: file:///usr/share/nvim/runtime/lua/vim/_meta/options.lua , size = 323.717 KB
[23:31:58.446][info] [#0:script/workspace/loading.lua:113]: ++++As library of:	file:///usr/share/nvim/runtime/lua
[23:31:58.446][info] [#0:script/workspace/loading.lua:101]: Preload file at: file:///usr/share/nvim/runtime/lua/vim/_meta/spell.lua , size = 0.943 KB
[23:31:58.447][info] [#0:script/workspace/loading.lua:113]: ++++As library of:	file:///usr/share/nvim/runtime/lua
[23:31:58.447][info] [#0:script/workspace/loading.lua:101]: Preload file at: file:///usr/share/nvim/runtime/lua/vim/_meta/vvars.lua , size = 25.272 KB
[23:31:58.467][info] [#0:script/workspace/loading.lua:113]: ++++As library of:	file:///usr/share/nvim/runtime/lua
[23:31:58.467][info] [#0:script/workspace/loading.lua:101]: Preload file at: file:///usr/share/nvim/runtime/lua/vim/filetype/detect.lua , size = 57.150 KB
[23:31:58.496][info] [#0:script/workspace/loading.lua:113]: ++++As library of:	file:///usr/share/nvim/runtime/lua
[23:31:58.496][info] [#0:script/workspace/loading.lua:101]: Preload file at: file:///usr/share/nvim/runtime/lua/vim/_meta/vimfn.lua , size = 398.822 KB
[23:31:58.624][info] [#0:script/workspace/loading.lua:113]: ++++As library of:	file:///usr/share/nvim/runtime/lua
[23:31:58.625][info] [#0:script/workspace/loading.lua:101]: Preload file at: file:///usr/share/nvim/runtime/lua/vim/filetype/options.lua , size = 2.559 KB
[23:31:58.627][info] [#0:script/workspace/loading.lua:113]: ++++As library of:	file:///usr/share/nvim/runtime/lua
[23:31:58.627][info] [#0:script/workspace/loading.lua:101]: Preload file at: file:///usr/share/nvim/runtime/lua/vim/func/_memoize.lua , size = 1.354 KB
[23:31:58.628][info] [#0:script/workspace/loading.lua:113]: ++++As library of:	file:///usr/share/nvim/runtime/lua
[23:31:58.628][info] [#0:script/workspace/loading.lua:101]: Preload file at: file:///usr/share/nvim/runtime/lua/vim/lsp/_meta/protocol.lua , size = 175.343 KB
[23:31:58.684][info] [#0:script/workspace/loading.lua:113]: ++++As library of:	file:///usr/share/nvim/runtime/lua
[23:31:58.685][info] [#0:script/workspace/loading.lua:101]: Preload file at: file:///usr/share/nvim/runtime/lua/vim/lsp/_changetracking.lua , size = 11.492 KB
[23:31:58.691][info] [#0:script/workspace/loading.lua:113]: ++++As library of:	file:///usr/share/nvim/runtime/lua
[23:31:58.691][info] [#0:script/workspace/loading.lua:101]: Preload file at: file:///usr/share/nvim/runtime/lua/vim/lsp/_completion.lua , size = 8.965 KB
[23:31:58.721][info] [#0:script/workspace/loading.lua:113]: ++++As library of:	file:///usr/share/nvim/runtime/lua
[23:31:58.721][info] [#0:script/workspace/loading.lua:101]: Preload file at: file:///usr/share/nvim/runtime/lua/vim/lsp/_dynamic.lua , size = 2.973 KB
[23:31:58.724][info] [#0:script/workspace/loading.lua:113]: ++++As library of:	file:///usr/share/nvim/runtime/lua
[23:31:58.724][info] [#0:script/workspace/loading.lua:101]: Preload file at: file:///usr/share/nvim/runtime/lua/vim/lsp/_meta.lua , size = 0.440 KB
[23:31:58.725][info] [#0:script/workspace/loading.lua:113]: ++++As library of:	file:///usr/share/nvim/runtime/lua
[23:31:58.725][info] [#0:script/workspace/loading.lua:101]: Preload file at: file:///usr/share/nvim/runtime/lua/vim/lsp/_snippet_grammar.lua , size = 6.179 KB
[23:31:58.731][info] [#0:script/workspace/loading.lua:113]: ++++As library of:	file:///usr/share/nvim/runtime/lua
[23:31:58.731][info] [#0:script/workspace/loading.lua:101]: Preload file at: file:///usr/share/nvim/runtime/lua/vim/lsp/_tagfunc.lua , size = 2.787 KB
[23:31:58.733][info] [#0:script/workspace/loading.lua:113]: ++++As library of:	file:///usr/share/nvim/runtime/lua
[23:31:58.733][info] [#0:script/workspace/loading.lua:101]: Preload file at: file:///usr/share/nvim/runtime/lua/vim/lsp/_watchfiles.lua , size = 6.889 KB
[23:31:58.736][info] [#0:script/workspace/loading.lua:113]: ++++As library of:	file:///usr/share/nvim/runtime/lua
[23:31:58.736][info] [#0:script/workspace/loading.lua:101]: Preload file at: file:///usr/share/nvim/runtime/lua/vim/lsp/buf.lua , size = 30.505 KB
[23:31:58.752][info] [#0:script/workspace/loading.lua:113]: ++++As library of:	file:///usr/share/nvim/runtime/lua
[23:31:58.753][info] [#0:script/workspace/loading.lua:101]: Preload file at: file:///usr/share/nvim/runtime/lua/vim/lsp/client.lua , size = 37.926 KB
[23:31:58.780][info] [#0:script/workspace/loading.lua:113]: ++++As library of:	file:///usr/share/nvim/runtime/lua
[23:31:58.780][info] [#0:script/workspace/loading.lua:101]: Preload file at: file:///usr/share/nvim/runtime/lua/vim/lsp/codelens.lua , size = 9.255 KB
[23:31:58.786][info] [#0:script/workspace/loading.lua:113]: ++++As library of:	file:///usr/share/nvim/runtime/lua
[23:31:58.786][info] [#0:script/workspace/loading.lua:101]: Preload file at: file:///usr/share/nvim/runtime/lua/vim/lsp/diagnostic.lua , size = 14.102 KB
[23:31:58.793][info] [#0:script/workspace/loading.lua:113]: ++++As library of:	file:///usr/share/nvim/runtime/lua
[23:31:58.793][info] [#0:script/workspace/loading.lua:101]: Preload file at: file:///usr/share/nvim/runtime/lua/vim/lsp/handlers.lua , size = 26.781 KB
[23:31:58.805][info] [#0:script/workspace/loading.lua:113]: ++++As library of:	file:///usr/share/nvim/runtime/lua
[23:31:58.805][info] [#0:script/workspace/loading.lua:101]: Preload file at: file:///usr/share/nvim/runtime/lua/vim/lsp/health.lua , size = 2.992 KB
[23:31:58.807][info] [#0:script/workspace/loading.lua:113]: ++++As library of:	file:///usr/share/nvim/runtime/lua
[23:31:58.807][info] [#0:script/workspace/loading.lua:101]: Preload file at: file:///usr/share/nvim/runtime/lua/vim/lsp/inlay_hint.lua , size = 12.126 KB
[23:31:58.815][info] [#0:script/workspace/loading.lua:113]: ++++As library of:	file:///usr/share/nvim/runtime/lua
[23:31:58.815][info] [#0:script/workspace/loading.lua:101]: Preload file at: file:///usr/share/nvim/runtime/lua/vim/lsp/log.lua , size = 4.673 KB
[23:31:58.819][info] [#0:script/workspace/loading.lua:113]: ++++As library of:	file:///usr/share/nvim/runtime/lua
[23:31:58.819][info] [#0:script/workspace/loading.lua:101]: Preload file at: file:///usr/share/nvim/runtime/lua/vim/lsp/protocol.lua , size = 48.943 KB
[23:31:58.829][info] [#0:script/workspace/loading.lua:113]: ++++As library of:	file:///usr/share/nvim/runtime/lua
[23:31:58.829][info] [#0:script/workspace/loading.lua:101]: Preload file at: file:///usr/share/nvim/runtime/lua/vim/lsp/rpc.lua , size = 26.004 KB
[23:31:58.842][info] [#0:script/workspace/loading.lua:113]: ++++As library of:	file:///usr/share/nvim/runtime/lua
[23:31:58.842][info] [#0:script/workspace/loading.lua:101]: Preload file at: file:///usr/share/nvim/runtime/lua/vim/lsp/semantic_tokens.lua , size = 26.553 KB
[23:31:58.858][info] [#0:script/workspace/loading.lua:113]: ++++As library of:	file:///usr/share/nvim/runtime/lua
[23:31:58.858][info] [#0:script/workspace/loading.lua:101]: Preload file at: file:///usr/share/nvim/runtime/lua/vim/lsp/sync.lua , size = 16.226 KB
[23:31:58.865][info] [#0:script/workspace/loading.lua:113]: ++++As library of:	file:///usr/share/nvim/runtime/lua
[23:31:58.865][info] [#0:script/workspace/loading.lua:101]: Preload file at: file:///usr/share/nvim/runtime/lua/vim/lsp/util.lua , size = 76.854 KB
[23:31:58.904][info] [#0:script/workspace/loading.lua:113]: ++++As library of:	file:///usr/share/nvim/runtime/lua
[23:31:58.904][info] [#0:script/workspace/loading.lua:101]: Preload file at: file:///usr/share/nvim/runtime/lua/vim/provider/perl.lua , size = 1.998 KB
[23:31:58.906][info] [#0:script/workspace/loading.lua:113]: ++++As library of:	file:///usr/share/nvim/runtime/lua
[23:31:58.906][info] [#0:script/workspace/loading.lua:101]: Preload file at: file:///usr/share/nvim/runtime/lua/vim/provider/python.lua , size = 4.224 KB
[23:31:58.909][info] [#0:script/workspace/loading.lua:113]: ++++As library of:	file:///usr/share/nvim/runtime/lua
[23:31:58.909][info] [#0:script/workspace/loading.lua:101]: Preload file at: file:///usr/share/nvim/runtime/lua/vim/provider/ruby.lua , size = 1.563 KB
[23:31:58.910][info] [#0:script/workspace/loading.lua:113]: ++++As library of:	file:///usr/share/nvim/runtime/lua
[23:31:58.910][info] [#0:script/workspace/loading.lua:101]: Preload file at: file:///usr/share/nvim/runtime/lua/vim/treesitter/_fold.lua , size = 14.081 KB
[23:31:58.917][info] [#0:script/workspace/loading.lua:113]: ++++As library of:	file:///usr/share/nvim/runtime/lua
[23:31:58.917][info] [#0:script/workspace/loading.lua:101]: Preload file at: file:///usr/share/nvim/runtime/lua/vim/treesitter/_meta.lua , size = 4.483 KB
[23:31:58.921][info] [#0:script/workspace/loading.lua:113]: ++++As library of:	file:///usr/share/nvim/runtime/lua
[23:31:58.921][info] [#0:script/workspace/loading.lua:101]: Preload file at: file:///usr/share/nvim/runtime/lua/vim/treesitter/_query_linter.lua , size = 7.528 KB
[23:31:58.927][info] [#0:script/workspace/loading.lua:113]: ++++As library of:	file:///usr/share/nvim/runtime/lua
[23:31:58.927][info] [#0:script/workspace/loading.lua:101]: Preload file at: file:///usr/share/nvim/runtime/lua/vim/treesitter/_range.lua , size = 3.869 KB
[23:31:58.930][info] [#0:script/workspace/loading.lua:113]: ++++As library of:	file:///usr/share/nvim/runtime/lua
[23:31:58.930][info] [#0:script/workspace/loading.lua:101]: Preload file at: file:///usr/share/nvim/runtime/lua/vim/treesitter/dev.lua , size = 19.490 KB
[23:31:58.942][info] [#0:script/workspace/loading.lua:113]: ++++As library of:	file:///usr/share/nvim/runtime/lua
[23:31:58.942][info] [#0:script/workspace/loading.lua:101]: Preload file at: file:///usr/share/nvim/runtime/lua/vim/treesitter/health.lua , size = 0.856 KB
[23:31:58.942][info] [#0:script/workspace/loading.lua:113]: ++++As library of:	file:///usr/share/nvim/runtime/lua
[23:31:58.943][info] [#0:script/workspace/loading.lua:101]: Preload file at: file:///usr/share/nvim/runtime/lua/vim/treesitter/highlighter.lua , size = 11.361 KB
[23:31:58.949][info] [#0:script/workspace/loading.lua:113]: ++++As library of:	file:///usr/share/nvim/runtime/lua
[23:31:58.949][info] [#0:script/workspace/loading.lua:101]: Preload file at: file:///usr/share/nvim/runtime/lua/vim/treesitter/language.lua , size = 3.684 KB
[23:31:58.954][info] [#0:script/workspace/loading.lua:113]: ++++As library of:	file:///usr/share/nvim/runtime/lua
[23:31:58.954][info] [#0:script/workspace/loading.lua:101]: Preload file at: file:///usr/share/nvim/runtime/lua/vim/treesitter/languagetree.lua , size = 33.292 KB
[23:31:59.016][info] [#0:script/workspace/loading.lua:113]: ++++As library of:	file:///usr/share/nvim/runtime/lua
[23:31:59.016][info] [#0:script/workspace/loading.lua:101]: Preload file at: file:///usr/share/nvim/runtime/lua/vim/treesitter/query.lua , size = 32.301 KB
[23:31:59.035][info] [#0:script/workspace/loading.lua:113]: ++++As library of:	file:///usr/share/nvim/runtime/lua
[23:31:59.035][info] [#0:script/workspace/loading.lua:101]: Preload file at: file:///usr/share/nvim/runtime/lua/vim/ui/clipboard/osc52.lua , size = 2.137 KB
[23:31:59.036][info] [#0:script/workspace/loading.lua:113]: ++++As library of:	file:///usr/share/nvim/runtime/lua
[23:31:59.036][info] [#0:script/workspace/loading.lua:101]: Preload file at: file:///usr/share/nvim/runtime/lua/vim/F.lua , size = 1.076 KB
[23:31:59.037][info] [#0:script/workspace/loading.lua:113]: ++++As library of:	file:///usr/share/nvim/runtime/lua
[23:31:59.037][info] [#0:script/workspace/loading.lua:101]: Preload file at: file:///usr/share/nvim/runtime/lua/vim/_comment.lua , size = 8.915 KB
[23:31:59.043][info] [#0:script/workspace/loading.lua:113]: ++++As library of:	file:///usr/share/nvim/runtime/lua
[23:31:59.043][info] [#0:script/workspace/loading.lua:101]: Preload file at: file:///usr/share/nvim/runtime/lua/vim/_defaults.lua , size = 18.338 KB
[23:31:59.054][info] [#0:script/workspace/loading.lua:113]: ++++As library of:	file:///usr/share/nvim/runtime/lua
[23:31:59.054][info] [#0:script/workspace/loading.lua:101]: Preload file at: file:///usr/share/nvim/runtime/lua/vim/_init_packages.lua , size = 3.023 KB
[23:31:59.056][info] [#0:script/workspace/loading.lua:113]: ++++As library of:	file:///usr/share/nvim/runtime/lua
[23:31:59.056][info] [#0:script/workspace/loading.lua:101]: Preload file at: file:///usr/share/nvim/runtime/lua/vim/_editor.lua , size = 34.328 KB
[23:31:59.072][info] [#0:script/workspace/loading.lua:113]: ++++As library of:	file:///usr/share/nvim/runtime/lua
[23:31:59.073][info] [#0:script/workspace/loading.lua:101]: Preload file at: file:///usr/share/nvim/runtime/lua/vim/_inspector.lua , size = 7.494 KB
[23:31:59.078][info] [#0:script/workspace/loading.lua:113]: ++++As library of:	file:///usr/share/nvim/runtime/lua
[23:31:59.078][info] [#0:script/workspace/loading.lua:101]: Preload file at: file:///usr/share/nvim/runtime/lua/vim/_meta.lua , size = 0.977 KB
[23:31:59.079][info] [#0:script/workspace/loading.lua:113]: ++++As library of:	file:///usr/share/nvim/runtime/lua
[23:31:59.079][info] [#0:script/workspace/loading.lua:101]: Preload file at: file:///usr/share/nvim/runtime/lua/vim/_options.lua , size = 25.519 KB
[23:31:59.089][info] [#0:script/workspace/loading.lua:113]: ++++As library of:	file:///usr/share/nvim/runtime/lua
[23:31:59.089][info] [#0:script/workspace/loading.lua:101]: Preload file at: file:///usr/share/nvim/runtime/lua/vim/_system.lua , size = 9.135 KB
[23:31:59.095][info] [#0:script/workspace/loading.lua:113]: ++++As library of:	file:///usr/share/nvim/runtime/lua
[23:31:59.095][info] [#0:script/workspace/loading.lua:101]: Preload file at: file:///usr/share/nvim/runtime/lua/vim/_watch.lua , size = 8.901 KB
[23:31:59.100][info] [#0:script/workspace/loading.lua:113]: ++++As library of:	file:///usr/share/nvim/runtime/lua
[23:31:59.100][info] [#0:script/workspace/loading.lua:101]: Preload file at: file:///usr/share/nvim/runtime/lua/vim/diagnostic.lua , size = 69.062 KB
[23:31:59.135][info] [#0:script/workspace/loading.lua:113]: ++++As library of:	file:///usr/share/nvim/runtime/lua
[23:31:59.135][info] [#0:script/workspace/loading.lua:101]: Preload file at: file:///usr/share/nvim/runtime/lua/vim/fs.lua , size = 18.243 KB
[23:31:59.145][info] [#0:script/workspace/loading.lua:113]: ++++As library of:	file:///usr/share/nvim/runtime/lua
[23:31:59.145][info] [#0:script/workspace/loading.lua:101]: Preload file at: file:///usr/share/nvim/runtime/lua/vim/func.lua , size = 1.753 KB
[23:31:59.145][info] [#0:script/workspace/loading.lua:113]: ++++As library of:	file:///usr/share/nvim/runtime/lua
[23:31:59.146][info] [#0:script/workspace/loading.lua:101]: Preload file at: file:///usr/share/nvim/runtime/lua/vim/filetype.lua , size = 68.546 KB
[23:31:59.179][info] [#0:script/workspace/loading.lua:113]: ++++As library of:	file:///usr/share/nvim/runtime/lua
[23:31:59.179][info] [#0:script/workspace/loading.lua:101]: Preload file at: file:///usr/share/nvim/runtime/lua/vim/glob.lua , size = 3.001 KB
[23:31:59.181][info] [#0:script/workspace/loading.lua:113]: ++++As library of:	file:///usr/share/nvim/runtime/lua
[23:31:59.182][info] [#0:script/workspace/loading.lua:101]: Preload file at: file:///usr/share/nvim/runtime/lua/vim/health.lua , size = 12.644 KB
[23:31:59.189][info] [#0:script/workspace/loading.lua:113]: ++++As library of:	file:///usr/share/nvim/runtime/lua
[23:31:59.190][info] [#0:script/workspace/loading.lua:101]: Preload file at: file:///usr/share/nvim/runtime/lua/vim/highlight.lua , size = 4.526 KB
[23:31:59.193][info] [#0:script/workspace/loading.lua:113]: ++++As library of:	file:///usr/share/nvim/runtime/lua
[23:31:59.193][info] [#0:script/workspace/loading.lua:101]: Preload file at: file:///usr/share/nvim/runtime/lua/vim/inspect.lua , size = 8.864 KB
[23:31:59.198][info] [#0:script/workspace/loading.lua:113]: ++++As library of:	file:///usr/share/nvim/runtime/lua
[23:31:59.198][info] [#0:script/workspace/loading.lua:101]: Preload file at: file:///usr/share/nvim/runtime/lua/vim/keymap.lua , size = 3.682 KB
[23:31:59.200][info] [#0:script/workspace/loading.lua:113]: ++++As library of:	file:///usr/share/nvim/runtime/lua
[23:31:59.200][info] [#0:script/workspace/loading.lua:101]: Preload file at: file:///usr/share/nvim/runtime/lua/vim/iter.lua , size = 25.504 KB
[23:31:59.218][info] [#0:script/workspace/loading.lua:113]: ++++As library of:	file:///usr/share/nvim/runtime/lua
[23:31:59.219][info] [#0:script/workspace/loading.lua:101]: Preload file at: file:///usr/share/nvim/runtime/lua/vim/loader.lua , size = 15.837 KB
[23:31:59.230][info] [#0:script/workspace/loading.lua:113]: ++++As library of:	file:///usr/share/nvim/runtime/lua
[23:31:59.230][info] [#0:script/workspace/loading.lua:101]: Preload file at: file:///usr/share/nvim/runtime/lua/vim/provider.lua , size = 0.197 KB
[23:31:59.231][info] [#0:script/workspace/loading.lua:113]: ++++As library of:	file:///usr/share/nvim/runtime/lua
[23:31:59.231][info] [#0:script/workspace/loading.lua:101]: Preload file at: file:///usr/share/nvim/runtime/lua/vim/lsp.lua , size = 39.931 KB
[23:31:59.252][info] [#0:script/workspace/loading.lua:113]: ++++As library of:	file:///usr/share/nvim/runtime/lua
[23:31:59.253][info] [#0:script/workspace/loading.lua:101]: Preload file at: file:///usr/share/nvim/runtime/lua/vim/re.lua , size = 6.495 KB
[23:31:59.259][info] [#0:script/workspace/loading.lua:113]: ++++As library of:	file:///usr/share/nvim/runtime/lua
[23:31:59.259][info] [#0:script/workspace/loading.lua:101]: Preload file at: file:///usr/share/nvim/runtime/lua/vim/secure.lua , size = 5.018 KB
[23:31:59.262][info] [#0:script/workspace/loading.lua:113]: ++++As library of:	file:///usr/share/nvim/runtime/lua
[23:31:59.262][info] [#0:script/workspace/loading.lua:101]: Preload file at: file:///usr/share/nvim/runtime/lua/vim/shared.lua , size = 29.331 KB
[23:31:59.280][info] [#0:script/workspace/loading.lua:113]: ++++As library of:	file:///usr/share/nvim/runtime/lua
[23:31:59.280][info] [#0:script/workspace/loading.lua:101]: Preload file at: file:///usr/share/nvim/runtime/lua/vim/snippet.lua , size = 19.870 KB
[23:31:59.291][info] [#0:script/workspace/loading.lua:113]: ++++As library of:	file:///usr/share/nvim/runtime/lua
[23:31:59.291][info] [#0:script/workspace/loading.lua:101]: Preload file at: file:///usr/share/nvim/runtime/lua/vim/termcap.lua , size = 3.103 KB
[23:31:59.293][info] [#0:script/workspace/loading.lua:113]: ++++As library of:	file:///usr/share/nvim/runtime/lua
[23:31:59.293][info] [#0:script/workspace/loading.lua:101]: Preload file at: file:///usr/share/nvim/runtime/lua/vim/text.lua , size = 0.742 KB
[23:31:59.294][info] [#0:script/workspace/loading.lua:113]: ++++As library of:	file:///usr/share/nvim/runtime/lua
[23:31:59.294][info] [#0:script/workspace/loading.lua:101]: Preload file at: file:///usr/share/nvim/runtime/lua/vim/treesitter.lua , size = 14.036 KB
[23:31:59.301][info] [#0:script/workspace/loading.lua:113]: ++++As library of:	file:///usr/share/nvim/runtime/lua
[23:31:59.301][info] [#0:script/workspace/loading.lua:101]: Preload file at: file:///usr/share/nvim/runtime/lua/vim/ui.lua , size = 5.294 KB
[23:31:59.304][info] [#0:script/workspace/loading.lua:113]: ++++As library of:	file:///usr/share/nvim/runtime/lua
[23:31:59.304][info] [#0:script/workspace/loading.lua:101]: Preload file at: file:///usr/share/nvim/runtime/lua/vim/uri.lua , size = 3.569 KB
[23:31:59.307][info] [#0:script/workspace/loading.lua:113]: ++++As library of:	file:///usr/share/nvim/runtime/lua
[23:31:59.307][info] [#0:script/workspace/loading.lua:101]: Preload file at: file:///usr/share/nvim/runtime/lua/vim/version.lua , size = 13.560 KB
[23:31:59.315][info] [#0:script/workspace/loading.lua:113]: ++++As library of:	file:///usr/share/nvim/runtime/lua
[23:31:59.315][info] [#0:script/workspace/loading.lua:101]: Preload file at: file:///usr/share/nvim/runtime/lua/vim/vimhelp.lua , size = 0.967 KB
[23:31:59.316][info] [#0:script/workspace/loading.lua:113]: ++++As library of:	file:///usr/share/nvim/runtime/lua
[23:31:59.316][info] [#0:script/workspace/loading.lua:101]: Preload file at: file:///usr/share/nvim/runtime/lua/_vim9script.lua , size = 15.418 KB
[23:31:59.324][info] [#0:script/workspace/loading.lua:113]: ++++As library of:	file:///usr/share/nvim/runtime/lua
[23:31:59.324][info] [#0:script/workspace/loading.lua:101]: Preload file at: file:///usr/share/nvim/runtime/lua/coxpcall.lua , size = 3.451 KB
[23:31:59.327][info] [#0:script/workspace/loading.lua:113]: ++++As library of:	file:///usr/share/nvim/runtime/lua
[23:31:59.327][info] [#0:script/workspace/loading.lua:101]: Preload file at: file:///usr/share/nvim/runtime/lua/editorconfig.lua , size = 10.443 KB
[23:31:59.332][info] [#0:script/workspace/loading.lua:113]: ++++As library of:	file:///usr/share/nvim/runtime/lua
[23:31:59.332][info] [#0:script/workspace/loading.lua:101]: Preload file at: file:///usr/share/nvim/runtime/lua/man.lua , size = 23.552 KB
[23:31:59.345][info] [#0:script/workspace/loading.lua:113]: ++++As library of:	file:///usr/share/nvim/runtime/lua
[23:31:59.346][info] [#0:script/workspace/loading.lua:101]: Preload file at: file:///usr/share/nvim/runtime/lua/tohtml.lua , size = 41.169 KB
[23:31:59.438][info] [#0:script/workspace/loading.lua:113]: ++++As library of:	file:///usr/share/nvim/runtime/lua
[23:31:59.438][info] [#0:script/workspace/loading.lua:101]: Preload file at: file:///home/hackaroon/.local/share/CatNvim/mason/packages/lua-language-server/libexec/meta/Lua%205.4%20en-us%20utf8/package.lua , size = 2.944 KB
[23:31:59.441][info] [#0:script/workspace/loading.lua:113]: ++++As library of:	file:///home/hackaroon/.local/share/CatNvim/mason/packages/lua-language-server/libexec/meta/Lua%205.4%20en-us%20utf8/package.lua
[23:31:59.441][info] [#0:script/workspace/loading.lua:101]: Preload file at: file:///home/hackaroon/.local/share/CatNvim/mason/packages/lua-language-server/libexec/meta/Lua%205.4%20en-us%20utf8/builtin.lua , size = 0.302 KB
[23:31:59.441][info] [#0:script/workspace/loading.lua:113]: ++++As library of:	file:///home/hackaroon/.local/share/CatNvim/mason/packages/lua-language-server/libexec/meta/Lua%205.4%20en-us%20utf8/builtin.lua
[23:31:59.441][info] [#0:script/workspace/loading.lua:101]: Preload file at: file:///home/hackaroon/.local/share/CatNvim/mason/packages/lua-language-server/libexec/meta/Lua%205.4%20en-us%20utf8/os.lua , size = 5.600 KB
[23:31:59.445][info] [#0:script/workspace/loading.lua:113]: ++++As library of:	file:///home/hackaroon/.local/share/CatNvim/mason/packages/lua-language-server/libexec/meta/Lua%205.4%20en-us%20utf8/os.lua
[23:31:59.445][info] [#0:script/workspace/loading.lua:101]: Preload file at: file:///home/hackaroon/.local/share/CatNvim/mason/packages/lua-language-server/libexec/meta/Lua%205.4%20en-us%20utf8/io.lua , size = 6.364 KB
[23:31:59.450][info] [#0:script/workspace/loading.lua:113]: ++++As library of:	file:///home/hackaroon/.local/share/CatNvim/mason/packages/lua-language-server/libexec/meta/Lua%205.4%20en-us%20utf8/io.lua
[23:31:59.450][info] [#0:script/workspace/loading.lua:101]: Preload file at: file:///home/hackaroon/.local/share/CatNvim/mason/packages/lua-language-server/libexec/meta/Lua%205.4%20en-us%20utf8/math.lua , size = 8.509 KB
[23:31:59.455][info] [#0:script/workspace/loading.lua:113]: ++++As library of:	file:///home/hackaroon/.local/share/CatNvim/mason/packages/lua-language-server/libexec/meta/Lua%205.4%20en-us%20utf8/math.lua
[23:31:59.456][info] [#0:script/workspace/loading.lua:101]: Preload file at: file:///home/hackaroon/.local/share/CatNvim/mason/packages/lua-language-server/libexec/meta/Lua%205.4%20en-us%20utf8/basic.lua , size = 15.619 KB
[23:31:59.463][info] [#0:script/workspace/loading.lua:113]: ++++As library of:	file:///home/hackaroon/.local/share/CatNvim/mason/packages/lua-language-server/libexec/meta/Lua%205.4%20en-us%20utf8/basic.lua
[23:31:59.463][info] [#0:script/workspace/loading.lua:101]: Preload file at: file:///home/hackaroon/.local/share/CatNvim/mason/packages/lua-language-server/libexec/meta/Lua%205.4%20en-us%20utf8/string.lua , size = 6.341 KB
[23:31:59.466][info] [#0:script/workspace/loading.lua:113]: ++++As library of:	file:///home/hackaroon/.local/share/CatNvim/mason/packages/lua-language-server/libexec/meta/Lua%205.4%20en-us%20utf8/string.lua
[23:31:59.467][info] [#0:script/workspace/loading.lua:101]: Preload file at: file:///home/hackaroon/.local/share/CatNvim/mason/packages/lua-language-server/libexec/meta/Lua%205.4%20en-us%20utf8/coroutine.lua , size = 2.590 KB
[23:31:59.468][info] [#0:script/workspace/loading.lua:113]: ++++As library of:	file:///home/hackaroon/.local/share/CatNvim/mason/packages/lua-language-server/libexec/meta/Lua%205.4%20en-us%20utf8/coroutine.lua
[23:31:59.468][info] [#0:script/workspace/loading.lua:101]: Preload file at: file:///home/hackaroon/.local/share/CatNvim/mason/packages/lua-language-server/libexec/meta/Lua%205.4%20en-us%20utf8/utf8.lua , size = 2.386 KB
[23:31:59.469][info] [#0:script/workspace/loading.lua:113]: ++++As library of:	file:///home/hackaroon/.local/share/CatNvim/mason/packages/lua-language-server/libexec/meta/Lua%205.4%20en-us%20utf8/utf8.lua
[23:31:59.470][info] [#0:script/workspace/loading.lua:101]: Preload file at: file:///home/hackaroon/.local/share/CatNvim/mason/packages/lua-language-server/libexec/meta/Lua%205.4%20en-us%20utf8/debug.lua , size = 7.637 KB
[23:31:59.474][info] [#0:script/workspace/loading.lua:113]: ++++As library of:	file:///home/hackaroon/.local/share/CatNvim/mason/packages/lua-language-server/libexec/meta/Lua%205.4%20en-us%20utf8/debug.lua
[23:31:59.575][info] [#0:script/workspace/loading.lua:173]: Loaded files takes [1.273] sec: <fallback>
[23:31:59.575][info] [#0:script/workspace/loading.lua:182]: Compile files takes [0.000] sec: <fallback>
[23:31:59.575][info] [#0:script/workspace/loading.lua:183]: Loaded finish:	<fallback>
[23:31:59.575][info] [#0:script/workspace/workspace.lua:381]: Preload finish at:	<fallback>
[23:31:59.605][warn] [#0:script/proto/proto.lua:187]: Method [textDocument/didOpen] takes [1.395]sec. {
  jsonrpc = "2.0",
  method = "textDocument/didOpen",
  params = {
    textDocument = {
      languageId = "lua",
      text = '"***"',
      uri = "file:///home/hackaroon/.wezterm.lua",
      version = 0
    }
  }
}
[23:31:59.612][warn] [#0:script/proto/proto.lua:187]: Method [textDocument/documentHighlight] takes [1.345]sec. {
  id = 10,
  jsonrpc = "2.0",
  method = "textDocument/documentHighlight",
  params = {
    position = {
      character = 0,
      line = 14
    },
    textDocument = {
      uri = "file:///home/hackaroon/.wezterm.lua"
    }
  }
}
[23:31:59.612][warn] [#0:script/proto/proto.lua:187]: Method [textDocument/documentHighlight] takes [1.309]sec. {
  id = 13,
  jsonrpc = "2.0",
  method = "textDocument/documentHighlight",
  params = {
    position = {
      character = 0,
      line = 14
    },
    textDocument = {
      uri = "file:///home/hackaroon/.wezterm.lua"
    }
  }
}
[23:31:59.614][warn] [#0:script/proto/proto.lua:187]: Method [textDocument/inlayHint] takes [1.346]sec. {
  id = 7,
  jsonrpc = "2.0",
  method = "textDocument/inlayHint",
  params = {
    range = {
      end = {
        character = 0,
        line = 15
      },
      start = {
        character = 0,
        line = 0
      }
    },
    textDocument = {
      uri = "file:///home/hackaroon/.wezterm.lua"
    }
  }
}
[23:31:59.614][warn] [#0:script/proto/proto.lua:187]: Method [textDocument/inlayHint] takes [1.346]sec. {
  id = 9,
  jsonrpc = "2.0",
  method = "textDocument/inlayHint",
  params = {
    range = {
      end = {
        character = 0,
        line = 15
      },
      start = {
        character = 0,
        line = 0
      }
    },
    textDocument = {
      uri = "file:///home/hackaroon/.wezterm.lua"
    }
  }
}
[23:31:59.614][warn] [#0:script/proto/proto.lua:187]: Method [textDocument/inlayHint] takes [1.337]sec. {
  id = 12,
  jsonrpc = "2.0",
  method = "textDocument/inlayHint",
  params = {
    range = {
      end = {
        character = 0,
        line = 15
      },
      start = {
        character = 0,
        line = 0
      }
    },
    textDocument = {
      uri = "file:///home/hackaroon/.wezterm.lua"
    }
  }
}
[23:31:59.614][warn] [#0:script/proto/proto.lua:187]: Method [textDocument/semanticTokens/full] takes [1.337]sec. {
  id = 11,
  jsonrpc = "2.0",
  method = "textDocument/semanticTokens/full",
  params = {
    textDocument = {
      uri = "file:///home/hackaroon/.wezterm.lua"
    }
  }
}
[23:31:59.615][warn] [#0:script/proto/proto.lua:187]: Method [textDocument/documentSymbol] takes [1.404]sec. {
  id = 5,
  jsonrpc = "2.0",
  method = "textDocument/documentSymbol",
  params = {
    textDocument = {
      uri = "file:///home/hackaroon/.wezterm.lua"
    }
  }
}
[23:32:48.831][info] [#0:script/provider/provider.lua:169]: Server shutdown.
[23:32:48.932][info] [#0:script/provider/provider.lua:162]: Server exited.
