2024-06-24 18:35:23.214 - [  7977] - [     1] - ERROR - [Unity.Licensing.Client.Services.PeriodicBorrowFeatureStatusService] Could not initialize the floating licensing service: Invalid servicesConfiguration for licensing. Make sure the licensingServiceBaseUrl servicesConfiguration is a valid URL
2024-06-24 18:35:23.281 - [  7977] - [     1] - INFO  - [Unity.Licensing.Client.Program] cloudEnvironment: production
2024-06-24 18:35:23.281 - [  7977] - [     1] - INFO  - [Unity.Licensing.Client.Program] Client product version: 1.15.4+eee609c
2024-06-24 18:35:23.281 - [  7977] - [     1] - INFO  - [Unity.Licensing.Client.Program] Client assembly version: 1.15.4.0
2024-06-24 18:35:23.281 - [  7977] - [     1] - INFO  - [Unity.Licensing.Client.Program] File version: 1.15.4 (/opt/unityhub/UnityLicensingClient_V1/Unity.Licensing.Client.dll)
2024-06-24 18:35:23.281 - [  7977] - [     1] - INFO  - [Unity.Licensing.Client.Program] Current OS: Linux 6.9.5-zen1-1-zen #1 ZEN SMP PREEMPT_DYNAMIC Sun, 16 Jun 2024 19:06:18 +0000
2024-06-24 18:35:23.282 - [  7977] - [     1] - INFO  - [Unity.Licensing.Client.Program] Command line arguments:  --namedPipe Unity-LicenseClient-hackaroon --cloudEnvironment production
2024-06-24 18:35:23.286 - [  7977] - [     1] - INFO  - [Unity.Licensing.Client.Program] Analytics CorrelationId: 829e5e9ed7901f537678ee0ed25c664a
2024-06-24 18:35:23.290 - [  7977] - [    13] - INFO  - [Unity.Licensing.Client.PipeServerExecutor] GlobalMutex Unity-LicenseClient-hackaroon created (on thread: 13)
2024-06-24 18:35:23.291 - [  7977] - [     1] - WARN  - [Unity.Licensing.Client.Services.LicensingOrchestrator] Floating licensing service disabled: Invalid servicesConfiguration for licensing. Make sure the licensingServiceBaseUrl servicesConfiguration is a valid URL
2024-06-24 18:35:23.291 - [  7977] - [     1] - WARN  - [Unity.Licensing.Client.Services.LicensingOrchestrator] Licensing replication disabled: Failed to acquire Licensing Service URL from configuration under configuration key: licensingServiceBaseUrl
2024-06-24 18:35:23.296 - [  7977] - [     1] - INFO  - [Unity.Licensing.Client.Services.EntitlementResolverProvider] Rebuilding resolvers from local files:  
2024-06-24 18:35:23.296 - [  7977] - [     1] - INFO  - [Unity.Licensing.Client.Services.EntitlementResolverProvider] Processed 0 license files in 00:00:00.0004138
2024-06-24 18:35:23.314 - [  7977] - [     1] - INFO  - [Unity.Licensing.Client.Services.Replication.InactiveLicenseFileCleaner] Start cleaning expired and inactive license file(s): 

2024-06-24 18:35:23.314 - [  7977] - [     1] - INFO  - [Unity.Licensing.Client.Services.Replication.InactiveLicenseFileCleaner] Cleanup finished successfully, deleted 0 expired license file(s)
2024-06-24 18:35:23.315 - [  7977] - [     1] - WARN  - [Unity.Licensing.Client.Services.LicensingOrchestrator] Unable to find valid licenses and remote licensing service is not configured
2024-06-24 18:35:23.324 - [  7977] - [    10] - INFO  - [Unity.Licensing.Client.Services.Package.PackageEnforcer] Trying to update PACL ...
2024-06-24 18:35:23.326 - [  7977] - [     6] - INFO  - [Unity.Licensing.Client.MultiClientPipeServer] Starting named pipe server (on thread: 6)
2024-06-24 18:35:23.329 - [  7977] - [     6] - INFO  - [Unity.Licensing.Client.MultiClientPipeServer] Named pipe server started
2024-06-24 18:35:23.329 - [  7977] - [.NET Long Running Task] - INFO  - [Unity.Licensing.Client.MultiClientPipeServer] Waiting for a connection (pipe #1)
2024-06-24 18:35:23.330 - [  7977] - [     6] - INFO  - [Unity.Licensing.Client.Communication.Notifications.NotificationsPipeServer] Starting named pipe server (on thread: 6)
2024-06-24 18:35:23.330 - [  7977] - [     6] - INFO  - [Unity.Licensing.Client.Communication.Notifications.NotificationsPipeServer] Named pipe server started
2024-06-24 18:35:23.330 - [  7977] - [.NET Long Running Task] - INFO  - [Unity.Licensing.Client.Communication.Notifications.NotificationsPipeServer] Waiting for a connection (pipe #1)
2024-06-24 18:35:23.331 - [  7977] - [    10] - INFO  - [Unity.Licensing.Client.Services.Package.PackageService] Getting PACL from remote uri: "https://license.unity3d.com/licenses/v1/packages/acl" ...
2024-06-24 18:35:23.336 - [  7977] - [.NET Long Running Task] - INFO  - [Unity.Licensing.Client.MultiClientPipeServer] Waiting for a connection (pipe #2)
2024-06-24 18:35:23.343 - [  7977] - [    11] - INFO  - [Unity.Licensing.Client.Communication.ApiPipeHandler#1] new pipe session: 3eca493921fc48f1831511e94ceb4b68
2024-06-24 18:35:23.345 - [  7977] - [    11] - INFO  - [Unity.Licensing.Client.MultiClientPipeServer] A new client is connecting (pipe #1)
2024-06-24 18:35:23.346 - [  7977] - [    11] - INFO  - [Unity.Licensing.Client.Communication.ApiPipeHandler#1] Start accepting requests
2024-06-24 18:35:23.381 - [  7977] - [OpenTelemetry-BatchExportProcessor-BigQueryExporter] - ERROR - [Unity.Licensing.Analytics.Exporters.BigQueryExporter] Network is unreachable (cdp.cloud.unity3d.com:443)
2024-06-24 18:35:23.394 - [  7977] - [    11] - INFO  - [Unity.Licensing.Client.Communication.Controllers.HandshakeController] Received handshake from: Hub 3.8.0 (LocalIPC/1.15.4)
2024-06-24 18:35:23.406 - [  7977] - [    11] - INFO  - [Unity.Licensing.Client.Communication.ApiPipeHandler#1] REQ-1 | Sending HandshakeResponse for request HandshakeRequest from Hub 3.8.0 (LocalIPC/1.15.4) [200]:  Handshake successful
2024-06-24 18:35:23.411 - [  7977] - [.NET Long Running Task] - INFO  - [Unity.Licensing.Client.Communication.Notifications.NotificationsPipeServer] Waiting for a connection (pipe #2)
2024-06-24 18:35:23.411 - [  7977] - [     8] - INFO  - [Unity.Licensing.Client.Communication.Notifications.NotificationsPipeServer] A new client is connecting (pipe #1)
2024-06-24 18:35:23.428 - [  7977] - [    11] - INFO  - [Unity.Licensing.Client.Communication.Controllers.AccessTokenController] Access token is empty, user logged out
2024-06-24 18:35:23.430 - [  7977] - [    11] - INFO  - [Unity.Licensing.Client.Communication.ApiPipeHandler#1] REQ-2 | Sending AccessTokenResponse for request AccessTokenRequest from Hub 3.8.0 (LocalIPC/1.15.4) [200]:  (null)
2024-06-24 18:35:23.436 - [  7977] - [    11] - INFO  - [Unity.Licensing.Client.Services.EntitlementResolverProvider] Rebuilding resolvers from local files:  
2024-06-24 18:35:23.436 - [  7977] - [    11] - INFO  - [Unity.Licensing.Client.Services.EntitlementResolverProvider] Processed 0 license files in 00:00:00.0000109
2024-06-24 18:35:23.438 - [  7977] - [    11] - INFO  - [Unity.Licensing.Client.Services.EntitlementResolverProvider] Rebuilding resolvers from local files:  
2024-06-24 18:35:23.439 - [  7977] - [    11] - INFO  - [Unity.Licensing.Client.Services.EntitlementResolverProvider] Processed 0 license files in 00:00:00.0000040
2024-06-24 18:35:23.441 - [  7977] - [    11] - INFO  - [Unity.Licensing.Client.Communication.ApiPipeHandler#1] REQ-3 | Sending EntitlementGroupsDetailsResponse for request EntitlementGroupsDetailsRequest from Hub 3.8.0 (LocalIPC/1.15.4) [200]:  Success, found: 0 groups
2024-06-24 18:35:23.443 - [  7977] - [    11] - INFO  - [Unity.Licensing.Client.Services.EntitlementResolverProvider] Rebuilding resolvers from local files:  
2024-06-24 18:35:23.443 - [  7977] - [    11] - INFO  - [Unity.Licensing.Client.Services.EntitlementResolverProvider] Processed 0 license files in 00:00:00.0000077
2024-06-24 18:35:23.443 - [  7977] - [    11] - INFO  - [Unity.Licensing.Client.Services.EntitlementResolverProvider] Rebuilding resolvers from local files:  
2024-06-24 18:35:23.443 - [  7977] - [    11] - INFO  - [Unity.Licensing.Client.Services.EntitlementResolverProvider] Processed 0 license files in 00:00:00.0000050
2024-06-24 18:35:23.444 - [  7977] - [    11] - INFO  - [Unity.Licensing.Client.Communication.ApiPipeHandler#1] REQ-4 | Sending EntitlementGroupsDetailsResponse for request EntitlementGroupsDetailsRequest from Hub 3.8.0 (LocalIPC/1.15.4) [200]:  Success, found: 0 groups
2024-06-24 18:35:23.461 - [  7977] - [    11] - INFO  - [Unity.Licensing.Client.Services.EntitlementResolverProvider] Rebuilding resolvers from local files:  
2024-06-24 18:35:23.461 - [  7977] - [    11] - INFO  - [Unity.Licensing.Client.Services.EntitlementResolverProvider] Processed 0 license files in 00:00:00.0000067
2024-06-24 18:35:23.462 - [  7977] - [    11] - INFO  - [Unity.Licensing.Client.Services.EntitlementResolverProvider] Rebuilding resolvers from local files:  
2024-06-24 18:35:23.462 - [  7977] - [    11] - INFO  - [Unity.Licensing.Client.Services.EntitlementResolverProvider] Processed 0 license files in 00:00:00.0000041
2024-06-24 18:35:23.462 - [  7977] - [    11] - INFO  - [Unity.Licensing.Client.Communication.ApiPipeHandler#1] REQ-5 | Sending EntitlementGroupsDetailsResponse for request EntitlementGroupsDetailsRequest from Hub 3.8.0 (LocalIPC/1.15.4) [200]:  Success, found: 0 groups
2024-06-24 18:35:23.476 - [  7977] - [    11] - INFO  - [Unity.Licensing.Client.Services.EntitlementResolverProvider] Rebuilding resolvers from local files:  
2024-06-24 18:35:23.476 - [  7977] - [    11] - INFO  - [Unity.Licensing.Client.Services.EntitlementResolverProvider] Processed 0 license files in 00:00:00.0000049
2024-06-24 18:35:23.476 - [  7977] - [    11] - INFO  - [Unity.Licensing.Client.Services.EntitlementResolverProvider] Rebuilding resolvers from local files:  
2024-06-24 18:35:23.476 - [  7977] - [    11] - INFO  - [Unity.Licensing.Client.Services.EntitlementResolverProvider] Processed 0 license files in 00:00:00.0000036
2024-06-24 18:35:23.476 - [  7977] - [    11] - INFO  - [Unity.Licensing.Client.Communication.ApiPipeHandler#1] REQ-6 | Sending EntitlementGroupsDetailsResponse for request EntitlementGroupsDetailsRequest from Hub 3.8.0 (LocalIPC/1.15.4) [200]:  Success, found: 0 groups
2024-06-24 18:35:23.767 - [  7977] - [    11] - INFO  - [Unity.Licensing.Client.Services.EntitlementResolverProvider] Rebuilding resolvers from local files:  
2024-06-24 18:35:23.767 - [  7977] - [    11] - INFO  - [Unity.Licensing.Client.Services.EntitlementResolverProvider] Processed 0 license files in 00:00:00.0000225
2024-06-24 18:35:23.768 - [  7977] - [    11] - INFO  - [Unity.Licensing.Client.Services.EntitlementResolverProvider] Rebuilding resolvers from local files:  
2024-06-24 18:35:23.769 - [  7977] - [    11] - INFO  - [Unity.Licensing.Client.Services.EntitlementResolverProvider] Processed 0 license files in 00:00:00.0000162
2024-06-24 18:35:23.769 - [  7977] - [    11] - INFO  - [Unity.Licensing.Client.Communication.ApiPipeHandler#1] REQ-7 | Sending EntitlementGroupsDetailsResponse for request EntitlementGroupsDetailsRequest from Hub 3.8.0 (LocalIPC/1.15.4) [200]:  Success, found: 0 groups
2024-06-24 18:35:23.936 - [  7977] - [    15] - INFO  - [Unity.Licensing.Client.Services.Package.PackageService] New PACL file is written successfully from remote uri: "https://license.unity3d.com/licenses/v1/packages/acl"
2024-06-24 18:35:23.941 - [  7977] - [    15] - INFO  - [Unity.Licensing.Client.Services.Package.PackageEnforcer] Successfully updated PACL file after 1 attempt(s). Next update in 24.00 hours.
2024-06-24 18:35:23.942 - [  7977] - [    15] - INFO  - [Unity.Licensing.Client.Services.Package.PackageEnforcer] Loading remote PACL, revision: 38, version: 1.0
2024-06-24 18:35:23.971 - [  7977] - [    15] - INFO  - [Unity.Licensing.Client.Configuration.ClientConfigurationLoader] Downloaded remote config from: "https://public-cdn.cloud.unity3d.com/config/production"
2024-06-24 18:35:23.974 - [  7977] - [    15] - INFO  - [Unity.Licensing.Client.Configuration.ClientConfigurationLoader] Unity remote config is updated: "/home/hackaroon/.config/unity3d/Unity/config/production.json"
2024-06-24 18:35:24.077 - [  7977] - [    11] - INFO  - [Unity.Licensing.Client.Communication.ApiPipeHandler#1] REQ-8 | Sending EntitlementsResponse for request EntitlementsRequest from Hub 3.8.0 (LocalIPC/1.15.4) [200]:  Found 0 entitlements
2024-06-24 18:35:25.449 - [  7977] - [    11] - INFO  - [Unity.Licensing.Client.Services.EntitlementResolverProvider] Rebuilding resolvers from local files:  
2024-06-24 18:35:25.450 - [  7977] - [    11] - INFO  - [Unity.Licensing.Client.Services.EntitlementResolverProvider] Processed 0 license files in 00:00:00.0000524
2024-06-24 18:35:25.452 - [  7977] - [    11] - INFO  - [Unity.Licensing.Client.Services.EntitlementResolverProvider] Rebuilding resolvers from local files:  
2024-06-24 18:35:25.452 - [  7977] - [    11] - INFO  - [Unity.Licensing.Client.Services.EntitlementResolverProvider] Processed 0 license files in 00:00:00.0001249
2024-06-24 18:35:25.453 - [  7977] - [    11] - INFO  - [Unity.Licensing.Client.Communication.ApiPipeHandler#1] REQ-9 | Sending EntitlementGroupsDetailsResponse for request EntitlementGroupsDetailsRequest from Hub 3.8.0 (LocalIPC/1.15.4) [200]:  Success, found: 0 groups
2024-06-24 18:35:25.475 - [  7977] - [    11] - INFO  - [Unity.Licensing.Client.Communication.ApiPipeHandler#1] REQ-10 | Sending EntitlementsResponse for request EntitlementsRequest from Hub 3.8.0 (LocalIPC/1.15.4) [200]:  Found 0 entitlements
2024-06-24 18:35:28.421 - [  7977] - [OpenTelemetry-BatchExportProcessor-BigQueryExporter] - ERROR - [Unity.Licensing.Analytics.Exporters.BigQueryExporter] Network is unreachable (cdp.cloud.unity3d.com:443)
2024-06-24 18:36:23.337 - [  7977] - [    20] - INFO  - [Unity.Licensing.Client.Services.LicenseOfflineValidityEndingPeriodicNotifierService] Will execute periodic notification again in 00:30:00
2024-06-24 18:36:23.824 - [  7977] - [    11] - INFO  - [Unity.Licensing.Client.Communication.ApiPipeHandler#1] REQ-11 | Sending EntitlementsResponse for request EntitlementsRequest from Hub 3.8.0 (LocalIPC/1.15.4) [200]:  Found 0 entitlements
2024-06-24 18:36:28.435 - [  7977] - [OpenTelemetry-BatchExportProcessor-BigQueryExporter] - ERROR - [Unity.Licensing.Analytics.Exporters.BigQueryExporter] Network is unreachable (cdp.cloud.unity3d.com:443)
2024-06-24 18:38:03.531 - [  7977] - [    11] - INFO  - [Unity.Licensing.Client.Communication.ApiPipeHandler#1] REQ-12 | Sending EntitlementsResponse for request EntitlementsRequest from Hub 3.8.0 (LocalIPC/1.15.4) [200]:  Found 0 entitlements
2024-06-24 18:38:03.534 - [  7977] - [    11] - INFO  - [Unity.Licensing.Client.Communication.Controllers.AccessTokenController] Got access token (expires in 30758400 seconds)
2024-06-24 18:38:03.535 - [  7977] - [    11] - INFO  - [Unity.Licensing.Client.Communication.ApiPipeHandler#1] REQ-13 | Sending AccessTokenResponse for request AccessTokenRequest from Hub 3.8.0 (LocalIPC/1.15.4) [200]:  (null)
2024-06-24 18:38:03.551 - [  7977] - [    11] - INFO  - [Unity.Licensing.Client.Services.EntitlementResolverProvider] Rebuilding resolvers from local files:  
2024-06-24 18:38:03.552 - [  7977] - [    11] - INFO  - [Unity.Licensing.Client.Services.EntitlementResolverProvider] Processed 0 license files in 00:00:00.0000129
2024-06-24 18:38:03.552 - [  7977] - [    11] - INFO  - [Unity.Licensing.Client.Services.EntitlementResolverProvider] Rebuilding resolvers from local files:  
2024-06-24 18:38:03.552 - [  7977] - [    11] - INFO  - [Unity.Licensing.Client.Services.EntitlementResolverProvider] Processed 0 license files in 00:00:00.0000075
2024-06-24 18:38:03.552 - [  7977] - [    11] - INFO  - [Unity.Licensing.Client.Communication.ApiPipeHandler#1] REQ-14 | Sending EntitlementGroupsDetailsResponse for request EntitlementGroupsDetailsRequest from Hub 3.8.0 (LocalIPC/1.15.4) [200]:  Success, found: 0 groups
2024-06-24 18:38:05.441 - [  7977] - [    11] - INFO  - [Unity.Licensing.Client.Services.Licensing.GenesisLicensingService] Attempting to contact genesis update license api
2024-06-24 18:38:06.420 - [  7977] - [    20] - INFO  - [Unity.Licensing.Client.Services.Licensing.GenesisLicensingService] Trying to write updated entitlement license file...
2024-06-24 18:38:06.420 - [  7977] - [    20] - INFO  - [Unity.Licensing.Client.Services.Licensing.GenesisLicensingService] Successfully updated license file
2024-06-24 18:38:06.457 - [  7977] - [    11] - INFO  - [Unity.Licensing.Client.Services.Helpers.LicenseFilesMapper] Successfully parsed license /home/hackaroon/.config/unity3d/Unity/licenses/UnityEntitlementLicense.xml
2024-06-24 18:38:06.457 - [  7977] - [    11] - INFO  - [Unity.Licensing.Client.Services.EntitlementResolverProvider] Rebuilding resolvers from local files:  /home/hackaroon/.config/unity3d/Unity/licenses/UnityEntitlementLicense.xml
2024-06-24 18:38:06.457 - [  7977] - [    11] - INFO  - [Unity.Licensing.Client.Services.EntitlementResolverProvider] Processing license /home/hackaroon/.config/unity3d/Unity/licenses/UnityEntitlementLicense.xml
2024-06-24 18:38:06.459 - [  7977] - [    11] - INFO  - [Unity.Licensing.Client.Services.EntitlementResolverProvider] Processed 1 license files in 00:00:00.0021801
2024-06-24 18:38:06.464 - [  7977] - [    11] - INFO  - [Unity.Licensing.Client.Services.LicenseOfflineValidityEndingPeriodicNotifierService] OnEntitlementResolverUpdated, will restart timer
2024-06-24 18:38:06.466 - [  7977] - [    20] - INFO  - [Unity.Licensing.Client.Services.Notification.NotificationHub] Sending notification to 1 client: [LicenseUpdate] License updated: Your license was updated sent on 2024-06-24T18:38:06.4641726Z[{"EntitlementGroupId":"18967997630424-UnityPersonal","ProductName":"Unity Personal","UpdateType":"Added","Reason":"EntitlementGroupAdded"}]
2024-06-24 18:38:06.468 - [  7977] - [    11] - INFO  - [Unity.Licensing.Client.Communication.ApiPipeHandler#1] REQ-15 | Sending ActivationManagementResponse for request ActivationManagementRequest from Hub 3.8.0 (LocalIPC/1.15.4) [207]:  Successfully processed activation management call
2024-06-24 18:38:06.470 - [  7977] - [    24] - INFO  - [Unity.Licensing.Client.Services.LicenseOfflineValidityEndingPeriodicNotifierService] Will execute periodic notification again in 22.13:20:53.5302675
2024-06-24 18:38:06.487 - [  7977] - [    11] - INFO  - [Unity.Licensing.Client.Services.Helpers.LicenseFilesMapper] Successfully parsed license /home/hackaroon/.config/unity3d/Unity/licenses/UnityEntitlementLicense.xml
2024-06-24 18:38:06.487 - [  7977] - [    11] - INFO  - [Unity.Licensing.Client.Services.EntitlementResolverProvider] Rebuilding resolvers from local files:  /home/hackaroon/.config/unity3d/Unity/licenses/UnityEntitlementLicense.xml
2024-06-24 18:38:06.487 - [  7977] - [    11] - INFO  - [Unity.Licensing.Client.Services.EntitlementResolverProvider] Processing license /home/hackaroon/.config/unity3d/Unity/licenses/UnityEntitlementLicense.xml
2024-06-24 18:38:06.488 - [  7977] - [    11] - INFO  - [Unity.Licensing.Client.Services.EntitlementResolverProvider] Processed 1 license files in 00:00:00.0001214
2024-06-24 18:38:06.495 - [  7977] - [    11] - INFO  - [Unity.Licensing.Client.Services.Helpers.LicenseFilesMapper] Successfully parsed license /home/hackaroon/.config/unity3d/Unity/licenses/UnityEntitlementLicense.xml
2024-06-24 18:38:06.495 - [  7977] - [    11] - INFO  - [Unity.Licensing.Client.Services.EntitlementResolverProvider] Rebuilding resolvers from local files:  /home/hackaroon/.config/unity3d/Unity/licenses/UnityEntitlementLicense.xml
2024-06-24 18:38:06.495 - [  7977] - [    11] - INFO  - [Unity.Licensing.Client.Services.EntitlementResolverProvider] Processing license /home/hackaroon/.config/unity3d/Unity/licenses/UnityEntitlementLicense.xml
2024-06-24 18:38:06.495 - [  7977] - [    11] - INFO  - [Unity.Licensing.Client.Services.EntitlementResolverProvider] Processed 1 license files in 00:00:00.0000742
2024-06-24 18:38:06.498 - [  7977] - [    11] - INFO  - [Unity.Licensing.Client.Communication.ApiPipeHandler#1] REQ-16 | Sending EntitlementGroupsDetailsResponse for request EntitlementGroupsDetailsRequest from Hub 3.8.0 (LocalIPC/1.15.4) [200]:  Success, found: 1 groups
2024-06-24 18:38:06.511 - [  7977] - [    11] - INFO  - [Unity.Licensing.Client.Communication.ApiPipeHandler#1] REQ-17 | Sending EntitlementsResponse for request EntitlementsRequest from Hub 3.8.0 (LocalIPC/1.15.4) [200]:  Found 1 entitlements
2024-06-24 18:38:08.464 - [  7977] - [OpenTelemetry-BatchExportProcessor-BigQueryExporter] - ERROR - [Unity.Licensing.Analytics.Exporters.BigQueryExporter] Network is unreachable (cdp.cloud.unity3d.com:443)
2024-06-24 18:38:10.248 - [  7977] - [    11] - INFO  - [Unity.Licensing.Client.Services.Helpers.LicenseFilesMapper] Successfully parsed license /home/hackaroon/.config/unity3d/Unity/licenses/UnityEntitlementLicense.xml
2024-06-24 18:38:10.248 - [  7977] - [    11] - INFO  - [Unity.Licensing.Client.Services.EntitlementResolverProvider] Rebuilding resolvers from local files:  /home/hackaroon/.config/unity3d/Unity/licenses/UnityEntitlementLicense.xml
2024-06-24 18:38:10.248 - [  7977] - [    11] - INFO  - [Unity.Licensing.Client.Services.EntitlementResolverProvider] Processing license /home/hackaroon/.config/unity3d/Unity/licenses/UnityEntitlementLicense.xml
2024-06-24 18:38:10.248 - [  7977] - [    11] - INFO  - [Unity.Licensing.Client.Services.EntitlementResolverProvider] Processed 1 license files in 00:00:00.0001995
2024-06-24 18:38:10.257 - [  7977] - [    11] - INFO  - [Unity.Licensing.Client.Services.Helpers.LicenseFilesMapper] Successfully parsed license /home/hackaroon/.config/unity3d/Unity/licenses/UnityEntitlementLicense.xml
2024-06-24 18:38:10.257 - [  7977] - [    11] - INFO  - [Unity.Licensing.Client.Services.EntitlementResolverProvider] Rebuilding resolvers from local files:  /home/hackaroon/.config/unity3d/Unity/licenses/UnityEntitlementLicense.xml
2024-06-24 18:38:10.258 - [  7977] - [    11] - INFO  - [Unity.Licensing.Client.Services.EntitlementResolverProvider] Processing license /home/hackaroon/.config/unity3d/Unity/licenses/UnityEntitlementLicense.xml
2024-06-24 18:38:10.258 - [  7977] - [    11] - INFO  - [Unity.Licensing.Client.Services.EntitlementResolverProvider] Processed 1 license files in 00:00:00.0000960
2024-06-24 18:38:10.258 - [  7977] - [    11] - INFO  - [Unity.Licensing.Client.Communication.ApiPipeHandler#1] REQ-18 | Sending EntitlementGroupsDetailsResponse for request EntitlementGroupsDetailsRequest from Hub 3.8.0 (LocalIPC/1.15.4) [200]:  Success, found: 1 groups
2024-06-24 18:38:13.473 - [  7977] - [OpenTelemetry-BatchExportProcessor-BigQueryExporter] - ERROR - [Unity.Licensing.Analytics.Exporters.BigQueryExporter] Network is unreachable (cdp.cloud.unity3d.com:443)
2024-06-24 18:38:14.052 - [  7977] - [    11] - INFO  - [Unity.Licensing.Client.Services.Helpers.LicenseFilesMapper] Successfully parsed license /home/hackaroon/.config/unity3d/Unity/licenses/UnityEntitlementLicense.xml
2024-06-24 18:38:14.053 - [  7977] - [    11] - INFO  - [Unity.Licensing.Client.Services.EntitlementResolverProvider] Rebuilding resolvers from local files:  /home/hackaroon/.config/unity3d/Unity/licenses/UnityEntitlementLicense.xml
2024-06-24 18:38:14.053 - [  7977] - [    11] - INFO  - [Unity.Licensing.Client.Services.EntitlementResolverProvider] Processing license /home/hackaroon/.config/unity3d/Unity/licenses/UnityEntitlementLicense.xml
2024-06-24 18:38:14.053 - [  7977] - [    11] - INFO  - [Unity.Licensing.Client.Services.EntitlementResolverProvider] Processed 1 license files in 00:00:00.0002403
2024-06-24 18:38:14.069 - [  7977] - [    11] - INFO  - [Unity.Licensing.Client.Services.Helpers.LicenseFilesMapper] Successfully parsed license /home/hackaroon/.config/unity3d/Unity/licenses/UnityEntitlementLicense.xml
2024-06-24 18:38:14.069 - [  7977] - [    11] - INFO  - [Unity.Licensing.Client.Services.EntitlementResolverProvider] Rebuilding resolvers from local files:  /home/hackaroon/.config/unity3d/Unity/licenses/UnityEntitlementLicense.xml
2024-06-24 18:38:14.069 - [  7977] - [    11] - INFO  - [Unity.Licensing.Client.Services.EntitlementResolverProvider] Processing license /home/hackaroon/.config/unity3d/Unity/licenses/UnityEntitlementLicense.xml
2024-06-24 18:38:14.069 - [  7977] - [    11] - INFO  - [Unity.Licensing.Client.Services.EntitlementResolverProvider] Processed 1 license files in 00:00:00.0001635
2024-06-24 18:38:14.070 - [  7977] - [    11] - INFO  - [Unity.Licensing.Client.Communication.ApiPipeHandler#1] REQ-19 | Sending EntitlementGroupsDetailsResponse for request EntitlementGroupsDetailsRequest from Hub 3.8.0 (LocalIPC/1.15.4) [200]:  Success, found: 1 groups
2024-06-24 18:38:18.484 - [  7977] - [OpenTelemetry-BatchExportProcessor-BigQueryExporter] - ERROR - [Unity.Licensing.Analytics.Exporters.BigQueryExporter] Network is unreachable (cdp.cloud.unity3d.com:443)
2024-06-24 18:38:28.619 - [  7977] - [    11] - INFO  - [Unity.Licensing.Client.Services.Helpers.LicenseFilesMapper] Successfully parsed license /home/hackaroon/.config/unity3d/Unity/licenses/UnityEntitlementLicense.xml
2024-06-24 18:38:28.619 - [  7977] - [    11] - INFO  - [Unity.Licensing.Client.Services.EntitlementResolverProvider] Rebuilding resolvers from local files:  /home/hackaroon/.config/unity3d/Unity/licenses/UnityEntitlementLicense.xml
2024-06-24 18:38:28.619 - [  7977] - [    11] - INFO  - [Unity.Licensing.Client.Services.EntitlementResolverProvider] Processing license /home/hackaroon/.config/unity3d/Unity/licenses/UnityEntitlementLicense.xml
2024-06-24 18:38:28.619 - [  7977] - [    11] - INFO  - [Unity.Licensing.Client.Services.EntitlementResolverProvider] Processed 1 license files in 00:00:00.0000790
2024-06-24 18:38:28.627 - [  7977] - [    11] - INFO  - [Unity.Licensing.Client.Services.Helpers.LicenseFilesMapper] Successfully parsed license /home/hackaroon/.config/unity3d/Unity/licenses/UnityEntitlementLicense.xml
2024-06-24 18:38:28.628 - [  7977] - [    11] - INFO  - [Unity.Licensing.Client.Services.EntitlementResolverProvider] Rebuilding resolvers from local files:  /home/hackaroon/.config/unity3d/Unity/licenses/UnityEntitlementLicense.xml
2024-06-24 18:38:28.628 - [  7977] - [    11] - INFO  - [Unity.Licensing.Client.Services.EntitlementResolverProvider] Processing license /home/hackaroon/.config/unity3d/Unity/licenses/UnityEntitlementLicense.xml
2024-06-24 18:38:28.628 - [  7977] - [    11] - INFO  - [Unity.Licensing.Client.Services.EntitlementResolverProvider] Processed 1 license files in 00:00:00.0002867
2024-06-24 18:38:28.628 - [  7977] - [    11] - INFO  - [Unity.Licensing.Client.Communication.ApiPipeHandler#1] REQ-20 | Sending EntitlementGroupsDetailsResponse for request EntitlementGroupsDetailsRequest from Hub 3.8.0 (LocalIPC/1.15.4) [200]:  Success, found: 1 groups
2024-06-24 18:38:28.645 - [  7977] - [    11] - INFO  - [Unity.Licensing.Client.Communication.ApiPipeHandler#1] REQ-21 | Sending EntitlementsResponse for request EntitlementsRequest from Hub 3.8.0 (LocalIPC/1.15.4) [200]:  Found 1 entitlements
2024-06-24 18:38:33.496 - [  7977] - [OpenTelemetry-BatchExportProcessor-BigQueryExporter] - ERROR - [Unity.Licensing.Analytics.Exporters.BigQueryExporter] Network is unreachable (cdp.cloud.unity3d.com:443)
2024-06-24 18:38:35.279 - [  7977] - [    11] - INFO  - [Unity.Licensing.Client.Services.Helpers.LicenseFilesMapper] Successfully parsed license /home/hackaroon/.config/unity3d/Unity/licenses/UnityEntitlementLicense.xml
2024-06-24 18:38:35.279 - [  7977] - [    11] - INFO  - [Unity.Licensing.Client.Services.EntitlementResolverProvider] Rebuilding resolvers from local files:  /home/hackaroon/.config/unity3d/Unity/licenses/UnityEntitlementLicense.xml
2024-06-24 18:38:35.279 - [  7977] - [    11] - INFO  - [Unity.Licensing.Client.Services.EntitlementResolverProvider] Processing license /home/hackaroon/.config/unity3d/Unity/licenses/UnityEntitlementLicense.xml
2024-06-24 18:38:35.279 - [  7977] - [    11] - INFO  - [Unity.Licensing.Client.Services.EntitlementResolverProvider] Processed 1 license files in 00:00:00.0000778
2024-06-24 18:38:35.284 - [  7977] - [    11] - INFO  - [Unity.Licensing.Client.Services.Helpers.LicenseFilesMapper] Successfully parsed license /home/hackaroon/.config/unity3d/Unity/licenses/UnityEntitlementLicense.xml
2024-06-24 18:38:35.285 - [  7977] - [    11] - INFO  - [Unity.Licensing.Client.Services.EntitlementResolverProvider] Rebuilding resolvers from local files:  /home/hackaroon/.config/unity3d/Unity/licenses/UnityEntitlementLicense.xml
2024-06-24 18:38:35.285 - [  7977] - [    11] - INFO  - [Unity.Licensing.Client.Services.EntitlementResolverProvider] Processing license /home/hackaroon/.config/unity3d/Unity/licenses/UnityEntitlementLicense.xml
2024-06-24 18:38:35.285 - [  7977] - [    11] - INFO  - [Unity.Licensing.Client.Services.EntitlementResolverProvider] Processed 1 license files in 00:00:00.0002716
2024-06-24 18:38:35.285 - [  7977] - [    11] - INFO  - [Unity.Licensing.Client.Communication.ApiPipeHandler#1] REQ-22 | Sending EntitlementGroupsDetailsResponse for request EntitlementGroupsDetailsRequest from Hub 3.8.0 (LocalIPC/1.15.4) [200]:  Success, found: 1 groups
2024-06-24 18:38:35.298 - [  7977] - [    11] - INFO  - [Unity.Licensing.Client.Communication.ApiPipeHandler#1] REQ-23 | Sending EntitlementsResponse for request EntitlementsRequest from Hub 3.8.0 (LocalIPC/1.15.4) [200]:  Found 1 entitlements
2024-06-24 18:38:38.051 - [  7977] - [    11] - INFO  - [Unity.Licensing.Client.Services.Helpers.LicenseFilesMapper] Successfully parsed license /home/hackaroon/.config/unity3d/Unity/licenses/UnityEntitlementLicense.xml
2024-06-24 18:38:38.051 - [  7977] - [    11] - INFO  - [Unity.Licensing.Client.Services.EntitlementResolverProvider] Rebuilding resolvers from local files:  /home/hackaroon/.config/unity3d/Unity/licenses/UnityEntitlementLicense.xml
2024-06-24 18:38:38.051 - [  7977] - [    11] - INFO  - [Unity.Licensing.Client.Services.EntitlementResolverProvider] Processing license /home/hackaroon/.config/unity3d/Unity/licenses/UnityEntitlementLicense.xml
2024-06-24 18:38:38.052 - [  7977] - [    11] - INFO  - [Unity.Licensing.Client.Services.EntitlementResolverProvider] Processed 1 license files in 00:00:00.0002088
2024-06-24 18:38:38.058 - [  7977] - [    11] - INFO  - [Unity.Licensing.Client.Services.Helpers.LicenseFilesMapper] Successfully parsed license /home/hackaroon/.config/unity3d/Unity/licenses/UnityEntitlementLicense.xml
2024-06-24 18:38:38.058 - [  7977] - [    11] - INFO  - [Unity.Licensing.Client.Services.EntitlementResolverProvider] Rebuilding resolvers from local files:  /home/hackaroon/.config/unity3d/Unity/licenses/UnityEntitlementLicense.xml
2024-06-24 18:38:38.058 - [  7977] - [    11] - INFO  - [Unity.Licensing.Client.Services.EntitlementResolverProvider] Processing license /home/hackaroon/.config/unity3d/Unity/licenses/UnityEntitlementLicense.xml
2024-06-24 18:38:38.058 - [  7977] - [    11] - INFO  - [Unity.Licensing.Client.Services.EntitlementResolverProvider] Processed 1 license files in 00:00:00.0000847
2024-06-24 18:38:38.059 - [  7977] - [    11] - INFO  - [Unity.Licensing.Client.Communication.ApiPipeHandler#1] REQ-24 | Sending EntitlementGroupsDetailsResponse for request EntitlementGroupsDetailsRequest from Hub 3.8.0 (LocalIPC/1.15.4) [200]:  Success, found: 1 groups
2024-06-24 18:38:38.071 - [  7977] - [    11] - INFO  - [Unity.Licensing.Client.Communication.ApiPipeHandler#1] REQ-25 | Sending EntitlementsResponse for request EntitlementsRequest from Hub 3.8.0 (LocalIPC/1.15.4) [200]:  Found 1 entitlements
2024-06-24 18:38:38.507 - [  7977] - [OpenTelemetry-BatchExportProcessor-BigQueryExporter] - ERROR - [Unity.Licensing.Analytics.Exporters.BigQueryExporter] Network is unreachable (cdp.cloud.unity3d.com:443)
2024-06-24 19:35:23.943 - [  7977] - [    28] - INFO  - [Unity.Licensing.Client.Configuration.ClientConfigurationLoader] Downloaded remote config from: "https://public-cdn.cloud.unity3d.com/config/production"
2024-06-24 19:35:23.943 - [  7977] - [    28] - INFO  - [Unity.Licensing.Client.Configuration.ClientConfigurationLoader] Unity remote config is updated: "/home/hackaroon/.config/unity3d/Unity/config/production.json"
2024-06-24 19:35:28.611 - [  7977] - [OpenTelemetry-BatchExportProcessor-BigQueryExporter] - ERROR - [Unity.Licensing.Analytics.Exporters.BigQueryExporter] Network is unreachable (cdp.cloud.unity3d.com:443)
2024-06-24 20:35:24.091 - [  7977] - [    28] - INFO  - [Unity.Licensing.Client.Configuration.ClientConfigurationLoader] Downloaded remote config from: "https://public-cdn.cloud.unity3d.com/config/production"
2024-06-24 20:35:24.093 - [  7977] - [    28] - INFO  - [Unity.Licensing.Client.Configuration.ClientConfigurationLoader] Unity remote config is updated: "/home/hackaroon/.config/unity3d/Unity/config/production.json"
2024-06-24 20:35:28.736 - [  7977] - [OpenTelemetry-BatchExportProcessor-BigQueryExporter] - ERROR - [Unity.Licensing.Analytics.Exporters.BigQueryExporter] Network is unreachable (cdp.cloud.unity3d.com:443)
2024-06-24 20:37:52.547 - [  7977] - [    11] - INFO  - [Unity.Licensing.Client.Communication.ApiPipeHandler#1] REQ-26 | Sending EntitlementsResponse for request EntitlementsRequest from Hub 3.8.0 (LocalIPC/1.15.4) [200]:  Found 1 entitlements
2024-06-24 20:37:52.550 - [  7977] - [    11] - INFO  - [Unity.Licensing.Client.Communication.Controllers.AccessTokenController] Got access token (expires in 30758400 seconds)
2024-06-24 20:37:52.555 - [  7977] - [    11] - INFO  - [Unity.Licensing.Client.Communication.ApiPipeHandler#1] REQ-27 | Sending AccessTokenResponse for request AccessTokenRequest from Hub 3.8.0 (LocalIPC/1.15.4) [200]:  (null)
2024-06-24 20:37:52.603 - [  7977] - [    11] - INFO  - [Unity.Licensing.Client.Services.Helpers.LicenseFilesMapper] Successfully parsed license /home/hackaroon/.config/unity3d/Unity/licenses/UnityEntitlementLicense.xml
2024-06-24 20:37:52.604 - [  7977] - [    11] - INFO  - [Unity.Licensing.Client.Services.EntitlementResolverProvider] Rebuilding resolvers from local files:  /home/hackaroon/.config/unity3d/Unity/licenses/UnityEntitlementLicense.xml
2024-06-24 20:37:52.604 - [  7977] - [    11] - INFO  - [Unity.Licensing.Client.Services.EntitlementResolverProvider] Processing license /home/hackaroon/.config/unity3d/Unity/licenses/UnityEntitlementLicense.xml
2024-06-24 20:37:52.604 - [  7977] - [    11] - INFO  - [Unity.Licensing.Client.Services.EntitlementResolverProvider] Processed 1 license files in 00:00:00.0001611
2024-06-24 20:37:52.615 - [  7977] - [    11] - INFO  - [Unity.Licensing.Client.Services.Helpers.LicenseFilesMapper] Successfully parsed license /home/hackaroon/.config/unity3d/Unity/licenses/UnityEntitlementLicense.xml
2024-06-24 20:37:52.616 - [  7977] - [    11] - INFO  - [Unity.Licensing.Client.Services.EntitlementResolverProvider] Rebuilding resolvers from local files:  /home/hackaroon/.config/unity3d/Unity/licenses/UnityEntitlementLicense.xml
2024-06-24 20:37:52.616 - [  7977] - [    11] - INFO  - [Unity.Licensing.Client.Services.EntitlementResolverProvider] Processing license /home/hackaroon/.config/unity3d/Unity/licenses/UnityEntitlementLicense.xml
2024-06-24 20:37:52.616 - [  7977] - [    11] - INFO  - [Unity.Licensing.Client.Services.EntitlementResolverProvider] Processed 1 license files in 00:00:00.0002139
2024-06-24 20:37:52.617 - [  7977] - [    11] - INFO  - [Unity.Licensing.Client.Communication.ApiPipeHandler#1] REQ-28 | Sending EntitlementGroupsDetailsResponse for request EntitlementGroupsDetailsRequest from Hub 3.8.0 (LocalIPC/1.15.4) [200]:  Success, found: 1 groups
2024-06-24 20:37:53.747 - [  7977] - [OpenTelemetry-BatchExportProcessor-BigQueryExporter] - ERROR - [Unity.Licensing.Analytics.Exporters.BigQueryExporter] Network is unreachable (cdp.cloud.unity3d.com:443)
2024-06-24 20:37:54.165 - [  7977] - [    11] - INFO  - [Unity.Licensing.Client.Services.Licensing.GenesisLicensingService] Attempting to contact genesis update license api
2024-06-24 20:37:55.124 - [  7977] - [    28] - INFO  - [Unity.Licensing.Client.Services.Licensing.GenesisLicensingService] Trying to write updated entitlement license file...
2024-06-24 20:37:55.126 - [  7977] - [    28] - INFO  - [Unity.Licensing.Client.Services.Licensing.GenesisLicensingService] Successfully updated license file
2024-06-24 20:37:55.137 - [  7977] - [    11] - INFO  - [Unity.Licensing.Client.Services.Helpers.LicenseFilesMapper] Successfully parsed license /home/hackaroon/.config/unity3d/Unity/licenses/UnityEntitlementLicense.xml
2024-06-24 20:37:55.137 - [  7977] - [    11] - INFO  - [Unity.Licensing.Client.Services.EntitlementResolverProvider] Rebuilding resolvers from local files:  /home/hackaroon/.config/unity3d/Unity/licenses/UnityEntitlementLicense.xml
2024-06-24 20:37:55.137 - [  7977] - [    11] - INFO  - [Unity.Licensing.Client.Services.EntitlementResolverProvider] Processing license /home/hackaroon/.config/unity3d/Unity/licenses/UnityEntitlementLicense.xml
2024-06-24 20:37:55.138 - [  7977] - [    11] - INFO  - [Unity.Licensing.Client.Services.EntitlementResolverProvider] Processed 1 license files in 00:00:00.0002199
2024-06-24 20:37:55.144 - [  7977] - [    11] - INFO  - [Unity.Licensing.Client.Services.LicenseOfflineValidityEndingPeriodicNotifierService] OnEntitlementResolverUpdated, will restart timer
2024-06-24 20:37:55.146 - [  7977] - [    11] - INFO  - [Unity.Licensing.Client.Communication.ApiPipeHandler#1] REQ-29 | Sending ActivationManagementResponse for request ActivationManagementRequest from Hub 3.8.0 (LocalIPC/1.15.4) [207]:  Successfully processed activation management call
2024-06-24 20:37:55.147 - [  7977] - [    40] - INFO  - [Unity.Licensing.Client.Services.LicenseOfflineValidityEndingPeriodicNotifierService] Will execute periodic notification again in 22.11:21:04.8525645
2024-06-24 20:37:55.159 - [  7977] - [    11] - INFO  - [Unity.Licensing.Client.Services.Helpers.LicenseFilesMapper] Successfully parsed license /home/hackaroon/.config/unity3d/Unity/licenses/UnityEntitlementLicense.xml
2024-06-24 20:37:55.160 - [  7977] - [    11] - INFO  - [Unity.Licensing.Client.Services.EntitlementResolverProvider] Rebuilding resolvers from local files:  /home/hackaroon/.config/unity3d/Unity/licenses/UnityEntitlementLicense.xml
2024-06-24 20:37:55.160 - [  7977] - [    11] - INFO  - [Unity.Licensing.Client.Services.EntitlementResolverProvider] Processing license /home/hackaroon/.config/unity3d/Unity/licenses/UnityEntitlementLicense.xml
2024-06-24 20:37:55.160 - [  7977] - [    11] - INFO  - [Unity.Licensing.Client.Services.EntitlementResolverProvider] Processed 1 license files in 00:00:00.0003555
2024-06-24 20:37:55.169 - [  7977] - [    11] - INFO  - [Unity.Licensing.Client.Services.Helpers.LicenseFilesMapper] Successfully parsed license /home/hackaroon/.config/unity3d/Unity/licenses/UnityEntitlementLicense.xml
2024-06-24 20:37:55.169 - [  7977] - [    11] - INFO  - [Unity.Licensing.Client.Services.EntitlementResolverProvider] Rebuilding resolvers from local files:  /home/hackaroon/.config/unity3d/Unity/licenses/UnityEntitlementLicense.xml
2024-06-24 20:37:55.169 - [  7977] - [    11] - INFO  - [Unity.Licensing.Client.Services.EntitlementResolverProvider] Processing license /home/hackaroon/.config/unity3d/Unity/licenses/UnityEntitlementLicense.xml
2024-06-24 20:37:55.170 - [  7977] - [    11] - INFO  - [Unity.Licensing.Client.Services.EntitlementResolverProvider] Processed 1 license files in 00:00:00.0001623
2024-06-24 20:37:55.170 - [  7977] - [    11] - INFO  - [Unity.Licensing.Client.Communication.ApiPipeHandler#1] REQ-30 | Sending EntitlementGroupsDetailsResponse for request EntitlementGroupsDetailsRequest from Hub 3.8.0 (LocalIPC/1.15.4) [200]:  Success, found: 1 groups
2024-06-24 20:37:55.184 - [  7977] - [    11] - INFO  - [Unity.Licensing.Client.Services.Helpers.LicenseFilesMapper] Successfully parsed license /home/hackaroon/.config/unity3d/Unity/licenses/UnityEntitlementLicense.xml
2024-06-24 20:37:55.185 - [  7977] - [    11] - INFO  - [Unity.Licensing.Client.Services.EntitlementResolverProvider] Rebuilding resolvers from local files:  /home/hackaroon/.config/unity3d/Unity/licenses/UnityEntitlementLicense.xml
2024-06-24 20:37:55.185 - [  7977] - [    11] - INFO  - [Unity.Licensing.Client.Services.EntitlementResolverProvider] Processing license /home/hackaroon/.config/unity3d/Unity/licenses/UnityEntitlementLicense.xml
2024-06-24 20:37:55.185 - [  7977] - [    11] - INFO  - [Unity.Licensing.Client.Services.EntitlementResolverProvider] Processed 1 license files in 00:00:00.0003403
2024-06-24 20:37:55.198 - [  7977] - [    11] - INFO  - [Unity.Licensing.Client.Services.Helpers.LicenseFilesMapper] Successfully parsed license /home/hackaroon/.config/unity3d/Unity/licenses/UnityEntitlementLicense.xml
2024-06-24 20:37:55.199 - [  7977] - [    11] - INFO  - [Unity.Licensing.Client.Services.EntitlementResolverProvider] Rebuilding resolvers from local files:  /home/hackaroon/.config/unity3d/Unity/licenses/UnityEntitlementLicense.xml
2024-06-24 20:37:55.199 - [  7977] - [    11] - INFO  - [Unity.Licensing.Client.Services.EntitlementResolverProvider] Processing license /home/hackaroon/.config/unity3d/Unity/licenses/UnityEntitlementLicense.xml
2024-06-24 20:37:55.199 - [  7977] - [    11] - INFO  - [Unity.Licensing.Client.Services.EntitlementResolverProvider] Processed 1 license files in 00:00:00.0001947
2024-06-24 20:37:55.200 - [  7977] - [    11] - INFO  - [Unity.Licensing.Client.Communication.ApiPipeHandler#1] REQ-31 | Sending EntitlementGroupsDetailsResponse for request EntitlementGroupsDetailsRequest from Hub 3.8.0 (LocalIPC/1.15.4) [200]:  Success, found: 1 groups
2024-06-24 20:37:55.216 - [  7977] - [    11] - INFO  - [Unity.Licensing.Client.Communication.ApiPipeHandler#1] REQ-32 | Sending EntitlementsResponse for request EntitlementsRequest from Hub 3.8.0 (LocalIPC/1.15.4) [200]:  Found 1 entitlements
2024-06-24 20:37:58.756 - [  7977] - [OpenTelemetry-BatchExportProcessor-BigQueryExporter] - ERROR - [Unity.Licensing.Analytics.Exporters.BigQueryExporter] Network is unreachable (cdp.cloud.unity3d.com:443)
2024-06-24 20:38:08.726 - [  7977] - [    11] - INFO  - [Unity.Licensing.Client.Services.Helpers.LicenseFilesMapper] Successfully parsed license /home/hackaroon/.config/unity3d/Unity/licenses/UnityEntitlementLicense.xml
2024-06-24 20:38:08.726 - [  7977] - [    11] - INFO  - [Unity.Licensing.Client.Services.EntitlementResolverProvider] Rebuilding resolvers from local files:  /home/hackaroon/.config/unity3d/Unity/licenses/UnityEntitlementLicense.xml
2024-06-24 20:38:08.726 - [  7977] - [    11] - INFO  - [Unity.Licensing.Client.Services.EntitlementResolverProvider] Processing license /home/hackaroon/.config/unity3d/Unity/licenses/UnityEntitlementLicense.xml
2024-06-24 20:38:08.726 - [  7977] - [    11] - INFO  - [Unity.Licensing.Client.Services.EntitlementResolverProvider] Processed 1 license files in 00:00:00.0001202
2024-06-24 20:38:08.735 - [  7977] - [    11] - INFO  - [Unity.Licensing.Client.Services.Helpers.LicenseFilesMapper] Successfully parsed license /home/hackaroon/.config/unity3d/Unity/licenses/UnityEntitlementLicense.xml
2024-06-24 20:38:08.736 - [  7977] - [    11] - INFO  - [Unity.Licensing.Client.Services.EntitlementResolverProvider] Rebuilding resolvers from local files:  /home/hackaroon/.config/unity3d/Unity/licenses/UnityEntitlementLicense.xml
2024-06-24 20:38:08.736 - [  7977] - [    11] - INFO  - [Unity.Licensing.Client.Services.EntitlementResolverProvider] Processing license /home/hackaroon/.config/unity3d/Unity/licenses/UnityEntitlementLicense.xml
2024-06-24 20:38:08.736 - [  7977] - [    11] - INFO  - [Unity.Licensing.Client.Services.EntitlementResolverProvider] Processed 1 license files in 00:00:00.0001047
2024-06-24 20:38:08.736 - [  7977] - [    11] - INFO  - [Unity.Licensing.Client.Communication.ApiPipeHandler#1] REQ-33 | Sending EntitlementGroupsDetailsResponse for request EntitlementGroupsDetailsRequest from Hub 3.8.0 (LocalIPC/1.15.4) [200]:  Success, found: 1 groups
2024-06-24 20:38:08.764 - [  7977] - [OpenTelemetry-BatchExportProcessor-BigQueryExporter] - ERROR - [Unity.Licensing.Analytics.Exporters.BigQueryExporter] Network is unreachable (cdp.cloud.unity3d.com:443)
2024-06-25 11:35:01.468 - [ 18109] - [     1] - ERROR - [Unity.Licensing.Client.Services.PeriodicBorrowFeatureStatusService] Could not initialize the floating licensing service: Invalid servicesConfiguration for licensing. Make sure the licensingServiceBaseUrl servicesConfiguration is a valid URL
2024-06-25 11:35:01.574 - [ 18109] - [     1] - INFO  - [Unity.Licensing.Client.Program] cloudEnvironment: production
2024-06-25 11:35:01.574 - [ 18109] - [     1] - INFO  - [Unity.Licensing.Client.Program] Client product version: 1.15.4+eee609c
2024-06-25 11:35:01.574 - [ 18109] - [     1] - INFO  - [Unity.Licensing.Client.Program] Client assembly version: 1.15.4.0
2024-06-25 11:35:01.574 - [ 18109] - [     1] - INFO  - [Unity.Licensing.Client.Program] File version: 1.15.4 (/opt/unityhub/UnityLicensingClient_V1/Unity.Licensing.Client.dll)
2024-06-25 11:35:01.574 - [ 18109] - [     1] - INFO  - [Unity.Licensing.Client.Program] Current OS: Linux 6.9.5-zen1-1-zen #1 ZEN SMP PREEMPT_DYNAMIC Sun, 16 Jun 2024 19:06:18 +0000
2024-06-25 11:35:01.575 - [ 18109] - [     1] - INFO  - [Unity.Licensing.Client.Program] Command line arguments:  --namedPipe Unity-LicenseClient-hackaroon --cloudEnvironment production
2024-06-25 11:35:01.577 - [ 18109] - [     1] - INFO  - [Unity.Licensing.Client.Program] Analytics CorrelationId: 1714bf43cec2bf372fc5ad3e18c2481c
2024-06-25 11:35:01.580 - [ 18109] - [    10] - INFO  - [Unity.Licensing.Client.PipeServerExecutor] GlobalMutex Unity-LicenseClient-hackaroon created (on thread: 10)
2024-06-25 11:35:01.581 - [ 18109] - [     1] - WARN  - [Unity.Licensing.Client.Services.LicensingOrchestrator] Floating licensing service disabled: Invalid servicesConfiguration for licensing. Make sure the licensingServiceBaseUrl servicesConfiguration is a valid URL
2024-06-25 11:35:01.581 - [ 18109] - [     1] - WARN  - [Unity.Licensing.Client.Services.LicensingOrchestrator] Licensing replication disabled: Failed to acquire Licensing Service URL from configuration under configuration key: licensingServiceBaseUrl
2024-06-25 11:35:01.619 - [ 18109] - [     1] - INFO  - [Unity.Licensing.Client.Services.Helpers.LicenseFilesMapper] Successfully parsed license /home/hackaroon/.config/unity3d/Unity/licenses/UnityEntitlementLicense.xml
2024-06-25 11:35:01.622 - [ 18109] - [     1] - INFO  - [Unity.Licensing.Client.Services.EntitlementResolverProvider] Rebuilding resolvers from local files:  /home/hackaroon/.config/unity3d/Unity/licenses/UnityEntitlementLicense.xml
2024-06-25 11:35:01.622 - [ 18109] - [     1] - INFO  - [Unity.Licensing.Client.Services.EntitlementResolverProvider] Processing license /home/hackaroon/.config/unity3d/Unity/licenses/UnityEntitlementLicense.xml
2024-06-25 11:35:01.624 - [ 18109] - [     1] - INFO  - [Unity.Licensing.Client.Services.EntitlementResolverProvider] Processed 1 license files in 00:00:00.0024883
2024-06-25 11:35:01.649 - [ 18109] - [     1] - INFO  - [Unity.Licensing.Client.Services.Helpers.LicenseFilesMapper] Successfully parsed license /home/hackaroon/.config/unity3d/Unity/licenses/UnityEntitlementLicense.xml
2024-06-25 11:35:01.649 - [ 18109] - [     1] - INFO  - [Unity.Licensing.Client.Services.Replication.InactiveLicenseFileCleaner] Start cleaning expired and inactive license file(s): 
/home/hackaroon/.config/unity3d/Unity/licenses/UnityEntitlementLicense.xml
2024-06-25 11:35:01.649 - [ 18109] - [     1] - INFO  - [Unity.Licensing.Client.Services.Replication.InactiveLicenseFileCleaner] Cleanup finished successfully, deleted 0 expired license file(s)
2024-06-25 11:35:01.658 - [ 18109] - [    16] - INFO  - [Unity.Licensing.Client.Services.Package.PackageEnforcer] Trying to update PACL ...
2024-06-25 11:35:01.660 - [ 18109] - [    13] - INFO  - [Unity.Licensing.Client.MultiClientPipeServer] Starting named pipe server (on thread: 13)
2024-06-25 11:35:01.664 - [ 18109] - [    13] - INFO  - [Unity.Licensing.Client.MultiClientPipeServer] Named pipe server started
2024-06-25 11:35:01.664 - [ 18109] - [.NET Long Running Task] - INFO  - [Unity.Licensing.Client.MultiClientPipeServer] Waiting for a connection (pipe #1)
2024-06-25 11:35:01.664 - [ 18109] - [    13] - INFO  - [Unity.Licensing.Client.Communication.Notifications.NotificationsPipeServer] Starting named pipe server (on thread: 13)
2024-06-25 11:35:01.664 - [ 18109] - [    16] - INFO  - [Unity.Licensing.Client.Services.Package.PackageService] Getting PACL from remote uri: "https://license.unity3d.com/licenses/v1/packages/acl" ...
2024-06-25 11:35:01.665 - [ 18109] - [.NET Long Running Task] - INFO  - [Unity.Licensing.Client.Communication.Notifications.NotificationsPipeServer] Waiting for a connection (pipe #1)
2024-06-25 11:35:01.665 - [ 18109] - [    13] - INFO  - [Unity.Licensing.Client.Communication.Notifications.NotificationsPipeServer] Named pipe server started
2024-06-25 11:35:01.666 - [ 18109] - [OpenTelemetry-BatchExportProcessor-BigQueryExporter] - ERROR - [Unity.Licensing.Analytics.Exporters.BigQueryExporter] Network is unreachable (cdp.cloud.unity3d.com:443)
2024-06-25 11:35:01.671 - [ 18109] - [    16] - INFO  - [Unity.Licensing.Client.Services.Package.PackageService] Local PACL revision: 38
2024-06-25 11:35:01.684 - [ 18109] - [.NET Long Running Task] - INFO  - [Unity.Licensing.Client.MultiClientPipeServer] Waiting for a connection (pipe #2)
2024-06-25 11:35:01.689 - [ 18109] - [    11] - INFO  - [Unity.Licensing.Client.Communication.ApiPipeHandler#1] new pipe session: 56ddc4870b004875bf70c3c06c6948b7
2024-06-25 11:35:01.691 - [ 18109] - [    11] - INFO  - [Unity.Licensing.Client.MultiClientPipeServer] A new client is connecting (pipe #1)
2024-06-25 11:35:01.691 - [ 18109] - [    11] - INFO  - [Unity.Licensing.Client.Communication.ApiPipeHandler#1] Start accepting requests
2024-06-25 11:35:01.751 - [ 18109] - [    11] - INFO  - [Unity.Licensing.Client.Communication.Controllers.HandshakeController] Received handshake from: Hub 3.8.0 (LocalIPC/1.15.4)
2024-06-25 11:35:01.762 - [ 18109] - [    11] - INFO  - [Unity.Licensing.Client.Communication.ApiPipeHandler#1] REQ-1 | Sending HandshakeResponse for request HandshakeRequest from Hub 3.8.0 (LocalIPC/1.15.4) [200]:  Handshake successful
2024-06-25 11:35:01.766 - [ 18109] - [.NET Long Running Task] - INFO  - [Unity.Licensing.Client.Communication.Notifications.NotificationsPipeServer] Waiting for a connection (pipe #2)
2024-06-25 11:35:01.767 - [ 18109] - [    16] - INFO  - [Unity.Licensing.Client.Communication.Notifications.NotificationsPipeServer] A new client is connecting (pipe #1)
2024-06-25 11:35:01.782 - [ 18109] - [    11] - INFO  - [Unity.Licensing.Client.Communication.Controllers.AccessTokenController] Access token is empty, user logged out
2024-06-25 11:35:01.783 - [ 18109] - [    11] - INFO  - [Unity.Licensing.Client.Communication.ApiPipeHandler#1] REQ-2 | Sending AccessTokenResponse for request AccessTokenRequest from Hub 3.8.0 (LocalIPC/1.15.4) [200]:  (null)
2024-06-25 11:35:01.790 - [ 18109] - [    11] - INFO  - [Unity.Licensing.Client.Services.Helpers.LicenseFilesMapper] Successfully parsed license /home/hackaroon/.config/unity3d/Unity/licenses/UnityEntitlementLicense.xml
2024-06-25 11:35:01.791 - [ 18109] - [    11] - INFO  - [Unity.Licensing.Client.Services.EntitlementResolverProvider] Rebuilding resolvers from local files:  /home/hackaroon/.config/unity3d/Unity/licenses/UnityEntitlementLicense.xml
2024-06-25 11:35:01.791 - [ 18109] - [    11] - INFO  - [Unity.Licensing.Client.Services.EntitlementResolverProvider] Processing license /home/hackaroon/.config/unity3d/Unity/licenses/UnityEntitlementLicense.xml
2024-06-25 11:35:01.791 - [ 18109] - [    11] - INFO  - [Unity.Licensing.Client.Services.EntitlementResolverProvider] Processed 1 license files in 00:00:00.0001464
2024-06-25 11:35:01.800 - [ 18109] - [    11] - INFO  - [Unity.Licensing.Client.Services.Helpers.LicenseFilesMapper] Successfully parsed license /home/hackaroon/.config/unity3d/Unity/licenses/UnityEntitlementLicense.xml
2024-06-25 11:35:01.800 - [ 18109] - [    11] - INFO  - [Unity.Licensing.Client.Services.EntitlementResolverProvider] Rebuilding resolvers from local files:  /home/hackaroon/.config/unity3d/Unity/licenses/UnityEntitlementLicense.xml
2024-06-25 11:35:01.800 - [ 18109] - [    11] - INFO  - [Unity.Licensing.Client.Services.EntitlementResolverProvider] Processing license /home/hackaroon/.config/unity3d/Unity/licenses/UnityEntitlementLicense.xml
2024-06-25 11:35:01.800 - [ 18109] - [    11] - INFO  - [Unity.Licensing.Client.Services.EntitlementResolverProvider] Processed 1 license files in 00:00:00.0000661
2024-06-25 11:35:01.806 - [ 18109] - [    11] - INFO  - [Unity.Licensing.Client.Communication.ApiPipeHandler#1] REQ-3 | Sending EntitlementGroupsDetailsResponse for request EntitlementGroupsDetailsRequest from Hub 3.8.0 (LocalIPC/1.15.4) [200]:  Success, found: 1 groups
2024-06-25 11:35:01.813 - [ 18109] - [    11] - INFO  - [Unity.Licensing.Client.Services.Helpers.LicenseFilesMapper] Successfully parsed license /home/hackaroon/.config/unity3d/Unity/licenses/UnityEntitlementLicense.xml
2024-06-25 11:35:01.813 - [ 18109] - [    11] - INFO  - [Unity.Licensing.Client.Services.EntitlementResolverProvider] Rebuilding resolvers from local files:  /home/hackaroon/.config/unity3d/Unity/licenses/UnityEntitlementLicense.xml
2024-06-25 11:35:01.814 - [ 18109] - [    11] - INFO  - [Unity.Licensing.Client.Services.EntitlementResolverProvider] Processing license /home/hackaroon/.config/unity3d/Unity/licenses/UnityEntitlementLicense.xml
2024-06-25 11:35:01.814 - [ 18109] - [    11] - INFO  - [Unity.Licensing.Client.Services.EntitlementResolverProvider] Processed 1 license files in 00:00:00.0000992
2024-06-25 11:35:01.820 - [ 18109] - [    11] - INFO  - [Unity.Licensing.Client.Services.Helpers.LicenseFilesMapper] Successfully parsed license /home/hackaroon/.config/unity3d/Unity/licenses/UnityEntitlementLicense.xml
2024-06-25 11:35:01.820 - [ 18109] - [    11] - INFO  - [Unity.Licensing.Client.Services.EntitlementResolverProvider] Rebuilding resolvers from local files:  /home/hackaroon/.config/unity3d/Unity/licenses/UnityEntitlementLicense.xml
2024-06-25 11:35:01.820 - [ 18109] - [    11] - INFO  - [Unity.Licensing.Client.Services.EntitlementResolverProvider] Processing license /home/hackaroon/.config/unity3d/Unity/licenses/UnityEntitlementLicense.xml
2024-06-25 11:35:01.820 - [ 18109] - [    11] - INFO  - [Unity.Licensing.Client.Services.EntitlementResolverProvider] Processed 1 license files in 00:00:00.0001168
2024-06-25 11:35:01.821 - [ 18109] - [    11] - INFO  - [Unity.Licensing.Client.Communication.ApiPipeHandler#1] REQ-4 | Sending EntitlementGroupsDetailsResponse for request EntitlementGroupsDetailsRequest from Hub 3.8.0 (LocalIPC/1.15.4) [200]:  Success, found: 1 groups
2024-06-25 11:35:01.848 - [ 18109] - [    11] - INFO  - [Unity.Licensing.Client.Services.Helpers.LicenseFilesMapper] Successfully parsed license /home/hackaroon/.config/unity3d/Unity/licenses/UnityEntitlementLicense.xml
2024-06-25 11:35:01.848 - [ 18109] - [    11] - INFO  - [Unity.Licensing.Client.Services.EntitlementResolverProvider] Rebuilding resolvers from local files:  /home/hackaroon/.config/unity3d/Unity/licenses/UnityEntitlementLicense.xml
2024-06-25 11:35:01.848 - [ 18109] - [    11] - INFO  - [Unity.Licensing.Client.Services.EntitlementResolverProvider] Processing license /home/hackaroon/.config/unity3d/Unity/licenses/UnityEntitlementLicense.xml
2024-06-25 11:35:01.848 - [ 18109] - [    11] - INFO  - [Unity.Licensing.Client.Services.EntitlementResolverProvider] Processed 1 license files in 00:00:00.0000856
2024-06-25 11:35:01.854 - [ 18109] - [    11] - INFO  - [Unity.Licensing.Client.Services.Helpers.LicenseFilesMapper] Successfully parsed license /home/hackaroon/.config/unity3d/Unity/licenses/UnityEntitlementLicense.xml
2024-06-25 11:35:01.854 - [ 18109] - [    11] - INFO  - [Unity.Licensing.Client.Services.EntitlementResolverProvider] Rebuilding resolvers from local files:  /home/hackaroon/.config/unity3d/Unity/licenses/UnityEntitlementLicense.xml
2024-06-25 11:35:01.854 - [ 18109] - [    11] - INFO  - [Unity.Licensing.Client.Services.EntitlementResolverProvider] Processing license /home/hackaroon/.config/unity3d/Unity/licenses/UnityEntitlementLicense.xml
2024-06-25 11:35:01.855 - [ 18109] - [    11] - INFO  - [Unity.Licensing.Client.Services.EntitlementResolverProvider] Processed 1 license files in 00:00:00.0000716
2024-06-25 11:35:01.855 - [ 18109] - [    11] - INFO  - [Unity.Licensing.Client.Communication.ApiPipeHandler#1] REQ-5 | Sending EntitlementGroupsDetailsResponse for request EntitlementGroupsDetailsRequest from Hub 3.8.0 (LocalIPC/1.15.4) [200]:  Success, found: 1 groups
2024-06-25 11:35:01.861 - [ 18109] - [    11] - INFO  - [Unity.Licensing.Client.Services.Helpers.LicenseFilesMapper] Successfully parsed license /home/hackaroon/.config/unity3d/Unity/licenses/UnityEntitlementLicense.xml
2024-06-25 11:35:01.861 - [ 18109] - [    11] - INFO  - [Unity.Licensing.Client.Services.EntitlementResolverProvider] Rebuilding resolvers from local files:  /home/hackaroon/.config/unity3d/Unity/licenses/UnityEntitlementLicense.xml
2024-06-25 11:35:01.861 - [ 18109] - [    11] - INFO  - [Unity.Licensing.Client.Services.EntitlementResolverProvider] Processing license /home/hackaroon/.config/unity3d/Unity/licenses/UnityEntitlementLicense.xml
2024-06-25 11:35:01.861 - [ 18109] - [    11] - INFO  - [Unity.Licensing.Client.Services.EntitlementResolverProvider] Processed 1 license files in 00:00:00.0000809
2024-06-25 11:35:01.866 - [ 18109] - [    11] - INFO  - [Unity.Licensing.Client.Services.Helpers.LicenseFilesMapper] Successfully parsed license /home/hackaroon/.config/unity3d/Unity/licenses/UnityEntitlementLicense.xml
2024-06-25 11:35:01.866 - [ 18109] - [    11] - INFO  - [Unity.Licensing.Client.Services.EntitlementResolverProvider] Rebuilding resolvers from local files:  /home/hackaroon/.config/unity3d/Unity/licenses/UnityEntitlementLicense.xml
2024-06-25 11:35:01.866 - [ 18109] - [    11] - INFO  - [Unity.Licensing.Client.Services.EntitlementResolverProvider] Processing license /home/hackaroon/.config/unity3d/Unity/licenses/UnityEntitlementLicense.xml
2024-06-25 11:35:01.866 - [ 18109] - [    11] - INFO  - [Unity.Licensing.Client.Services.EntitlementResolverProvider] Processed 1 license files in 00:00:00.0001070
2024-06-25 11:35:01.866 - [ 18109] - [    11] - INFO  - [Unity.Licensing.Client.Communication.ApiPipeHandler#1] REQ-6 | Sending EntitlementGroupsDetailsResponse for request EntitlementGroupsDetailsRequest from Hub 3.8.0 (LocalIPC/1.15.4) [200]:  Success, found: 1 groups
2024-06-25 11:35:01.872 - [ 18109] - [    11] - INFO  - [Unity.Licensing.Client.Services.Helpers.LicenseFilesMapper] Successfully parsed license /home/hackaroon/.config/unity3d/Unity/licenses/UnityEntitlementLicense.xml
2024-06-25 11:35:01.872 - [ 18109] - [    11] - INFO  - [Unity.Licensing.Client.Services.EntitlementResolverProvider] Rebuilding resolvers from local files:  /home/hackaroon/.config/unity3d/Unity/licenses/UnityEntitlementLicense.xml
2024-06-25 11:35:01.872 - [ 18109] - [    11] - INFO  - [Unity.Licensing.Client.Services.EntitlementResolverProvider] Processing license /home/hackaroon/.config/unity3d/Unity/licenses/UnityEntitlementLicense.xml
2024-06-25 11:35:01.872 - [ 18109] - [    11] - INFO  - [Unity.Licensing.Client.Services.EntitlementResolverProvider] Processed 1 license files in 00:00:00.0000754
2024-06-25 11:35:01.877 - [ 18109] - [    11] - INFO  - [Unity.Licensing.Client.Services.Helpers.LicenseFilesMapper] Successfully parsed license /home/hackaroon/.config/unity3d/Unity/licenses/UnityEntitlementLicense.xml
2024-06-25 11:35:01.877 - [ 18109] - [    11] - INFO  - [Unity.Licensing.Client.Services.EntitlementResolverProvider] Rebuilding resolvers from local files:  /home/hackaroon/.config/unity3d/Unity/licenses/UnityEntitlementLicense.xml
2024-06-25 11:35:01.877 - [ 18109] - [    11] - INFO  - [Unity.Licensing.Client.Services.EntitlementResolverProvider] Processing license /home/hackaroon/.config/unity3d/Unity/licenses/UnityEntitlementLicense.xml
2024-06-25 11:35:01.877 - [ 18109] - [    11] - INFO  - [Unity.Licensing.Client.Services.EntitlementResolverProvider] Processed 1 license files in 00:00:00.0000690
2024-06-25 11:35:01.878 - [ 18109] - [    11] - INFO  - [Unity.Licensing.Client.Communication.ApiPipeHandler#1] REQ-7 | Sending EntitlementGroupsDetailsResponse for request EntitlementGroupsDetailsRequest from Hub 3.8.0 (LocalIPC/1.15.4) [200]:  Success, found: 1 groups
2024-06-25 11:35:01.895 - [ 18109] - [    11] - INFO  - [Unity.Licensing.Client.Services.Helpers.LicenseFilesMapper] Successfully parsed license /home/hackaroon/.config/unity3d/Unity/licenses/UnityEntitlementLicense.xml
2024-06-25 11:35:01.895 - [ 18109] - [    11] - INFO  - [Unity.Licensing.Client.Services.EntitlementResolverProvider] Rebuilding resolvers from local files:  /home/hackaroon/.config/unity3d/Unity/licenses/UnityEntitlementLicense.xml
2024-06-25 11:35:01.895 - [ 18109] - [    11] - INFO  - [Unity.Licensing.Client.Services.EntitlementResolverProvider] Processing license /home/hackaroon/.config/unity3d/Unity/licenses/UnityEntitlementLicense.xml
2024-06-25 11:35:01.895 - [ 18109] - [    11] - INFO  - [Unity.Licensing.Client.Services.EntitlementResolverProvider] Processed 1 license files in 00:00:00.0000826
2024-06-25 11:35:01.900 - [ 18109] - [    11] - INFO  - [Unity.Licensing.Client.Services.Helpers.LicenseFilesMapper] Successfully parsed license /home/hackaroon/.config/unity3d/Unity/licenses/UnityEntitlementLicense.xml
2024-06-25 11:35:01.900 - [ 18109] - [    11] - INFO  - [Unity.Licensing.Client.Services.EntitlementResolverProvider] Rebuilding resolvers from local files:  /home/hackaroon/.config/unity3d/Unity/licenses/UnityEntitlementLicense.xml
2024-06-25 11:35:01.900 - [ 18109] - [    11] - INFO  - [Unity.Licensing.Client.Services.EntitlementResolverProvider] Processing license /home/hackaroon/.config/unity3d/Unity/licenses/UnityEntitlementLicense.xml
2024-06-25 11:35:01.900 - [ 18109] - [    11] - INFO  - [Unity.Licensing.Client.Services.EntitlementResolverProvider] Processed 1 license files in 00:00:00.0000592
2024-06-25 11:35:01.900 - [ 18109] - [    11] - INFO  - [Unity.Licensing.Client.Communication.ApiPipeHandler#1] REQ-8 | Sending EntitlementGroupsDetailsResponse for request EntitlementGroupsDetailsRequest from Hub 3.8.0 (LocalIPC/1.15.4) [200]:  Success, found: 1 groups
2024-06-25 11:35:02.153 - [ 18109] - [    11] - INFO  - [Unity.Licensing.Client.Services.Helpers.LicenseFilesMapper] Successfully parsed license /home/hackaroon/.config/unity3d/Unity/licenses/UnityEntitlementLicense.xml
2024-06-25 11:35:02.153 - [ 18109] - [    11] - INFO  - [Unity.Licensing.Client.Services.EntitlementResolverProvider] Rebuilding resolvers from local files:  /home/hackaroon/.config/unity3d/Unity/licenses/UnityEntitlementLicense.xml
2024-06-25 11:35:02.153 - [ 18109] - [    11] - INFO  - [Unity.Licensing.Client.Services.EntitlementResolverProvider] Processing license /home/hackaroon/.config/unity3d/Unity/licenses/UnityEntitlementLicense.xml
2024-06-25 11:35:02.153 - [ 18109] - [    11] - INFO  - [Unity.Licensing.Client.Services.EntitlementResolverProvider] Processed 1 license files in 00:00:00.0001554
2024-06-25 11:35:02.163 - [ 18109] - [    11] - INFO  - [Unity.Licensing.Client.Services.Helpers.LicenseFilesMapper] Successfully parsed license /home/hackaroon/.config/unity3d/Unity/licenses/UnityEntitlementLicense.xml
2024-06-25 11:35:02.163 - [ 18109] - [    11] - INFO  - [Unity.Licensing.Client.Services.EntitlementResolverProvider] Rebuilding resolvers from local files:  /home/hackaroon/.config/unity3d/Unity/licenses/UnityEntitlementLicense.xml
2024-06-25 11:35:02.163 - [ 18109] - [    11] - INFO  - [Unity.Licensing.Client.Services.EntitlementResolverProvider] Processing license /home/hackaroon/.config/unity3d/Unity/licenses/UnityEntitlementLicense.xml
2024-06-25 11:35:02.163 - [ 18109] - [    11] - INFO  - [Unity.Licensing.Client.Services.EntitlementResolverProvider] Processed 1 license files in 00:00:00.0001017
2024-06-25 11:35:02.164 - [ 18109] - [    11] - INFO  - [Unity.Licensing.Client.Communication.ApiPipeHandler#1] REQ-9 | Sending EntitlementGroupsDetailsResponse for request EntitlementGroupsDetailsRequest from Hub 3.8.0 (LocalIPC/1.15.4) [200]:  Success, found: 1 groups
2024-06-25 11:35:02.486 - [ 18109] - [    11] - INFO  - [Unity.Licensing.Client.Communication.ApiPipeHandler#1] REQ-10 | Sending EntitlementsResponse for request EntitlementsRequest from Hub 3.8.0 (LocalIPC/1.15.4) [200]:  Found 1 entitlements
2024-06-25 11:35:02.509 - [ 18109] - [    16] - WARN  - [PackageService.HttpRequests] Handled response: [304 | Not Modified | ] from request: [GET | https://license.unity3d.com/licenses/v1/packages/acl | ]
2024-06-25 11:35:02.513 - [ 18109] - [    16] - INFO  - [Unity.Licensing.Client.Services.Package.PackageService] Skipping download. No difference between local and remote ETag (uri: "https://license.unity3d.com/licenses/v1/packages/acl", ETag: "654de81db1c74995713c240e35a55046")
2024-06-25 11:35:02.514 - [ 18109] - [    16] - INFO  - [Unity.Licensing.Client.Services.Package.PackageEnforcer] Successfully updated PACL file after 1 attempt(s). Next update in 24.00 hours.
2024-06-25 11:35:02.514 - [ 18109] - [    16] - INFO  - [Unity.Licensing.Client.Services.Package.PackageEnforcer] Loading remote PACL, revision: 38, version: 1.0
2024-06-25 11:35:03.766 - [ 18109] - [    11] - INFO  - [Unity.Licensing.Client.Services.Helpers.LicenseFilesMapper] Successfully parsed license /home/hackaroon/.config/unity3d/Unity/licenses/UnityEntitlementLicense.xml
2024-06-25 11:35:03.766 - [ 18109] - [    11] - INFO  - [Unity.Licensing.Client.Services.EntitlementResolverProvider] Rebuilding resolvers from local files:  /home/hackaroon/.config/unity3d/Unity/licenses/UnityEntitlementLicense.xml
2024-06-25 11:35:03.766 - [ 18109] - [    11] - INFO  - [Unity.Licensing.Client.Services.EntitlementResolverProvider] Processing license /home/hackaroon/.config/unity3d/Unity/licenses/UnityEntitlementLicense.xml
2024-06-25 11:35:03.767 - [ 18109] - [    11] - INFO  - [Unity.Licensing.Client.Services.EntitlementResolverProvider] Processed 1 license files in 00:00:00.0001368
2024-06-25 11:35:03.774 - [ 18109] - [    11] - INFO  - [Unity.Licensing.Client.Services.Helpers.LicenseFilesMapper] Successfully parsed license /home/hackaroon/.config/unity3d/Unity/licenses/UnityEntitlementLicense.xml
2024-06-25 11:35:03.775 - [ 18109] - [    11] - INFO  - [Unity.Licensing.Client.Services.EntitlementResolverProvider] Rebuilding resolvers from local files:  /home/hackaroon/.config/unity3d/Unity/licenses/UnityEntitlementLicense.xml
2024-06-25 11:35:03.775 - [ 18109] - [    11] - INFO  - [Unity.Licensing.Client.Services.EntitlementResolverProvider] Processing license /home/hackaroon/.config/unity3d/Unity/licenses/UnityEntitlementLicense.xml
2024-06-25 11:35:03.775 - [ 18109] - [    11] - INFO  - [Unity.Licensing.Client.Services.EntitlementResolverProvider] Processed 1 license files in 00:00:00.0002481
2024-06-25 11:35:03.776 - [ 18109] - [    11] - INFO  - [Unity.Licensing.Client.Communication.ApiPipeHandler#1] REQ-11 | Sending EntitlementGroupsDetailsResponse for request EntitlementGroupsDetailsRequest from Hub 3.8.0 (LocalIPC/1.15.4) [200]:  Success, found: 1 groups
2024-06-25 11:35:03.792 - [ 18109] - [    11] - INFO  - [Unity.Licensing.Client.Communication.ApiPipeHandler#1] REQ-12 | Sending EntitlementsResponse for request EntitlementsRequest from Hub 3.8.0 (LocalIPC/1.15.4) [200]:  Found 1 entitlements
2024-06-25 11:35:06.706 - [ 18109] - [OpenTelemetry-BatchExportProcessor-BigQueryExporter] - ERROR - [Unity.Licensing.Analytics.Exporters.BigQueryExporter] Network is unreachable (cdp.cloud.unity3d.com:443)
2024-06-25 11:35:11.328 - [ 18109] - [    11] - INFO  - [Unity.Licensing.Client.Services.Helpers.LicenseFilesMapper] Successfully parsed license /home/hackaroon/.config/unity3d/Unity/licenses/UnityEntitlementLicense.xml
2024-06-25 11:35:11.328 - [ 18109] - [    11] - INFO  - [Unity.Licensing.Client.Services.EntitlementResolverProvider] Rebuilding resolvers from local files:  /home/hackaroon/.config/unity3d/Unity/licenses/UnityEntitlementLicense.xml
2024-06-25 11:35:11.329 - [ 18109] - [    11] - INFO  - [Unity.Licensing.Client.Services.EntitlementResolverProvider] Processing license /home/hackaroon/.config/unity3d/Unity/licenses/UnityEntitlementLicense.xml
2024-06-25 11:35:11.329 - [ 18109] - [    11] - INFO  - [Unity.Licensing.Client.Services.EntitlementResolverProvider] Processed 1 license files in 00:00:00.0001084
2024-06-25 11:35:11.336 - [ 18109] - [    11] - INFO  - [Unity.Licensing.Client.Services.Helpers.LicenseFilesMapper] Successfully parsed license /home/hackaroon/.config/unity3d/Unity/licenses/UnityEntitlementLicense.xml
2024-06-25 11:35:11.336 - [ 18109] - [    11] - INFO  - [Unity.Licensing.Client.Services.EntitlementResolverProvider] Rebuilding resolvers from local files:  /home/hackaroon/.config/unity3d/Unity/licenses/UnityEntitlementLicense.xml
2024-06-25 11:35:11.336 - [ 18109] - [    11] - INFO  - [Unity.Licensing.Client.Services.EntitlementResolverProvider] Processing license /home/hackaroon/.config/unity3d/Unity/licenses/UnityEntitlementLicense.xml
2024-06-25 11:35:11.336 - [ 18109] - [    11] - INFO  - [Unity.Licensing.Client.Services.EntitlementResolverProvider] Processed 1 license files in 00:00:00.0000957
2024-06-25 11:35:11.336 - [ 18109] - [    11] - INFO  - [Unity.Licensing.Client.Communication.ApiPipeHandler#1] REQ-13 | Sending EntitlementGroupsDetailsResponse for request EntitlementGroupsDetailsRequest from Hub 3.8.0 (LocalIPC/1.15.4) [200]:  Success, found: 1 groups
2024-06-25 11:35:11.720 - [ 18109] - [OpenTelemetry-BatchExportProcessor-BigQueryExporter] - ERROR - [Unity.Licensing.Analytics.Exporters.BigQueryExporter] Network is unreachable (cdp.cloud.unity3d.com:443)
2024-06-25 11:35:34.392 - [ 18109] - [    11] - INFO  - [Unity.Licensing.Client.Communication.ApiPipeHandler#1] REQ-14 | Sending EntitlementsResponse for request EntitlementsRequest from Hub 3.8.0 (LocalIPC/1.15.4) [200]:  Found 1 entitlements
2024-06-25 11:35:34.396 - [ 18109] - [    11] - INFO  - [Unity.Licensing.Client.Communication.Controllers.AccessTokenController] Got access token (expires in 30758400 seconds)
2024-06-25 11:35:34.397 - [ 18109] - [    11] - INFO  - [Unity.Licensing.Client.Communication.ApiPipeHandler#1] REQ-15 | Sending AccessTokenResponse for request AccessTokenRequest from Hub 3.8.0 (LocalIPC/1.15.4) [200]:  (null)
2024-06-25 11:35:34.420 - [ 18109] - [    11] - INFO  - [Unity.Licensing.Client.Services.Helpers.LicenseFilesMapper] Successfully parsed license /home/hackaroon/.config/unity3d/Unity/licenses/UnityEntitlementLicense.xml
2024-06-25 11:35:34.420 - [ 18109] - [    11] - INFO  - [Unity.Licensing.Client.Services.EntitlementResolverProvider] Rebuilding resolvers from local files:  /home/hackaroon/.config/unity3d/Unity/licenses/UnityEntitlementLicense.xml
2024-06-25 11:35:34.420 - [ 18109] - [    11] - INFO  - [Unity.Licensing.Client.Services.EntitlementResolverProvider] Processing license /home/hackaroon/.config/unity3d/Unity/licenses/UnityEntitlementLicense.xml
2024-06-25 11:35:34.420 - [ 18109] - [    11] - INFO  - [Unity.Licensing.Client.Services.EntitlementResolverProvider] Processed 1 license files in 00:00:00.0001487
2024-06-25 11:35:34.427 - [ 18109] - [    11] - INFO  - [Unity.Licensing.Client.Services.Helpers.LicenseFilesMapper] Successfully parsed license /home/hackaroon/.config/unity3d/Unity/licenses/UnityEntitlementLicense.xml
2024-06-25 11:35:34.427 - [ 18109] - [    11] - INFO  - [Unity.Licensing.Client.Services.EntitlementResolverProvider] Rebuilding resolvers from local files:  /home/hackaroon/.config/unity3d/Unity/licenses/UnityEntitlementLicense.xml
2024-06-25 11:35:34.427 - [ 18109] - [    11] - INFO  - [Unity.Licensing.Client.Services.EntitlementResolverProvider] Processing license /home/hackaroon/.config/unity3d/Unity/licenses/UnityEntitlementLicense.xml
2024-06-25 11:35:34.428 - [ 18109] - [    11] - INFO  - [Unity.Licensing.Client.Services.EntitlementResolverProvider] Processed 1 license files in 00:00:00.0002457
2024-06-25 11:35:34.428 - [ 18109] - [    11] - INFO  - [Unity.Licensing.Client.Communication.ApiPipeHandler#1] REQ-16 | Sending EntitlementGroupsDetailsResponse for request EntitlementGroupsDetailsRequest from Hub 3.8.0 (LocalIPC/1.15.4) [200]:  Success, found: 1 groups
2024-06-25 11:35:36.728 - [ 18109] - [OpenTelemetry-BatchExportProcessor-BigQueryExporter] - ERROR - [Unity.Licensing.Analytics.Exporters.BigQueryExporter] Network is unreachable (cdp.cloud.unity3d.com:443)
2024-06-25 11:35:36.757 - [ 18109] - [    11] - INFO  - [Unity.Licensing.Client.Services.Licensing.GenesisLicensingService] Attempting to contact genesis update license api
2024-06-25 11:35:37.874 - [ 18109] - [    16] - INFO  - [Unity.Licensing.Client.Services.Licensing.GenesisLicensingService] Trying to write updated entitlement license file...
2024-06-25 11:35:37.876 - [ 18109] - [    16] - INFO  - [Unity.Licensing.Client.Services.Licensing.GenesisLicensingService] Successfully updated license file
2024-06-25 11:35:37.895 - [ 18109] - [    11] - INFO  - [Unity.Licensing.Client.Services.Helpers.LicenseFilesMapper] Successfully parsed license /home/hackaroon/.config/unity3d/Unity/licenses/UnityEntitlementLicense.xml
2024-06-25 11:35:37.896 - [ 18109] - [    11] - INFO  - [Unity.Licensing.Client.Services.EntitlementResolverProvider] Rebuilding resolvers from local files:  /home/hackaroon/.config/unity3d/Unity/licenses/UnityEntitlementLicense.xml
2024-06-25 11:35:37.896 - [ 18109] - [    11] - INFO  - [Unity.Licensing.Client.Services.EntitlementResolverProvider] Processing license /home/hackaroon/.config/unity3d/Unity/licenses/UnityEntitlementLicense.xml
2024-06-25 11:35:37.896 - [ 18109] - [    11] - INFO  - [Unity.Licensing.Client.Services.EntitlementResolverProvider] Processed 1 license files in 00:00:00.0002818
2024-06-25 11:35:37.898 - [ 18109] - [    16] - INFO  - [Unity.Licensing.Client.Services.EntitlementResolverProvider] OnLicenseDirUpdate
2024-06-25 11:35:37.904 - [ 18109] - [    11] - INFO  - [Unity.Licensing.Client.Services.LicenseOfflineValidityEndingPeriodicNotifierService] OnEntitlementResolverUpdated, will restart timer
2024-06-25 11:35:37.913 - [ 18109] - [    11] - INFO  - [Unity.Licensing.Client.Communication.ApiPipeHandler#1] REQ-17 | Sending ActivationManagementResponse for request ActivationManagementRequest from Hub 3.8.0 (LocalIPC/1.15.4) [207]:  Successfully processed activation management call
2024-06-25 11:35:37.921 - [ 18109] - [     6] - INFO  - [Unity.Licensing.Client.Services.LicenseOfflineValidityEndingPeriodicNotifierService] Will execute periodic notification again in 22.20:23:22.0828793
2024-06-25 11:35:37.923 - [ 18109] - [    11] - INFO  - [Unity.Licensing.Client.Services.Helpers.LicenseFilesMapper] Successfully parsed license /home/hackaroon/.config/unity3d/Unity/licenses/UnityEntitlementLicense.xml
2024-06-25 11:35:37.923 - [ 18109] - [    11] - INFO  - [Unity.Licensing.Client.Services.EntitlementResolverProvider] Rebuilding resolvers from local files:  /home/hackaroon/.config/unity3d/Unity/licenses/UnityEntitlementLicense.xml
2024-06-25 11:35:37.923 - [ 18109] - [    11] - INFO  - [Unity.Licensing.Client.Services.EntitlementResolverProvider] Processing license /home/hackaroon/.config/unity3d/Unity/licenses/UnityEntitlementLicense.xml
2024-06-25 11:35:37.924 - [ 18109] - [    11] - INFO  - [Unity.Licensing.Client.Services.EntitlementResolverProvider] Processed 1 license files in 00:00:00.0000869
2024-06-25 11:35:37.930 - [ 18109] - [    11] - INFO  - [Unity.Licensing.Client.Services.Helpers.LicenseFilesMapper] Successfully parsed license /home/hackaroon/.config/unity3d/Unity/licenses/UnityEntitlementLicense.xml
2024-06-25 11:35:37.930 - [ 18109] - [    11] - INFO  - [Unity.Licensing.Client.Services.EntitlementResolverProvider] Rebuilding resolvers from local files:  /home/hackaroon/.config/unity3d/Unity/licenses/UnityEntitlementLicense.xml
2024-06-25 11:35:37.930 - [ 18109] - [    11] - INFO  - [Unity.Licensing.Client.Services.EntitlementResolverProvider] Processing license /home/hackaroon/.config/unity3d/Unity/licenses/UnityEntitlementLicense.xml
2024-06-25 11:35:37.930 - [ 18109] - [    11] - INFO  - [Unity.Licensing.Client.Services.EntitlementResolverProvider] Processed 1 license files in 00:00:00.0000890
2024-06-25 11:35:37.931 - [ 18109] - [    11] - INFO  - [Unity.Licensing.Client.Communication.ApiPipeHandler#1] REQ-18 | Sending EntitlementGroupsDetailsResponse for request EntitlementGroupsDetailsRequest from Hub 3.8.0 (LocalIPC/1.15.4) [200]:  Success, found: 1 groups
2024-06-25 11:35:37.945 - [ 18109] - [    11] - INFO  - [Unity.Licensing.Client.Services.Helpers.LicenseFilesMapper] Successfully parsed license /home/hackaroon/.config/unity3d/Unity/licenses/UnityEntitlementLicense.xml
2024-06-25 11:35:37.945 - [ 18109] - [    11] - INFO  - [Unity.Licensing.Client.Services.EntitlementResolverProvider] Rebuilding resolvers from local files:  /home/hackaroon/.config/unity3d/Unity/licenses/UnityEntitlementLicense.xml
2024-06-25 11:35:37.945 - [ 18109] - [    11] - INFO  - [Unity.Licensing.Client.Services.EntitlementResolverProvider] Processing license /home/hackaroon/.config/unity3d/Unity/licenses/UnityEntitlementLicense.xml
2024-06-25 11:35:37.945 - [ 18109] - [    11] - INFO  - [Unity.Licensing.Client.Services.EntitlementResolverProvider] Processed 1 license files in 00:00:00.0000646
2024-06-25 11:35:37.950 - [ 18109] - [    11] - INFO  - [Unity.Licensing.Client.Services.Helpers.LicenseFilesMapper] Successfully parsed license /home/hackaroon/.config/unity3d/Unity/licenses/UnityEntitlementLicense.xml
2024-06-25 11:35:37.950 - [ 18109] - [    11] - INFO  - [Unity.Licensing.Client.Services.EntitlementResolverProvider] Rebuilding resolvers from local files:  /home/hackaroon/.config/unity3d/Unity/licenses/UnityEntitlementLicense.xml
2024-06-25 11:35:37.950 - [ 18109] - [    11] - INFO  - [Unity.Licensing.Client.Services.EntitlementResolverProvider] Processing license /home/hackaroon/.config/unity3d/Unity/licenses/UnityEntitlementLicense.xml
2024-06-25 11:35:37.950 - [ 18109] - [    11] - INFO  - [Unity.Licensing.Client.Services.EntitlementResolverProvider] Processed 1 license files in 00:00:00.0000454
2024-06-25 11:35:37.950 - [ 18109] - [    11] - INFO  - [Unity.Licensing.Client.Communication.ApiPipeHandler#1] REQ-19 | Sending EntitlementGroupsDetailsResponse for request EntitlementGroupsDetailsRequest from Hub 3.8.0 (LocalIPC/1.15.4) [200]:  Success, found: 1 groups
2024-06-25 11:35:37.963 - [ 18109] - [    11] - INFO  - [Unity.Licensing.Client.Communication.ApiPipeHandler#1] REQ-20 | Sending EntitlementsResponse for request EntitlementsRequest from Hub 3.8.0 (LocalIPC/1.15.4) [200]:  Found 1 entitlements
2024-06-25 11:35:41.741 - [ 18109] - [OpenTelemetry-BatchExportProcessor-BigQueryExporter] - ERROR - [Unity.Licensing.Analytics.Exporters.BigQueryExporter] Network is unreachable (cdp.cloud.unity3d.com:443)
2024-06-25 11:35:44.005 - [ 18109] - [    11] - INFO  - [Unity.Licensing.Client.Services.Helpers.LicenseFilesMapper] Successfully parsed license /home/hackaroon/.config/unity3d/Unity/licenses/UnityEntitlementLicense.xml
2024-06-25 11:35:44.006 - [ 18109] - [    11] - INFO  - [Unity.Licensing.Client.Services.EntitlementResolverProvider] Rebuilding resolvers from local files:  /home/hackaroon/.config/unity3d/Unity/licenses/UnityEntitlementLicense.xml
2024-06-25 11:35:44.006 - [ 18109] - [    11] - INFO  - [Unity.Licensing.Client.Services.EntitlementResolverProvider] Processing license /home/hackaroon/.config/unity3d/Unity/licenses/UnityEntitlementLicense.xml
2024-06-25 11:35:44.006 - [ 18109] - [    11] - INFO  - [Unity.Licensing.Client.Services.EntitlementResolverProvider] Processed 1 license files in 00:00:00.0001023
2024-06-25 11:35:44.012 - [ 18109] - [    11] - INFO  - [Unity.Licensing.Client.Services.Helpers.LicenseFilesMapper] Successfully parsed license /home/hackaroon/.config/unity3d/Unity/licenses/UnityEntitlementLicense.xml
2024-06-25 11:35:44.013 - [ 18109] - [    11] - INFO  - [Unity.Licensing.Client.Services.EntitlementResolverProvider] Rebuilding resolvers from local files:  /home/hackaroon/.config/unity3d/Unity/licenses/UnityEntitlementLicense.xml
2024-06-25 11:35:44.013 - [ 18109] - [    11] - INFO  - [Unity.Licensing.Client.Services.EntitlementResolverProvider] Processing license /home/hackaroon/.config/unity3d/Unity/licenses/UnityEntitlementLicense.xml
2024-06-25 11:35:44.013 - [ 18109] - [    11] - INFO  - [Unity.Licensing.Client.Services.EntitlementResolverProvider] Processed 1 license files in 00:00:00.0000751
2024-06-25 11:35:44.013 - [ 18109] - [    11] - INFO  - [Unity.Licensing.Client.Communication.ApiPipeHandler#1] REQ-21 | Sending EntitlementGroupsDetailsResponse for request EntitlementGroupsDetailsRequest from Hub 3.8.0 (LocalIPC/1.15.4) [200]:  Success, found: 1 groups
2024-06-25 11:35:44.025 - [ 18109] - [    11] - INFO  - [Unity.Licensing.Client.Communication.ApiPipeHandler#1] REQ-22 | Sending EntitlementsResponse for request EntitlementsRequest from Hub 3.8.0 (LocalIPC/1.15.4) [200]:  Found 1 entitlements
2024-06-25 11:35:46.753 - [ 18109] - [OpenTelemetry-BatchExportProcessor-BigQueryExporter] - ERROR - [Unity.Licensing.Analytics.Exporters.BigQueryExporter] Network is unreachable (cdp.cloud.unity3d.com:443)
2024-06-25 11:36:02.201 - [ 18109] - [    11] - INFO  - [Unity.Licensing.Client.Communication.ApiPipeHandler#1] REQ-23 | Sending EntitlementsResponse for request EntitlementsRequest from Hub 3.8.0 (LocalIPC/1.15.4) [200]:  Found 1 entitlements
2024-06-25 11:36:06.761 - [ 18109] - [OpenTelemetry-BatchExportProcessor-BigQueryExporter] - ERROR - [Unity.Licensing.Analytics.Exporters.BigQueryExporter] Network is unreachable (cdp.cloud.unity3d.com:443)
2024-06-25 12:11:29.196 - [ 18109] - [    11] - INFO  - [Unity.Licensing.Client.Communication.ApiPipeHandler#1] REQ-24 | Sending EntitlementsResponse for request EntitlementsRequest from Hub 3.8.0 (LocalIPC/1.15.4) [200]:  Found 1 entitlements
2024-06-25 12:11:29.219 - [ 18109] - [    11] - INFO  - [Unity.Licensing.Client.Communication.ApiPipeHandler#1] REQ-25 | Sending EntitlementsResponse for request EntitlementsRequest from Hub 3.8.0 (LocalIPC/1.15.4) [200]:  Found 1 entitlements
2024-06-25 12:11:29.500 - [ 18109] - [.NET Long Running Task] - INFO  - [Unity.Licensing.Client.MultiClientPipeServer] Waiting for a connection (pipe #3)
2024-06-25 12:11:29.504 - [ 18109] - [     3] - INFO  - [Unity.Licensing.Client.Communication.ApiPipeHandler#2] new pipe session: d84f44195e164f87b15f5d50bb74f5a3
2024-06-25 12:11:29.504 - [ 18109] - [     3] - INFO  - [Unity.Licensing.Client.MultiClientPipeServer] A new client is connecting (pipe #2)
2024-06-25 12:11:29.505 - [ 18109] - [     3] - INFO  - [Unity.Licensing.Client.Communication.ApiPipeHandler#2] Start accepting requests
2024-06-25 12:11:29.510 - [ 18109] - [     3] - INFO  - [Unity.Licensing.Client.Communication.Controllers.HandshakeController] Received handshake from: UnityEditor/6000.0.7f1 (Linux; U; Linux 6.0; en_US) (LocalIPC/1.15.4)
2024-06-25 12:11:29.517 - [ 18109] - [     3] - INFO  - [Unity.Licensing.Client.Communication.ApiPipeHandler#2] REQ-1 | Sending HandshakeResponse for request HandshakeRequest from UnityEditor/6000.0.7f1 (Linux; U; Linux 6.0; en_US) (LocalIPC/1.15.4) [200]:  Handshake successful
2024-06-25 12:11:29.519 - [ 18109] - [.NET Long Running Task] - INFO  - [Unity.Licensing.Client.Communication.Notifications.NotificationsPipeServer] Waiting for a connection (pipe #3)
2024-06-25 12:11:29.519 - [ 18109] - [     8] - INFO  - [Unity.Licensing.Client.Communication.Notifications.NotificationsPipeServer] A new client is connecting (pipe #2)
2024-06-25 12:11:29.539 - [ 18109] - [     3] - INFO  - [Unity.Licensing.Client.Communication.Controllers.AccessTokenController] Got access token (expires in 31535999 seconds)
2024-06-25 12:11:29.539 - [ 18109] - [     3] - INFO  - [Unity.Licensing.Client.Communication.ApiPipeHandler#2] REQ-2 | Sending AccessTokenResponse for request AccessTokenRequest from UnityEditor/6000.0.7f1 (Linux; U; Linux 6.0; en_US) (LocalIPC/1.15.4) [200]:  (null)
2024-06-25 12:11:29.556 - [ 18109] - [     3] - INFO  - [Unity.Licensing.Client.Services.Licensing.GenesisLicensingService] Attempting to contact genesis update license api
2024-06-25 12:11:31.123 - [ 18109] - [    27] - INFO  - [Unity.Licensing.Client.Services.Licensing.GenesisLicensingService] Trying to write updated entitlement license file...
2024-06-25 12:11:31.139 - [ 18109] - [    27] - INFO  - [Unity.Licensing.Client.Services.Licensing.GenesisLicensingService] Successfully updated license file
2024-06-25 12:11:31.140 - [ 18109] - [     8] - INFO  - [Unity.Licensing.Client.Services.EntitlementResolverProvider] OnLicenseDirUpdate
2024-06-25 12:11:31.140 - [ 18109] - [     8] - INFO  - [Unity.Licensing.Client.Services.EntitlementResolverProvider] License file change detected. Reloading the resolver
2024-06-25 12:11:31.145 - [ 18109] - [     3] - INFO  - [Unity.Licensing.Client.Services.Helpers.LicenseFilesMapper] Successfully parsed license /home/hackaroon/.config/unity3d/Unity/licenses/UnityEntitlementLicense.xml
2024-06-25 12:11:31.145 - [ 18109] - [     3] - INFO  - [Unity.Licensing.Client.Services.EntitlementResolverProvider] Rebuilding resolvers from local files:  /home/hackaroon/.config/unity3d/Unity/licenses/UnityEntitlementLicense.xml
2024-06-25 12:11:31.146 - [ 18109] - [     3] - INFO  - [Unity.Licensing.Client.Services.EntitlementResolverProvider] Processing license /home/hackaroon/.config/unity3d/Unity/licenses/UnityEntitlementLicense.xml
2024-06-25 12:11:31.146 - [ 18109] - [     3] - INFO  - [Unity.Licensing.Client.Services.EntitlementResolverProvider] Processed 1 license files in 00:00:00.0000740
2024-06-25 12:11:31.146 - [ 18109] - [     3] - INFO  - [Unity.Licensing.Client.Services.LicenseOfflineValidityEndingPeriodicNotifierService] OnEntitlementResolverUpdated, will restart timer
2024-06-25 12:11:31.146 - [ 18109] - [     3] - ERROR - [Unity.Licensing.Client.Communication.Controllers.UpdateLicenseController] ulf update failed. Details: No ULF license found.
2024-06-25 12:11:31.146 - [ 18109] - [    27] - INFO  - [Unity.Licensing.Client.Services.LicenseOfflineValidityEndingPeriodicNotifierService] Will execute periodic notification again in 22.19:47:28.8532983
2024-06-25 12:11:31.147 - [ 18109] - [     3] - INFO  - [Unity.Licensing.Client.Communication.ApiPipeHandler#2] REQ-3 | Sending UpdateLicenseResponse for request UpdateLicenseRequest from UnityEditor/6000.0.7f1 (Linux; U; Linux 6.0; en_US) (LocalIPC/1.15.4) [200]:  Licenses updated.
2024-06-25 12:11:31.158 - [ 18109] - [     3] - INFO  - [Unity.Licensing.Client.Communication.ApiPipeHandler#2] REQ-4 | Sending EntitlementsResponse for request EntitlementsRequest from UnityEditor/6000.0.7f1 (Linux; U; Linux 6.0; en_US) (LocalIPC/1.15.4) [200]:  Found 1 entitlements
2024-06-25 12:11:31.827 - [ 18109] - [OpenTelemetry-BatchExportProcessor-BigQueryExporter] - ERROR - [Unity.Licensing.Analytics.Exporters.BigQueryExporter] Network is unreachable (cdp.cloud.unity3d.com:443)
2024-06-25 12:11:33.110 - [ 18109] - [     3] - INFO  - [Unity.Licensing.Client.Communication.ApiPipeHandler#2] REQ-5 | Sending EntitlementsResponse for request EntitlementsRequest from UnityEditor/6000.0.7f1 (Linux; U; Linux 6.0; en_US) (LocalIPC/1.15.4) [200]:  Found 1 entitlements
2024-06-25 12:11:36.837 - [ 18109] - [OpenTelemetry-BatchExportProcessor-BigQueryExporter] - ERROR - [Unity.Licensing.Analytics.Exporters.BigQueryExporter] Network is unreachable (cdp.cloud.unity3d.com:443)
2024-06-25 12:12:05.917 - [ 18109] - [     3] - INFO  - [Unity.Licensing.Client.Communication.Controllers.EntitlementDetailsController] Finished handling EntitlementDetails request
2024-06-25 12:12:05.918 - [ 18109] - [     3] - INFO  - [Unity.Licensing.Client.Communication.ApiPipeHandler#2] REQ-6 | Sending EntitlementDetailsResponse for request EntitlementDetailsRequest from UnityEditor/6000.0.7f1 (Linux; U; Linux 6.0; en_US) (LocalIPC/1.15.4) [200]:  Found 0 entitlement groups and 55 free entitlements matching requested entitlement ids
2024-06-25 12:12:06.647 - [ 18109] - [     3] - INFO  - [Unity.Licensing.Client.Communication.ApiPipeHandler#2] REQ-7 | Sending EntitlementsResponse for request EntitlementsRequest from UnityEditor/6000.0.7f1 (Linux; U; Linux 6.0; en_US) (LocalIPC/1.15.4) [200]:  Found 1 entitlements
2024-06-25 12:12:06.849 - [ 18109] - [OpenTelemetry-BatchExportProcessor-BigQueryExporter] - ERROR - [Unity.Licensing.Analytics.Exporters.BigQueryExporter] Network is unreachable (cdp.cloud.unity3d.com:443)
2024-06-25 12:16:49.655 - [ 18109] - [     3] - INFO  - [Unity.Licensing.Client.Communication.Controllers.EntitlementDetailsController] Finished handling EntitlementDetails request
2024-06-25 12:16:49.656 - [ 18109] - [     3] - INFO  - [Unity.Licensing.Client.Communication.ApiPipeHandler#2] REQ-8 | Sending EntitlementDetailsResponse for request EntitlementDetailsRequest from UnityEditor/6000.0.7f1 (Linux; U; Linux 6.0; en_US) (LocalIPC/1.15.4) [200]:  Found 0 entitlement groups and 1 free entitlements matching requested entitlement ids
2024-06-25 12:16:50.500 - [ 18109] - [     3] - INFO  - [Unity.Licensing.Client.Communication.ApiPipeHandler#2] REQ-9 | Sending EntitlementsResponse for request EntitlementsRequest from UnityEditor/6000.0.7f1 (Linux; U; Linux 6.0; en_US) (LocalIPC/1.15.4) [200]:  Found 1 entitlements
2024-06-25 12:16:51.701 - [ 18109] - [     3] - INFO  - [Unity.Licensing.Client.Communication.Controllers.EntitlementDetailsController] Finished handling EntitlementDetails request
2024-06-25 12:16:51.702 - [ 18109] - [     3] - INFO  - [Unity.Licensing.Client.Communication.ApiPipeHandler#2] REQ-10 | Sending EntitlementDetailsResponse for request EntitlementDetailsRequest from UnityEditor/6000.0.7f1 (Linux; U; Linux 6.0; en_US) (LocalIPC/1.15.4) [200]:  Found 0 entitlement groups and 58 free entitlements matching requested entitlement ids
2024-06-25 12:16:51.865 - [ 18109] - [OpenTelemetry-BatchExportProcessor-BigQueryExporter] - ERROR - [Unity.Licensing.Analytics.Exporters.BigQueryExporter] Network is unreachable (cdp.cloud.unity3d.com:443)
2024-06-25 12:18:26.285 - [ 18109] - [     3] - INFO  - [Unity.Licensing.Client.Communication.ApiPipeHandler#2] REQ-11 | Sending EntitlementsResponse for request EntitlementsRequest from UnityEditor/6000.0.7f1 (Linux; U; Linux 6.0; en_US) (LocalIPC/1.15.4) [200]:  Found 1 entitlements
2024-06-25 12:18:26.882 - [ 18109] - [OpenTelemetry-BatchExportProcessor-BigQueryExporter] - ERROR - [Unity.Licensing.Analytics.Exporters.BigQueryExporter] Network is unreachable (cdp.cloud.unity3d.com:443)
2024-06-25 12:18:27.328 - [ 18109] - [     3] - INFO  - [Unity.Licensing.Client.Communication.ApiPipeHandler#2] REQ-12 | Sending EntitlementsResponse for request EntitlementsRequest from UnityEditor/6000.0.7f1 (Linux; U; Linux 6.0; en_US) (LocalIPC/1.15.4) [200]:  Found 1 entitlements
2024-06-25 12:18:30.321 - [ 18109] - [     3] - INFO  - [Unity.Licensing.Client.Communication.ApiPipeHandler#2] REQ-13 | Sending EntitlementsResponse for request EntitlementsRequest from UnityEditor/6000.0.7f1 (Linux; U; Linux 6.0; en_US) (LocalIPC/1.15.4) [200]:  Found 1 entitlements
2024-06-25 12:18:31.890 - [ 18109] - [OpenTelemetry-BatchExportProcessor-BigQueryExporter] - ERROR - [Unity.Licensing.Analytics.Exporters.BigQueryExporter] Network is unreachable (cdp.cloud.unity3d.com:443)
2024-06-25 12:18:33.821 - [ 18109] - [     3] - INFO  - [Unity.Licensing.Client.Communication.Controllers.EntitlementDetailsController] Finished handling EntitlementDetails request
2024-06-25 12:18:33.821 - [ 18109] - [     3] - INFO  - [Unity.Licensing.Client.Communication.ApiPipeHandler#2] REQ-14 | Sending EntitlementDetailsResponse for request EntitlementDetailsRequest from UnityEditor/6000.0.7f1 (Linux; U; Linux 6.0; en_US) (LocalIPC/1.15.4) [200]:  Found 0 entitlement groups and 58 free entitlements matching requested entitlement ids
2024-06-25 12:18:36.899 - [ 18109] - [OpenTelemetry-BatchExportProcessor-BigQueryExporter] - ERROR - [Unity.Licensing.Analytics.Exporters.BigQueryExporter] Network is unreachable (cdp.cloud.unity3d.com:443)
2024-06-25 12:19:16.354 - [ 18109] - [     3] - INFO  - [Unity.Licensing.Client.Communication.Controllers.AccessTokenController] Got access token (expires in 31535999 seconds)
2024-06-25 12:19:16.356 - [ 18109] - [     3] - INFO  - [Unity.Licensing.Client.Communication.ApiPipeHandler#2] REQ-15 | Sending AccessTokenResponse for request AccessTokenRequest from UnityEditor/6000.0.7f1 (Linux; U; Linux 6.0; en_US) (LocalIPC/1.15.4) [200]:  (null)
2024-06-25 12:19:16.908 - [ 18109] - [OpenTelemetry-BatchExportProcessor-BigQueryExporter] - ERROR - [Unity.Licensing.Analytics.Exporters.BigQueryExporter] Network is unreachable (cdp.cloud.unity3d.com:443)
2024-06-25 12:19:18.348 - [ 18109] - [     3] - INFO  - [Unity.Licensing.Client.Communication.Controllers.AccessTokenController] Got access token (expires in 31535999 seconds)
2024-06-25 12:19:18.348 - [ 18109] - [     3] - INFO  - [Unity.Licensing.Client.Communication.ApiPipeHandler#2] REQ-16 | Sending AccessTokenResponse for request AccessTokenRequest from UnityEditor/6000.0.7f1 (Linux; U; Linux 6.0; en_US) (LocalIPC/1.15.4) [200]:  (null)
2024-06-25 12:19:21.914 - [ 18109] - [OpenTelemetry-BatchExportProcessor-BigQueryExporter] - ERROR - [Unity.Licensing.Analytics.Exporters.BigQueryExporter] Network is unreachable (cdp.cloud.unity3d.com:443)
2024-06-25 12:19:54.232 - [ 18109] - [     3] - INFO  - [Unity.Licensing.Client.Communication.ApiPipeHandler#2] REQ-17 | Sending EntitlementsResponse for request EntitlementsRequest from UnityEditor/6000.0.7f1 (Linux; U; Linux 6.0; en_US) (LocalIPC/1.15.4) [200]:  Found 1 entitlements
2024-06-25 12:19:56.921 - [ 18109] - [OpenTelemetry-BatchExportProcessor-BigQueryExporter] - ERROR - [Unity.Licensing.Analytics.Exporters.BigQueryExporter] Network is unreachable (cdp.cloud.unity3d.com:443)
2024-06-25 12:29:29.320 - [ 18109] - [    33] - INFO  - [Unity.Licensing.Client.Communication.Notifications.NotificationsPipeServer] Connection closed (pipe #2)
2024-06-25 12:29:29.324 - [ 18109] - [     3] - INFO  - [Unity.Licensing.Client.Communication.ApiPipeHandler#2] Detected client disconnect
2024-06-25 12:29:29.324 - [ 18109] - [     3] - INFO  - [Unity.Licensing.Client.Communication.ApiPipeHandler#2] End accepting requests
2024-06-25 12:29:29.324 - [ 18109] - [     3] - INFO  - [Unity.Licensing.Client.MultiClientPipeServer] Connection closed (pipe #2)
2024-06-25 12:29:29.328 - [ 18109] - [     3] - INFO  - [Unity.Licensing.Client.Communication.ApiPipeHandler#2] Disposing named pipe
2024-06-25 12:29:29.336 - [ 18109] - [     3] - INFO  - [Unity.Licensing.Client.Communication.ApiPipeHandler#2] Disposing named pipe
2024-06-25 12:29:31.944 - [ 18109] - [OpenTelemetry-BatchExportProcessor-BigQueryExporter] - ERROR - [Unity.Licensing.Analytics.Exporters.BigQueryExporter] Network is unreachable (cdp.cloud.unity3d.com:443)
2024-06-25 12:35:02.202 - [ 18109] - [     3] - INFO  - [Unity.Licensing.Client.Configuration.ClientConfigurationLoader] Downloaded remote config from: "https://public-cdn.cloud.unity3d.com/config/production"
2024-06-25 12:35:02.207 - [ 18109] - [     3] - INFO  - [Unity.Licensing.Client.Configuration.ClientConfigurationLoader] Unity remote config is updated: "/home/hackaroon/.config/unity3d/Unity/config/production.json"
2024-06-25 12:35:06.963 - [ 18109] - [OpenTelemetry-BatchExportProcessor-BigQueryExporter] - ERROR - [Unity.Licensing.Analytics.Exporters.BigQueryExporter] Network is unreachable (cdp.cloud.unity3d.com:443)
